[0.010s] Invoking command in '/home/fwd/ros2_ws/src/F450_description/build/F450_description': /usr/bin/cmake /home/fwd/ros2_ws/src/F450_description -DCMAKE_INSTALL_PREFIX=/home/fwd/ros2_ws/src/F450_description/install/F450_description
[0.142s] [0mBuilding F450_description as an `ament_cmake` project.[0m
[0.147s] -- Looking for gz-common5 -- found version 5.6.0
[0.148s] -- Searching for dependencies of gz-common5
[0.148s] -- Looking for gz-utils2 -- found version 2.2.0
[0.149s] -- Searching for dependencies of gz-utils2
[0.149s] -- Looking for dlfcn.h - found
[0.149s] -- Looking for libdl - found
[0.155s] -- Checking for module 'uuid'
[0.165s] --   Found uuid, version 2.37.2
[0.190s] -- Looking for gz-common5 - found
[0.190s] 
[0.191s] -- Looking for gz-rendering8 -- found version 8.2.0
[0.192s] -- Searching for dependencies of gz-rendering8
[0.192s] -- Looking for gz-math7 -- found version 7.5.1
[0.192s] -- Searching for dependencies of gz-math7
[0.193s] -- Looking for gz-utils2 -- found version 2.2.0
[0.193s] -- Searching for <gz-math7> component [eigen3]
[0.194s] -- Looking for gz-math7-eigen3 -- found version 7.5.1
[0.194s] -- Searching for dependencies of gz-math7-eigen3
[0.196s] -- Looking for gz-common5 -- found version 5.6.0
[0.196s] -- Searching for dependencies of gz-common5
[0.196s] -- Looking for gz-utils2 -- found version 2.2.0
[0.197s] -- Looking for dlfcn.h - found
[0.197s] -- Looking for libdl - found
[0.203s] -- Searching for <gz-common5> component [graphics]
[0.204s] -- Looking for gz-common5-graphics -- found version 5.6.0
[0.204s] -- Searching for dependencies of gz-common5-graphics
[0.205s] -- Looking for gz-math7 -- found version 7.5.1
[0.208s] -- Searching for <gz-common5> component [events]
[0.209s] -- Looking for gz-common5-events -- found version 5.6.0
[0.209s] -- Searching for dependencies of gz-common5-events
[0.209s] -- Looking for gz-math7 -- found version 7.5.1
[0.210s] -- Searching for <gz-common5> component [geospatial]
[0.210s] -- Looking for gz-common5-geospatial -- found version 5.6.0
[0.211s] -- Searching for dependencies of gz-common5-geospatial
[0.211s] -- Looking for gz-math7 -- found version 7.5.1
[0.211s] -- Looking for gz-common5 -- found version 5.6.0
[0.213s] -- Looking for gz-plugin2 -- found version 2.0.3
[0.213s] -- Searching for dependencies of gz-plugin2
[0.213s] -- Looking for gz-utils2 -- found version 2.2.0
[0.214s] -- Searching for dependencies of gz-utils2
[0.214s] -- Searching for <gz-utils2> component [cli]
[0.214s] -- Looking for gz-utils2-cli -- found version 2.2.0
[0.214s] -- Searching for dependencies of gz-utils2-cli
[0.215s] -- Searching for <gz-plugin2> component [all]
[0.215s] -- Looking for all libraries of gz-plugin2 -- found version 2.0.3
[0.216s] -- Looking for gz-plugin2 -- found version 2.0.3
[0.216s] -- Looking for gz-plugin2-loader -- found version 2.0.3
[0.217s] -- Searching for dependencies of gz-plugin2-loader
[0.217s] -- Looking for gz-plugin2-register -- found version 2.0.3
[0.218s] -- Searching for dependencies of gz-plugin2-register
[0.219s] -- Looking for gz-utils2 -- found version 2.2.0
[0.221s] -- Looking for gz-rendering8 - found
[0.221s] 
[0.224s] -- Looking for gz-sim8 -- found version 8.6.0
[0.224s] -- Searching for dependencies of gz-sim8
[0.227s] -- Looking for sdformat14 -- found version 14.5.0
[0.227s] -- Searching for dependencies of sdformat14
[0.232s] -- Checking for module 'tinyxml2'
[0.242s] --   Found tinyxml2, version 9.0.0
[0.267s] -- Looking for gz-math7 -- found version 7.5.1
[0.267s] -- Looking for gz-utils2 -- found version 2.2.0
[0.268s] -- Looking for gz-plugin2 -- found version 2.0.3
[0.271s] -- Looking for gz-transport13 -- found version 13.4.0
[0.271s] -- Searching for dependencies of gz-transport13
[0.290s] -- Found Protobuf: /usr/lib/x86_64-linux-gnu/libprotobuf.so (found version "3.12.4") 
[0.302s] -- Config-file not installed for ZeroMQ -- checking for pkg-config
[0.307s] -- Checking for module 'libzmq >= 4'
[0.318s] --   Found libzmq , version 4.3.4
[0.354s] -- Looking for gz-utils2 -- found version 2.2.0
[0.357s] -- Looking for gz-msgs10 -- found version 10.3.0
[0.358s] -- Searching for dependencies of gz-msgs10
[0.377s] -- Looking for gz-utils2 -- found version 2.2.0
[0.377s] -- Looking for gz-math7 -- found version 7.5.1
[0.436s] -- Searching for <gz-transport13> component [log]
[0.438s] -- Looking for gz-transport13-log -- found version 13.4.0
[0.439s] -- Searching for dependencies of gz-transport13-log
[0.440s] -- Searching for <gz-transport13> component [parameters]
[0.443s] -- Looking for gz-transport13-parameters -- found version 13.4.0
[0.444s] -- Searching for dependencies of gz-transport13-parameters
[0.445s] -- Looking for gz-msgs10 -- found version 10.3.0
[0.446s] -- Looking for gz-common5 -- found version 5.6.0
[0.446s] -- Searching for dependencies of gz-common5
[0.447s] -- Looking for gz-utils2 -- found version 2.2.0
[0.447s] -- Looking for dlfcn.h - found
[0.447s] -- Looking for libdl - found
[0.458s] -- Searching for <gz-common5> component [av]
[0.462s] -- Looking for gz-common5-av -- found version 5.6.0
[0.463s] -- Searching for dependencies of gz-common5-av
[0.470s] -- Checking for module 'libswscale'
[0.516s] --   Found libswscale, version 5.9.100
[0.615s] -- Found SWSCALE: TRUE  
[0.624s] -- Checking for module 'libavdevice >= 56.4.100'
[0.678s] --   Found libavdevice , version 58.13.100
[0.741s] -- Found AVDEVICE: TRUE (Required is at least version "56.4.100") 
[0.746s] -- Checking for module 'libavformat'
[0.757s] --   Found libavformat, version 58.76.100
[0.785s] -- Found AVFORMAT: TRUE  
[0.789s] -- Checking for module 'libavcodec'
[0.800s] --   Found libavcodec, version 58.134.100
[0.830s] -- Found AVCODEC: TRUE  
[0.835s] -- Checking for module 'libavutil'
[0.845s] --   Found libavutil, version 56.70.100
[0.873s] -- Found AVUTIL: TRUE  
[0.873s] -- Searching for <gz-common5> component [events]
[0.874s] -- Searching for <gz-common5> component [graphics]
[0.874s] -- Searching for <gz-common5> component [io]
[0.876s] -- Looking for gz-common5-io -- found version 5.6.0
[0.877s] -- Searching for dependencies of gz-common5-io
[0.877s] -- Searching for <gz-common5> component [profiler]
[0.880s] -- Looking for gz-common5-profiler -- found version 5.6.0
[0.880s] -- Searching for dependencies of gz-common5-profiler
[0.883s] -- Looking for gz-fuel_tools9 -- found version 9.1.0
[0.884s] -- Searching for dependencies of gz-fuel_tools9
[0.926s] -- Checking for module 'jsoncpp'
[0.937s] --   Found jsoncpp, version 1.9.5
[0.969s] -- Checking for module 'libzip'
[0.979s] --   Found libzip, version 1.7.3
[1.007s] -- Looking for gz-utils2 -- found version 2.2.0
[1.007s] -- Looking for gz-common5 -- found version 5.6.0
[1.008s] -- Searching for dependencies of gz-common5
[1.008s] -- Looking for gz-utils2 -- found version 2.2.0
[1.009s] -- Looking for dlfcn.h - found
[1.009s] -- Looking for libdl - found
[1.016s] -- Searching for <gz-common5> component [testing]
[1.019s] -- Looking for gz-common5-testing -- found version 5.6.0
[1.019s] -- Searching for dependencies of gz-common5-testing
[1.020s] -- Looking for gz-math7 -- found version 7.5.1
[1.021s] -- Looking for gz-msgs10 -- found version 10.3.0
[1.024s] -- Looking for gz-gui8 -- found version 8.3.0
[1.024s] -- Searching for dependencies of gz-gui8
[1.049s] -- Looking for gz-utils2 -- found version 2.2.0
[1.049s] -- Looking for gz-math7 -- found version 7.5.1
[1.049s] -- Looking for gz-common5 -- found version 5.6.0
[1.050s] -- Looking for gz-plugin2 -- found version 2.0.3
[1.050s] -- Looking for gz-transport13 -- found version 13.4.0
[1.051s] -- Looking for gz-rendering8 -- found version 8.2.0
[1.051s] -- Looking for gz-msgs10 -- found version 10.3.0
[1.110s] -- Looking for gz-physics7 -- found version 7.3.0
[1.110s] -- Searching for dependencies of gz-physics7
[1.111s] -- Looking for gz-common5 -- found version 5.6.0
[1.111s] -- Looking for gz-math7 -- found version 7.5.1
[1.112s] -- Looking for gz-plugin2 -- found version 2.0.3
[1.112s] -- Looking for gz-utils2 -- found version 2.2.0
[1.113s] -- Searching for <gz-physics7> component [heightmap]
[1.116s] -- Looking for gz-physics7-heightmap -- found version 7.3.0
[1.116s] -- Searching for dependencies of gz-physics7-heightmap
[1.117s] -- Looking for gz-common5 -- found version 5.6.0
[1.117s] -- Searching for <gz-physics7> component [mesh]
[1.120s] -- Looking for gz-physics7-mesh -- found version 7.3.0
[1.120s] -- Searching for dependencies of gz-physics7-mesh
[1.120s] -- Looking for gz-common5 -- found version 5.6.0
[1.121s] -- Searching for <gz-physics7> component [sdf]
[1.123s] -- Looking for gz-physics7-sdf -- found version 7.3.0
[1.124s] -- Searching for dependencies of gz-physics7-sdf
[1.124s] -- Looking for sdformat14 -- found version 14.5.0
[1.127s] -- Looking for gz-sensors8 -- found version 8.2.0
[1.127s] -- Searching for dependencies of gz-sensors8
[1.148s] -- Looking for gz-math7 -- found version 7.5.1
[1.148s] -- Looking for gz-common5 -- found version 5.6.0
[1.148s] -- Looking for gz-transport13 -- found version 13.4.0
[1.148s] -- Looking for gz-rendering8 -- found version 8.2.0
[1.149s] -- Looking for gz-msgs10 -- found version 10.3.0
[1.149s] -- Looking for sdformat14 -- found version 14.5.0
[1.150s] -- Searching for <gz-sensors8> component [air_pressure]
[1.152s] -- Looking for gz-sensors8-air_pressure -- found version 8.2.0
[1.153s] -- Searching for dependencies of gz-sensors8-air_pressure
[1.153s] -- Searching for <gz-sensors8> component [air_speed]
[1.156s] -- Looking for gz-sensors8-air_speed -- found version 8.2.0
[1.156s] -- Searching for dependencies of gz-sensors8-air_speed
[1.157s] -- Searching for <gz-sensors8> component [altimeter]
[1.159s] -- Looking for gz-sensors8-altimeter -- found version 8.2.0
[1.159s] -- Searching for dependencies of gz-sensors8-altimeter
[1.160s] -- Searching for <gz-sensors8> component [imu]
[1.162s] -- Looking for gz-sensors8-imu -- found version 8.2.0
[1.163s] -- Searching for dependencies of gz-sensors8-imu
[1.163s] -- Searching for <gz-sensors8> component [force_torque]
[1.166s] -- Looking for gz-sensors8-force_torque -- found version 8.2.0
[1.166s] -- Searching for dependencies of gz-sensors8-force_torque
[1.166s] -- Searching for <gz-sensors8> component [logical_camera]
[1.169s] -- Looking for gz-sensors8-logical_camera -- found version 8.2.0
[1.169s] -- Searching for dependencies of gz-sensors8-logical_camera
[1.170s] -- Searching for <gz-sensors8> component [magnetometer]
[1.172s] -- Looking for gz-sensors8-magnetometer -- found version 8.2.0
[1.173s] -- Searching for dependencies of gz-sensors8-magnetometer
[1.173s] -- Searching for <gz-sensors8> component [navsat]
[1.176s] -- Looking for gz-sensors8-navsat -- found version 8.2.0
[1.176s] -- Searching for dependencies of gz-sensors8-navsat
[1.177s] -- Searching for <gz-sensors8> component [dvl]
[1.179s] -- Looking for gz-sensors8-dvl -- found version 8.2.0
[1.180s] -- Searching for dependencies of gz-sensors8-dvl
[1.180s] -- Looking for gz-sensors8 -- found version 8.2.0
[1.181s] -- Searching for dependencies of gz-sensors8
[1.200s] -- Looking for gz-math7 -- found version 7.5.1
[1.201s] -- Looking for gz-common5 -- found version 5.6.0
[1.201s] -- Looking for gz-transport13 -- found version 13.4.0
[1.202s] -- Looking for gz-rendering8 -- found version 8.2.0
[1.202s] -- Looking for gz-msgs10 -- found version 10.3.0
[1.203s] -- Looking for sdformat14 -- found version 14.5.0
[1.203s] -- Searching for <gz-sensors8> component [rendering]
[1.206s] -- Looking for gz-sensors8-rendering -- found version 8.2.0
[1.206s] -- Searching for dependencies of gz-sensors8-rendering
[1.207s] -- Searching for <gz-sensors8> component [rendering]
[1.208s] -- Searching for <gz-sensors8> component [lidar]
[1.211s] -- Looking for gz-sensors8-lidar -- found version 8.2.0
[1.211s] -- Searching for dependencies of gz-sensors8-lidar
[1.211s] -- Looking for gz-sensors8 -- found version 8.2.0
[1.212s] -- Searching for <gz-sensors8> component [gpu_lidar]
[1.215s] -- Looking for gz-sensors8-gpu_lidar -- found version 8.2.0
[1.215s] -- Searching for dependencies of gz-sensors8-gpu_lidar
[1.216s] -- Looking for gz-sensors8 -- found version 8.2.0
[1.216s] -- Searching for <gz-sensors8> component [camera]
[1.219s] -- Looking for gz-sensors8-camera -- found version 8.2.0
[1.219s] -- Searching for dependencies of gz-sensors8-camera
[1.220s] -- Looking for gz-sensors8 -- found version 8.2.0
[1.220s] -- Searching for <gz-sensors8> component [boundingbox_camera]
[1.223s] -- Looking for gz-sensors8-boundingbox_camera -- found version 8.2.0
[1.223s] -- Searching for dependencies of gz-sensors8-boundingbox_camera
[1.224s] -- Searching for <gz-sensors8> component [segmentation_camera]
[1.226s] -- Looking for gz-sensors8-segmentation_camera -- found version 8.2.0
[1.227s] -- Searching for dependencies of gz-sensors8-segmentation_camera
[1.227s] -- Searching for <gz-sensors8> component [depth_camera]
[1.230s] -- Looking for gz-sensors8-depth_camera -- found version 8.2.0
[1.230s] -- Searching for dependencies of gz-sensors8-depth_camera
[1.231s] -- Looking for gz-sensors8 -- found version 8.2.0
[1.231s] -- Searching for <gz-sensors8> component [rgbd_camera]
[1.234s] -- Looking for gz-sensors8-rgbd_camera -- found version 8.2.0
[1.234s] -- Searching for dependencies of gz-sensors8-rgbd_camera
[1.235s] -- Looking for gz-sensors8 -- found version 8.2.0
[1.235s] -- Searching for <gz-sensors8> component [thermal_camera]
[1.238s] -- Looking for gz-sensors8-thermal_camera -- found version 8.2.0
[1.239s] -- Searching for dependencies of gz-sensors8-thermal_camera
[1.239s] -- Looking for gz-sensors8 -- found version 8.2.0
[1.240s] -- Searching for <gz-sensors8> component [wide_angle_camera]
[1.242s] -- Looking for gz-sensors8-wide_angle_camera -- found version 8.2.0
[1.243s] -- Searching for dependencies of gz-sensors8-wide_angle_camera
[1.244s] -- Looking for gz-rendering8 -- found version 8.2.0
[1.244s] -- Looking for gz-math7 -- found version 7.5.1
[1.244s] -- Looking for gz-utils2 -- found version 2.2.0
[1.264s] -- Looking for gz-sim8 - found
[1.265s] 
[1.265s] -- Compiling against Gazebo Harmonic
[1.265s] -- RapidJSON found. Headers: /usr/include
[1.321s] WARNING: Package name "F450_description" does not follow the naming conventions. It should start with a lower case letter and only contain lower case letters, digits, underscores, and dashes.
[1.336s] -- Configuring done
[1.365s] -- Generating done
[1.367s] -- Build files have been written to: /home/fwd/ros2_ws/src/F450_description/build/F450_description
[1.376s] Invoked command in '/home/fwd/ros2_ws/src/F450_description/build/F450_description' returned '0': /usr/bin/cmake /home/fwd/ros2_ws/src/F450_description -DCMAKE_INSTALL_PREFIX=/home/fwd/ros2_ws/src/F450_description/install/F450_description
[1.378s] Invoking command in '/home/fwd/ros2_ws/src/F450_description/build/F450_description': /usr/bin/cmake --build /home/fwd/ros2_ws/src/F450_description/build/F450_description -- -j8 -l8
[1.428s] [ 10%] [32mBuilding CXX object CMakeFiles/CameraZoomPlugin.dir/src/CameraZoomPlugin.cc.o[0m
[1.428s] [ 20%] [32mBuilding CXX object CMakeFiles/ArduPilotPlugin.dir/src/SocketUDP.cc.o[0m
[1.430s] [ 40%] [32mBuilding CXX object CMakeFiles/ParachutePlugin.dir/src/ParachutePlugin.cc.o[0m
[1.430s] [ 40%] [32mBuilding CXX object CMakeFiles/ArduPilotPlugin.dir/src/ArduPilotPlugin.cc.o[0m
[1.431s] [ 50%] [32mBuilding CXX object CMakeFiles/ArduPilotPlugin.dir/src/Util.cc.o[0m
[1.431s] [ 60%] [32mBuilding CXX object CMakeFiles/GstCameraPlugin.dir/src/GstCameraPlugin.cc.o[0m
[9.228s] [ 70%] [32m[1mLinking CXX shared library libParachutePlugin.so[0m
[9.619s] [ 70%] Built target ParachutePlugin
[10.104s] [ 80%] [32m[1mLinking CXX shared library libCameraZoomPlugin.so[0m
[10.381s] [ 90%] [32m[1mLinking CXX shared library libArduPilotPlugin.so[0m
[10.559s] [ 90%] Built target CameraZoomPlugin
[10.851s] [ 90%] Built target ArduPilotPlugin
[11.046s] [100%] [32m[1mLinking CXX shared library libGstCameraPlugin.so[0m
[11.485s] [100%] Built target GstCameraPlugin
[11.497s] Invoked command in '/home/fwd/ros2_ws/src/F450_description/build/F450_description' returned '0': /usr/bin/cmake --build /home/fwd/ros2_ws/src/F450_description/build/F450_description -- -j8 -l8
[11.545s] Invoking command in '/home/fwd/ros2_ws/src/F450_description/build/F450_description': /usr/bin/cmake --install /home/fwd/ros2_ws/src/F450_description/build/F450_description
[11.552s] -- Install configuration: ""
[11.552s] -- Installing: /home/fwd/ros2_ws/src/F450_description/install/F450_description/lib/F450_description/libArduPilotPlugin.so
[11.557s] -- Installing: /home/fwd/ros2_ws/src/F450_description/install/F450_description/lib/F450_description/libParachutePlugin.so
[11.560s] -- Installing: /home/fwd/ros2_ws/src/F450_description/install/F450_description/lib/F450_description/libCameraZoomPlugin.so
[11.563s] -- Installing: /home/fwd/ros2_ws/src/F450_description/install/F450_description/lib/F450_description/libGstCameraPlugin.so
[11.565s] -- Installing: /home/fwd/ros2_ws/src/F450_description/install/F450_description/share/F450_description/config
[11.565s] -- Installing: /home/fwd/ros2_ws/src/F450_description/install/F450_description/share/F450_description/config/display.rviz
[11.566s] -- Installing: /home/fwd/ros2_ws/src/F450_description/install/F450_description/share/F450_description/models
[11.566s] -- Installing: /home/fwd/ros2_ws/src/F450_description/install/F450_description/share/F450_description/worlds
[11.566s] -- Installing: /home/fwd/ros2_ws/src/F450_description/install/F450_description/share/F450_description/worlds/custom_world.sdf
[11.566s] -- Installing: /home/fwd/ros2_ws/src/F450_description/install/F450_description/share/F450_description/environment/F450_description.dsv
[11.566s] -- Installing: /home/fwd/ros2_ws/src/F450_description/install/F450_description/share/F450_description/environment/F450_description.sh
[11.566s] -- Installing: /home/fwd/ros2_ws/src/F450_description/install/F450_description/share/ament_index/resource_index/package_run_dependencies/F450_description
[11.567s] -- Installing: /home/fwd/ros2_ws/src/F450_description/install/F450_description/share/ament_index/resource_index/parent_prefix_path/F450_description
[11.567s] -- Installing: /home/fwd/ros2_ws/src/F450_description/install/F450_description/share/F450_description/environment/ament_prefix_path.sh
[11.567s] -- Installing: /home/fwd/ros2_ws/src/F450_description/install/F450_description/share/F450_description/environment/ament_prefix_path.dsv
[11.568s] -- Installing: /home/fwd/ros2_ws/src/F450_description/install/F450_description/share/F450_description/environment/path.sh
[11.568s] -- Installing: /home/fwd/ros2_ws/src/F450_description/install/F450_description/share/F450_description/environment/path.dsv
[11.568s] -- Installing: /home/fwd/ros2_ws/src/F450_description/install/F450_description/share/F450_description/local_setup.bash
[11.568s] -- Installing: /home/fwd/ros2_ws/src/F450_description/install/F450_description/share/F450_description/local_setup.sh
[11.568s] -- Installing: /home/fwd/ros2_ws/src/F450_description/install/F450_description/share/F450_description/local_setup.zsh
[11.569s] -- Installing: /home/fwd/ros2_ws/src/F450_description/install/F450_description/share/F450_description/local_setup.dsv
[11.569s] -- Installing: /home/fwd/ros2_ws/src/F450_description/install/F450_description/share/F450_description/package.dsv
[11.569s] -- Installing: /home/fwd/ros2_ws/src/F450_description/install/F450_description/share/ament_index/resource_index/packages/F450_description
[11.569s] -- Installing: /home/fwd/ros2_ws/src/F450_description/install/F450_description/share/F450_description/cmake/F450_descriptionConfig.cmake
[11.570s] -- Installing: /home/fwd/ros2_ws/src/F450_description/install/F450_description/share/F450_description/cmake/F450_descriptionConfig-version.cmake
[11.570s] -- Installing: /home/fwd/ros2_ws/src/F450_description/install/F450_description/share/F450_description/package.xml
[11.573s] Invoked command in '/home/fwd/ros2_ws/src/F450_description/build/F450_description' returned '0': /usr/bin/cmake --install /home/fwd/ros2_ws/src/F450_description/build/F450_description
