[0.016s] Invoking command in '/home/fwd/ros2_ws/src/F450_description/build/F450_description': /usr/bin/cmake /home/fwd/ros2_ws/src/F450_description -DCMAKE_INSTALL_PREFIX=/home/fwd/ros2_ws/src/F450_description/install/F450_description
[0.227s] [0mBuilding F450_description as an `ament_cmake` project.[0m
[0.237s] [33mCMake Warning (dev) at /usr/share/cmake-3.22/Modules/FindPackageHandleStandardArgs.cmake:438 (message):
[0.237s]   The package name passed to `find_package_handle_standard_args` (PkgConfig)
[0.237s]   does not match the name of the calling package (gazebo).  This can lead to
[0.237s]   problems in calling code that expects `find_package` result variables
[0.238s]   (e.g., `_FOUND`) to follow a certain pattern.
[0.238s] Call Stack (most recent call first):
[0.238s]   /usr/share/cmake-3.22/Modules/FindPkgConfig.cmake:99 (find_package_handle_standard_args)
[0.238s]   /usr/lib/x86_64-linux-gnu/cmake/gazebo/gazebo-config.cmake:72 (include)
[0.238s]   CMakeLists.txt:177 (find_package)
[0.238s] This warning is for project developers.  Use -Wno-dev to suppress it.
[0.238s] [0m
[0.238s] -- Found PkgConfig: /usr/bin/pkg-config (found version "0.29.2") 
[0.244s] -- Checking for module 'bullet>=2.82'
[0.259s] --   Found bullet, version 3.05
[0.407s] -- Found fcl: /usr/include (found suitable version "0.7.0", minimum required is "0.5.0") 
[0.495s] -- Found assimp: /usr/include (found version "5.2.0") 
[0.534s] -- Found DART: /usr/include (Required is at least version "6.6") found components: dart 
[0.847s] -- Found Boost: /usr/lib/x86_64-linux-gnu/cmake/Boost-1.74.0/BoostConfig.cmake (found suitable version "1.74.0", minimum required is "1.40.0") found components: thread system filesystem program_options regex iostreams date_time 
[0.876s] -- Found Protobuf: /usr/lib/x86_64-linux-gnu/libprotobuf.so (found version "3.12.4") 
[0.887s] -- Looking for ignition-math6 -- found version 6.15.1
[0.900s] -- Searching for dependencies of ignition-math6
[0.903s] -- Looking for OGRE...
[0.904s] -- OGRE_PREFIX_WATCH changed.
[0.911s] -- Checking for module 'OGRE'
[0.929s] --   Found OGRE, version 1.9.0
[0.973s] -- Found Ogre Ghadamon (1.9.0)
[0.990s] -- Found OGRE: optimized;/usr/lib/x86_64-linux-gnu/libOgreMain.so;debug;/usr/lib/x86_64-linux-gnu/libOgreMain.so
[1.005s] -- Looking for OGRE_Paging...
[1.013s] -- Found OGRE_Paging: optimized;/usr/lib/x86_64-linux-gnu/libOgrePaging.so;debug;/usr/lib/x86_64-linux-gnu/libOgrePaging.so
[1.014s] -- Looking for OGRE_Terrain...
[1.022s] -- Found OGRE_Terrain: optimized;/usr/lib/x86_64-linux-gnu/libOgreTerrain.so;debug;/usr/lib/x86_64-linux-gnu/libOgreTerrain.so
[1.022s] -- Looking for OGRE_Property...
[1.030s] -- Found OGRE_Property: optimized;/usr/lib/x86_64-linux-gnu/libOgreProperty.so;debug;/usr/lib/x86_64-linux-gnu/libOgreProperty.so
[1.030s] -- Looking for OGRE_RTShaderSystem...
[1.038s] -- Found OGRE_RTShaderSystem: optimized;/usr/lib/x86_64-linux-gnu/libOgreRTShaderSystem.so;debug;/usr/lib/x86_64-linux-gnu/libOgreRTShaderSystem.so
[1.038s] -- Looking for OGRE_Volume...
[1.046s] -- Found OGRE_Volume: optimized;/usr/lib/x86_64-linux-gnu/libOgreVolume.so;debug;/usr/lib/x86_64-linux-gnu/libOgreVolume.so
[1.046s] -- Looking for OGRE_Overlay...
[1.054s] -- Found OGRE_Overlay: optimized;/usr/lib/x86_64-linux-gnu/libOgreOverlay.so;debug;/usr/lib/x86_64-linux-gnu/libOgreOverlay.so
[1.249s] -- Looking for ignition-math6 -- found version 6.15.1
[1.255s] -- Looking for ignition-transport8 -- found version 8.2.1
[1.256s] -- Searching for dependencies of ignition-transport8
[1.284s] -- Found Protobuf: /usr/lib/x86_64-linux-gnu/libprotobuf.so (found suitable version "3.12.4", minimum required is "3") 
[1.303s] -- Config-file not installed for ZeroMQ -- checking for pkg-config
[1.310s] -- Checking for module 'libzmq >= 4'
[1.330s] --   Found libzmq , version 4.3.4
[1.379s] -- Found ZeroMQ: TRUE (Required is at least version "4") 
[1.388s] -- Checking for module 'uuid'
[1.406s] --   Found uuid, version 2.37.2
[1.455s] -- Looking for ignition-msgs5 -- found version 5.8.1
[1.456s] -- Searching for dependencies of ignition-msgs5
[1.487s] -- Looking for ignition-math6 -- found version 6.15.1
[1.494s] -- Checking for module 'tinyxml2'
[1.512s] --   Found tinyxml2, version 9.0.0
[1.560s] -- Looking for ignition-msgs5 -- found version 5.8.1
[1.565s] -- Looking for ignition-common3 -- found version 3.14.0
[1.566s] -- Searching for dependencies of ignition-common3
[1.567s] -- Looking for dlfcn.h - found
[1.567s] -- Looking for libdl - found
[1.586s] -- Found tinyobjloader: /usr/lib/x86_64-linux-gnu/cmake/tinyobjloader/tinyobjloader-config.cmake (found version "2.0.0") 
[1.587s] -- Searching for <ignition-common3> component [graphics]
[1.591s] -- Looking for ignition-common3-graphics -- found version 3.14.0
[1.592s] -- Searching for dependencies of ignition-common3-graphics
[1.592s] -- Looking for ignition-math6 -- found version 6.15.1
[1.598s] -- Looking for ignition-fuel_tools4 -- found version 4.4.0
[1.599s] -- Searching for dependencies of ignition-fuel_tools4
[1.712s] -- Found CURL: /usr/lib/x86_64-linux-gnu/libcurl.so (found version "7.81.0")  
[1.727s] -- Checking for module 'jsoncpp'
[1.745s] --   Found jsoncpp, version 1.9.5
[1.789s] -- Found JSONCPP: TRUE  
[1.800s] -- Checking for module 'libzip'
[1.819s] --   Found libzip, version 1.7.3
[1.864s] -- Found ZIP: TRUE  
[1.865s] -- Looking for ignition-common3 -- found version 3.14.0
[1.865s] -- Looking for ignition-math6 -- found version 6.15.1
[1.866s] -- Looking for ignition-msgs5 -- found version 5.8.1
[1.891s] [31mCMake Error at CMakeLists.txt:180 (find_package):
[1.891s]   By not providing "Findgazebo_common.cmake" in CMAKE_MODULE_PATH this
[1.891s]   project has asked CMake to find a package configuration file provided by
[1.891s]   "gazebo_common", but CMake did not find one.
[1.892s] 
[1.892s]   Could not find a package configuration file provided by "gazebo_common"
[1.892s]   with any of the following names:
[1.892s] 
[1.892s]     gazebo_commonConfig.cmake
[1.892s]     gazebo_common-config.cmake
[1.892s] 
[1.892s]   Add the installation prefix of "gazebo_common" to CMAKE_PREFIX_PATH or set
[1.892s]   "gazebo_common_DIR" to a directory containing one of the above files.  If
[1.892s]   "gazebo_common" provides a separate development package or SDK, be sure it
[1.892s]   has been installed.
[1.892s] 
[1.892s] [0m
[1.893s] -- Configuring incomplete, errors occurred!
[1.893s] See also "/home/fwd/ros2_ws/src/F450_description/build/F450_description/CMakeFiles/CMakeOutput.log".
[1.901s] Invoked command in '/home/fwd/ros2_ws/src/F450_description/build/F450_description' returned '1': /usr/bin/cmake /home/fwd/ros2_ws/src/F450_description -DCMAKE_INSTALL_PREFIX=/home/fwd/ros2_ws/src/F450_description/install/F450_description
