[0.009s] Invoking command in '/home/fwd/ros2_ws/src/F450_description/build/F450_description': /usr/bin/cmake /home/fwd/ros2_ws/src/F450_description -DCMAKE_INSTALL_PREFIX=/home/fwd/ros2_ws/src/F450_description/install/F450_description
[0.118s] -- The C compiler identification is GNU 11.4.0
[0.187s] -- The CXX compiler identification is GNU 11.4.0
[0.196s] -- Detecting C compiler ABI info
[0.251s] -- Detecting C compiler ABI info - done
[0.260s] -- Check for working C compiler: /usr/lib/ccache/cc - skipped
[0.260s] -- Detecting C compile features
[0.261s] -- Detecting C compile features - done
[0.265s] -- Detecting CXX compiler ABI info
[0.328s] -- Detecting CXX compiler ABI info - done
[0.338s] -- Check for working CXX compiler: /usr/lib/ccache/c++ - skipped
[0.338s] -- Detecting CXX compile features
[0.339s] -- Detecting CXX compile features - done
[0.686s] -- Found Python3: /usr/bin/python3 (found version "3.10.12") found components: Interpreter 
[0.779s] [0mBuilding F450_description as an `ament_cmake` project.[0m
[0.789s] -- Looking for gz-common5 -- found version 5.6.0
[0.789s] -- Searching for dependencies of gz-common5
[0.792s] -- Looking for gz-utils2 -- found version 2.2.0
[0.792s] -- Searching for dependencies of gz-utils2
[0.793s] -- Looking for dlfcn.h - found
[0.800s] -- Looking for libdl - found
[0.802s] -- Found DL: TRUE  
[0.806s] -- Checking for module 'uuid'
[0.818s] --   Found uuid, version 2.37.2
[0.844s] -- Found UUID: TRUE  
[0.845s] -- Looking for gz-common5 - found
[0.845s] 
[0.848s] -- Looking for gz-rendering8 -- found version 8.2.0
[0.848s] -- Searching for dependencies of gz-rendering8
[0.851s] -- Looking for gz-math7 -- found version 7.5.1
[0.851s] -- Searching for dependencies of gz-math7
[0.851s] -- Looking for gz-utils2 -- found version 2.2.0
[0.852s] -- Searching for <gz-math7> component [eigen3]
[0.854s] -- Looking for gz-math7-eigen3 -- found version 7.5.1
[0.854s] -- Searching for dependencies of gz-math7-eigen3
[0.862s] -- Looking for gz-common5 -- found version 5.6.0
[0.863s] -- Searching for dependencies of gz-common5
[0.863s] -- Looking for gz-utils2 -- found version 2.2.0
[0.863s] -- Looking for dlfcn.h - found
[0.863s] -- Looking for libdl - found
[0.870s] -- Searching for <gz-common5> component [graphics]
[0.872s] -- Looking for gz-common5-graphics -- found version 5.6.0
[0.872s] -- Searching for dependencies of gz-common5-graphics
[0.873s] -- Looking for gz-math7 -- found version 7.5.1
[0.879s] -- Found GzAssimp: TRUE (found version "5.2.0") 
[0.879s] -- Searching for <gz-common5> component [events]
[0.882s] -- Looking for gz-common5-events -- found version 5.6.0
[0.882s] -- Searching for dependencies of gz-common5-events
[0.882s] -- Looking for gz-math7 -- found version 7.5.1
[0.883s] -- Searching for <gz-common5> component [geospatial]
[0.885s] -- Looking for gz-common5-geospatial -- found version 5.6.0
[0.886s] -- Searching for dependencies of gz-common5-geospatial
[0.886s] -- Looking for gz-math7 -- found version 7.5.1
[0.886s] -- Looking for gz-common5 -- found version 5.6.0
[0.889s] -- Looking for gz-plugin2 -- found version 2.0.3
[0.890s] -- Searching for dependencies of gz-plugin2
[0.890s] -- Looking for gz-utils2 -- found version 2.2.0
[0.890s] -- Searching for dependencies of gz-utils2
[0.890s] -- Searching for <gz-utils2> component [cli]
[0.893s] -- Looking for gz-utils2-cli -- found version 2.2.0
[0.893s] -- Searching for dependencies of gz-utils2-cli
[0.894s] -- Searching for <gz-plugin2> component [all]
[0.896s] -- Looking for all libraries of gz-plugin2 -- found version 2.0.3
[0.897s] -- Looking for gz-plugin2 -- found version 2.0.3
[0.899s] -- Looking for gz-plugin2-loader -- found version 2.0.3
[0.899s] -- Searching for dependencies of gz-plugin2-loader
[0.902s] -- Looking for gz-plugin2-register -- found version 2.0.3
[0.903s] -- Searching for dependencies of gz-plugin2-register
[0.904s] -- Looking for gz-utils2 -- found version 2.2.0
[0.908s] -- Found OpenGL: /usr/lib/x86_64-linux-gnu/libOpenGL.so  found components: OpenGL 
[0.909s] -- Looking for gz-rendering8 - found
[0.909s] 
[0.912s] -- Looking for gz-sim8 -- found version 8.6.0
[0.913s] -- Searching for dependencies of gz-sim8
[0.915s] -- Looking for sdformat14 -- found version 14.5.0
[0.916s] -- Searching for dependencies of sdformat14
[0.920s] -- Checking for module 'tinyxml2'
[0.932s] --   Found tinyxml2, version 9.0.0
[0.960s] -- Looking for gz-math7 -- found version 7.5.1
[0.960s] -- Looking for gz-utils2 -- found version 2.2.0
[0.961s] -- Looking for gz-plugin2 -- found version 2.0.3
[0.964s] -- Looking for gz-transport13 -- found version 13.4.0
[0.964s] -- Searching for dependencies of gz-transport13
[1.151s] -- Found Protobuf: /usr/lib/x86_64-linux-gnu/libprotobuf.so (found version "3.12.4") 
[1.163s] -- Config-file not installed for ZeroMQ -- checking for pkg-config
[1.168s] -- Checking for module 'libzmq >= 4'
[1.178s] --   Found libzmq , version 4.3.4
[1.209s] -- Found ZeroMQ: TRUE (Required is at least version "4") 
[1.216s] -- Looking for gz-utils2 -- found version 2.2.0
[1.219s] -- Looking for gz-msgs10 -- found version 10.3.0
[1.219s] -- Searching for dependencies of gz-msgs10
[1.239s] -- Looking for gz-utils2 -- found version 2.2.0
[1.240s] -- Looking for gz-math7 -- found version 7.5.1
[1.298s] -- Searching for <gz-transport13> component [log]
[1.301s] -- Looking for gz-transport13-log -- found version 13.4.0
[1.301s] -- Searching for dependencies of gz-transport13-log
[1.302s] -- Searching for <gz-transport13> component [parameters]
[1.304s] -- Looking for gz-transport13-parameters -- found version 13.4.0
[1.305s] -- Searching for dependencies of gz-transport13-parameters
[1.306s] -- Looking for gz-msgs10 -- found version 10.3.0
[1.306s] -- Looking for gz-common5 -- found version 5.6.0
[1.307s] -- Searching for dependencies of gz-common5
[1.308s] -- Looking for gz-utils2 -- found version 2.2.0
[1.308s] -- Looking for dlfcn.h - found
[1.308s] -- Looking for libdl - found
[1.316s] -- Searching for <gz-common5> component [av]
[1.318s] -- Looking for gz-common5-av -- found version 5.6.0
[1.319s] -- Searching for dependencies of gz-common5-av
[1.324s] -- Checking for module 'libswscale'
[1.335s] --   Found libswscale, version 5.9.100
[1.364s] -- Found SWSCALE: TRUE  
[1.369s] -- Checking for module 'libavdevice >= 56.4.100'
[1.380s] --   Found libavdevice , version 58.13.100
[1.412s] -- Found AVDEVICE: TRUE (Required is at least version "56.4.100") 
[1.417s] -- Checking for module 'libavformat'
[1.428s] --   Found libavformat, version 58.76.100
[1.457s] -- Found AVFORMAT: TRUE  
[1.462s] -- Checking for module 'libavcodec'
[1.473s] --   Found libavcodec, version 58.134.100
[1.502s] -- Found AVCODEC: TRUE  
[1.507s] -- Checking for module 'libavutil'
[1.519s] --   Found libavutil, version 56.70.100
[1.548s] -- Found AVUTIL: TRUE  
[1.548s] -- Searching for <gz-common5> component [events]
[1.549s] -- Searching for <gz-common5> component [graphics]
[1.549s] -- Searching for <gz-common5> component [io]
[1.552s] -- Looking for gz-common5-io -- found version 5.6.0
[1.552s] -- Searching for dependencies of gz-common5-io
[1.552s] -- Searching for <gz-common5> component [profiler]
[1.555s] -- Looking for gz-common5-profiler -- found version 5.6.0
[1.555s] -- Searching for dependencies of gz-common5-profiler
[1.558s] -- Looking for gz-fuel_tools9 -- found version 9.1.0
[1.558s] -- Searching for dependencies of gz-fuel_tools9
[1.631s] -- Found CURL: /usr/lib/x86_64-linux-gnu/libcurl.so (found version "7.81.0")  
[1.639s] -- Checking for module 'jsoncpp'
[1.651s] --   Found jsoncpp, version 1.9.5
[1.679s] -- Found JSONCPP: TRUE  
[1.686s] -- Checking for module 'libzip'
[1.696s] --   Found libzip, version 1.7.3
[1.727s] -- Found ZIP: TRUE  
[1.727s] -- Looking for gz-utils2 -- found version 2.2.0
[1.728s] -- Looking for gz-common5 -- found version 5.6.0
[1.728s] -- Searching for dependencies of gz-common5
[1.728s] -- Looking for gz-utils2 -- found version 2.2.0
[1.729s] -- Looking for dlfcn.h - found
[1.729s] -- Looking for libdl - found
[1.736s] -- Searching for <gz-common5> component [testing]
[1.739s] -- Looking for gz-common5-testing -- found version 5.6.0
[1.739s] -- Searching for dependencies of gz-common5-testing
[1.740s] -- Looking for gz-math7 -- found version 7.5.1
[1.741s] -- Looking for gz-msgs10 -- found version 10.3.0
[1.744s] -- Looking for gz-gui8 -- found version 8.3.0
[1.744s] -- Searching for dependencies of gz-gui8
[1.769s] -- Looking for gz-utils2 -- found version 2.2.0
[1.769s] -- Looking for gz-math7 -- found version 7.5.1
[1.769s] -- Looking for gz-common5 -- found version 5.6.0
[1.770s] -- Looking for gz-plugin2 -- found version 2.0.3
[1.770s] -- Looking for gz-transport13 -- found version 13.4.0
[1.770s] -- Looking for gz-rendering8 -- found version 8.2.0
[1.771s] -- Looking for gz-msgs10 -- found version 10.3.0
[1.792s] -- Looking for gz-physics7 -- found version 7.3.0
[1.792s] -- Searching for dependencies of gz-physics7
[1.792s] -- Looking for gz-common5 -- found version 5.6.0
[1.793s] -- Looking for gz-math7 -- found version 7.5.1
[1.793s] -- Looking for gz-plugin2 -- found version 2.0.3
[1.793s] -- Looking for gz-utils2 -- found version 2.2.0
[1.794s] -- Searching for <gz-physics7> component [heightmap]
[1.797s] -- Looking for gz-physics7-heightmap -- found version 7.3.0
[1.797s] -- Searching for dependencies of gz-physics7-heightmap
[1.798s] -- Looking for gz-common5 -- found version 5.6.0
[1.798s] -- Searching for <gz-physics7> component [mesh]
[1.800s] -- Looking for gz-physics7-mesh -- found version 7.3.0
[1.801s] -- Searching for dependencies of gz-physics7-mesh
[1.801s] -- Looking for gz-common5 -- found version 5.6.0
[1.801s] -- Searching for <gz-physics7> component [sdf]
[1.804s] -- Looking for gz-physics7-sdf -- found version 7.3.0
[1.804s] -- Searching for dependencies of gz-physics7-sdf
[1.805s] -- Looking for sdformat14 -- found version 14.5.0
[1.808s] -- Looking for gz-sensors8 -- found version 8.2.0
[1.808s] -- Searching for dependencies of gz-sensors8
[1.829s] -- Looking for gz-math7 -- found version 7.5.1
[1.829s] -- Looking for gz-common5 -- found version 5.6.0
[1.830s] -- Looking for gz-transport13 -- found version 13.4.0
[1.830s] -- Looking for gz-rendering8 -- found version 8.2.0
[1.831s] -- Looking for gz-msgs10 -- found version 10.3.0
[1.831s] -- Looking for sdformat14 -- found version 14.5.0
[1.832s] -- Searching for <gz-sensors8> component [air_pressure]
[1.834s] -- Looking for gz-sensors8-air_pressure -- found version 8.2.0
[1.835s] -- Searching for dependencies of gz-sensors8-air_pressure
[1.835s] -- Searching for <gz-sensors8> component [air_speed]
[1.838s] -- Looking for gz-sensors8-air_speed -- found version 8.2.0
[1.838s] -- Searching for dependencies of gz-sensors8-air_speed
[1.839s] -- Searching for <gz-sensors8> component [altimeter]
[1.841s] -- Looking for gz-sensors8-altimeter -- found version 8.2.0
[1.842s] -- Searching for dependencies of gz-sensors8-altimeter
[1.842s] -- Searching for <gz-sensors8> component [imu]
[1.845s] -- Looking for gz-sensors8-imu -- found version 8.2.0
[1.845s] -- Searching for dependencies of gz-sensors8-imu
[1.846s] -- Searching for <gz-sensors8> component [force_torque]
[1.848s] -- Looking for gz-sensors8-force_torque -- found version 8.2.0
[1.849s] -- Searching for dependencies of gz-sensors8-force_torque
[1.849s] -- Searching for <gz-sensors8> component [logical_camera]
[1.852s] -- Looking for gz-sensors8-logical_camera -- found version 8.2.0
[1.852s] -- Searching for dependencies of gz-sensors8-logical_camera
[1.852s] -- Searching for <gz-sensors8> component [magnetometer]
[1.855s] -- Looking for gz-sensors8-magnetometer -- found version 8.2.0
[1.855s] -- Searching for dependencies of gz-sensors8-magnetometer
[1.856s] -- Searching for <gz-sensors8> component [navsat]
[1.858s] -- Looking for gz-sensors8-navsat -- found version 8.2.0
[1.858s] -- Searching for dependencies of gz-sensors8-navsat
[1.859s] -- Searching for <gz-sensors8> component [dvl]
[1.861s] -- Looking for gz-sensors8-dvl -- found version 8.2.0
[1.862s] -- Searching for dependencies of gz-sensors8-dvl
[1.862s] -- Looking for gz-sensors8 -- found version 8.2.0
[1.862s] -- Searching for dependencies of gz-sensors8
[1.882s] -- Looking for gz-math7 -- found version 7.5.1
[1.882s] -- Looking for gz-common5 -- found version 5.6.0
[1.883s] -- Looking for gz-transport13 -- found version 13.4.0
[1.883s] -- Looking for gz-rendering8 -- found version 8.2.0
[1.884s] -- Looking for gz-msgs10 -- found version 10.3.0
[1.884s] -- Looking for sdformat14 -- found version 14.5.0
[1.884s] -- Searching for <gz-sensors8> component [rendering]
[1.886s] -- Looking for gz-sensors8-rendering -- found version 8.2.0
[1.887s] -- Searching for dependencies of gz-sensors8-rendering
[1.888s] -- Searching for <gz-sensors8> component [rendering]
[1.888s] -- Searching for <gz-sensors8> component [lidar]
[1.891s] -- Looking for gz-sensors8-lidar -- found version 8.2.0
[1.891s] -- Searching for dependencies of gz-sensors8-lidar
[1.892s] -- Looking for gz-sensors8 -- found version 8.2.0
[1.892s] -- Searching for <gz-sensors8> component [gpu_lidar]
[1.895s] -- Looking for gz-sensors8-gpu_lidar -- found version 8.2.0
[1.895s] -- Searching for dependencies of gz-sensors8-gpu_lidar
[1.895s] -- Looking for gz-sensors8 -- found version 8.2.0
[1.896s] -- Searching for <gz-sensors8> component [camera]
[1.898s] -- Looking for gz-sensors8-camera -- found version 8.2.0
[1.898s] -- Searching for dependencies of gz-sensors8-camera
[1.899s] -- Looking for gz-sensors8 -- found version 8.2.0
[1.899s] -- Searching for <gz-sensors8> component [boundingbox_camera]
[1.902s] -- Looking for gz-sensors8-boundingbox_camera -- found version 8.2.0
[1.902s] -- Searching for dependencies of gz-sensors8-boundingbox_camera
[1.903s] -- Searching for <gz-sensors8> component [segmentation_camera]
[1.905s] -- Looking for gz-sensors8-segmentation_camera -- found version 8.2.0
[1.906s] -- Searching for dependencies of gz-sensors8-segmentation_camera
[1.906s] -- Searching for <gz-sensors8> component [depth_camera]
[1.909s] -- Looking for gz-sensors8-depth_camera -- found version 8.2.0
[1.909s] -- Searching for dependencies of gz-sensors8-depth_camera
[1.910s] -- Looking for gz-sensors8 -- found version 8.2.0
[1.910s] -- Searching for <gz-sensors8> component [rgbd_camera]
[1.913s] -- Looking for gz-sensors8-rgbd_camera -- found version 8.2.0
[1.913s] -- Searching for dependencies of gz-sensors8-rgbd_camera
[1.914s] -- Looking for gz-sensors8 -- found version 8.2.0
[1.915s] -- Searching for <gz-sensors8> component [thermal_camera]
[1.917s] -- Looking for gz-sensors8-thermal_camera -- found version 8.2.0
[1.917s] -- Searching for dependencies of gz-sensors8-thermal_camera
[1.918s] -- Looking for gz-sensors8 -- found version 8.2.0
[1.919s] -- Searching for <gz-sensors8> component [wide_angle_camera]
[1.921s] -- Looking for gz-sensors8-wide_angle_camera -- found version 8.2.0
[1.921s] -- Searching for dependencies of gz-sensors8-wide_angle_camera
[1.923s] -- Looking for gz-rendering8 -- found version 8.2.0
[1.923s] -- Looking for gz-math7 -- found version 7.5.1
[1.924s] -- Looking for gz-utils2 -- found version 2.2.0
[1.944s] -- Looking for gz-sim8 - found
[1.944s] 
[1.945s] -- Compiling against Gazebo Harmonic
[1.947s] -- RapidJSON found. Headers: /usr/include
[1.955s] -- Found OpenCV: /usr (found version "4.5.4") 
[1.956s] -- Checking for modules 'gstreamer-1.0;gstreamer-app-1.0'
[1.971s] --   Found gstreamer-1.0, version 1.20.3
[1.979s] --   Found gstreamer-app-1.0, version 1.20.1
[2.066s] WARNING: Package name "F450_description" does not follow the naming conventions. It should start with a lower case letter and only contain lower case letters, digits, underscores, and dashes.
[2.080s] -- Configuring done
[2.108s] -- Generating done
[2.110s] -- Build files have been written to: /home/fwd/ros2_ws/src/F450_description/build/F450_description
[2.122s] Invoked command in '/home/fwd/ros2_ws/src/F450_description/build/F450_description' returned '0': /usr/bin/cmake /home/fwd/ros2_ws/src/F450_description -DCMAKE_INSTALL_PREFIX=/home/fwd/ros2_ws/src/F450_description/install/F450_description
[2.124s] Invoking command in '/home/fwd/ros2_ws/src/F450_description/build/F450_description': /usr/bin/cmake --build /home/fwd/ros2_ws/src/F450_description/build/F450_description -- -j8 -l8
[2.173s] [ 20%] [32mBuilding CXX object CMakeFiles/ArduPilotPlugin.dir/src/Util.cc.o[0m
[2.173s] [ 20%] [32mBuilding CXX object CMakeFiles/CameraZoomPlugin.dir/src/CameraZoomPlugin.cc.o[0m
[2.174s] [ 30%] [32mBuilding CXX object CMakeFiles/GstCameraPlugin.dir/src/GstCameraPlugin.cc.o[0m
[2.174s] [ 60%] [32mBuilding CXX object CMakeFiles/ArduPilotPlugin.dir/src/SocketUDP.cc.o[0m
[2.175s] [ 60%] [32mBuilding CXX object CMakeFiles/ArduPilotPlugin.dir/src/ArduPilotPlugin.cc.o[0m
[2.175s] [ 60%] [32mBuilding CXX object CMakeFiles/ParachutePlugin.dir/src/ParachutePlugin.cc.o[0m
[2.207s] [ 70%] [32m[1mLinking CXX shared library libCameraZoomPlugin.so[0m
[2.217s] [ 80%] [32m[1mLinking CXX shared library libParachutePlugin.so[0m
[2.221s] [ 90%] [32m[1mLinking CXX shared library libArduPilotPlugin.so[0m
[2.222s] [100%] [32m[1mLinking CXX shared library libGstCameraPlugin.so[0m
[2.672s] [100%] Built target ParachutePlugin
[2.777s] [100%] Built target GstCameraPlugin
[2.832s] [100%] Built target CameraZoomPlugin
[2.919s] [100%] Built target ArduPilotPlugin
[2.931s] Invoked command in '/home/fwd/ros2_ws/src/F450_description/build/F450_description' returned '0': /usr/bin/cmake --build /home/fwd/ros2_ws/src/F450_description/build/F450_description -- -j8 -l8
[2.976s] Invoking command in '/home/fwd/ros2_ws/src/F450_description/build/F450_description': /usr/bin/cmake --install /home/fwd/ros2_ws/src/F450_description/build/F450_description
[2.984s] -- Install configuration: ""
[2.984s] -- Installing: /home/fwd/ros2_ws/src/F450_description/install/F450_description/lib/F450_description/libArduPilotPlugin.so
[2.988s] -- Installing: /home/fwd/ros2_ws/src/F450_description/install/F450_description/lib/F450_description/libParachutePlugin.so
[2.991s] -- Installing: /home/fwd/ros2_ws/src/F450_description/install/F450_description/lib/F450_description/libCameraZoomPlugin.so
[2.994s] -- Installing: /home/fwd/ros2_ws/src/F450_description/install/F450_description/lib/F450_description/libGstCameraPlugin.so
[2.996s] -- Up-to-date: /home/fwd/ros2_ws/src/F450_description/install/F450_description/share/F450_description/config
[2.996s] -- Up-to-date: /home/fwd/ros2_ws/src/F450_description/install/F450_description/share/F450_description/config/display.rviz
[2.996s] -- Up-to-date: /home/fwd/ros2_ws/src/F450_description/install/F450_description/share/F450_description/models
[2.997s] -- Up-to-date: /home/fwd/ros2_ws/src/F450_description/install/F450_description/share/F450_description/worlds
[2.997s] -- Up-to-date: /home/fwd/ros2_ws/src/F450_description/install/F450_description/share/F450_description/worlds/custom_world.sdf
[2.997s] -- Installing: /home/fwd/ros2_ws/src/F450_description/install/F450_description/share/F450_description/environment/F450_description.dsv
[2.997s] -- Installing: /home/fwd/ros2_ws/src/F450_description/install/F450_description/share/F450_description/environment/F450_description.sh
[2.997s] -- Installing: /home/fwd/ros2_ws/src/F450_description/install/F450_description/share/ament_index/resource_index/package_run_dependencies/F450_description
[2.997s] -- Installing: /home/fwd/ros2_ws/src/F450_description/install/F450_description/share/ament_index/resource_index/parent_prefix_path/F450_description
[2.997s] -- Up-to-date: /home/fwd/ros2_ws/src/F450_description/install/F450_description/share/F450_description/environment/ament_prefix_path.sh
[2.997s] -- Installing: /home/fwd/ros2_ws/src/F450_description/install/F450_description/share/F450_description/environment/ament_prefix_path.dsv
[2.997s] -- Up-to-date: /home/fwd/ros2_ws/src/F450_description/install/F450_description/share/F450_description/environment/path.sh
[2.997s] -- Installing: /home/fwd/ros2_ws/src/F450_description/install/F450_description/share/F450_description/environment/path.dsv
[2.997s] -- Installing: /home/fwd/ros2_ws/src/F450_description/install/F450_description/share/F450_description/local_setup.bash
[2.998s] -- Installing: /home/fwd/ros2_ws/src/F450_description/install/F450_description/share/F450_description/local_setup.sh
[2.998s] -- Installing: /home/fwd/ros2_ws/src/F450_description/install/F450_description/share/F450_description/local_setup.zsh
[2.998s] -- Installing: /home/fwd/ros2_ws/src/F450_description/install/F450_description/share/F450_description/local_setup.dsv
[2.998s] -- Installing: /home/fwd/ros2_ws/src/F450_description/install/F450_description/share/F450_description/package.dsv
[2.998s] -- Installing: /home/fwd/ros2_ws/src/F450_description/install/F450_description/share/ament_index/resource_index/packages/F450_description
[2.999s] -- Installing: /home/fwd/ros2_ws/src/F450_description/install/F450_description/share/F450_description/cmake/F450_descriptionConfig.cmake
[2.999s] -- Installing: /home/fwd/ros2_ws/src/F450_description/install/F450_description/share/F450_description/cmake/F450_descriptionConfig-version.cmake
[2.999s] -- Up-to-date: /home/fwd/ros2_ws/src/F450_description/install/F450_description/share/F450_description/package.xml
[3.001s] Invoked command in '/home/fwd/ros2_ws/src/F450_description/build/F450_description' returned '0': /usr/bin/cmake --install /home/fwd/ros2_ws/src/F450_description/build/F450_description
