[0.000000] (-) TimerEvent: {}
[0.000104] (F450_description) JobQueued: {'identifier': 'F450_description', 'dependencies': OrderedDict()}
[0.000129] (F450_description) JobStarted: {'identifier': 'F450_description'}
[0.008264] (F450_description) JobProgress: {'identifier': 'F450_description', 'progress': 'cmake'}
[0.009050] (F450_description) Command: {'cmd': ['/usr/bin/cmake', '/home/fwd/ros2_ws/src/F450_description', '-DCMAKE_INSTALL_PREFIX=/home/fwd/ros2_ws/src/F450_description/install/F450_description'], 'cwd': '/home/fwd/ros2_ws/src/F450_description/build/F450_description', 'env': OrderedDict([('LANGUAGE', 'en_IN:en'), ('USER', 'fwd'), ('GIO_MODULE_DIR', '/home/fwd/snap/code/common/.cache/gio-modules'), ('XDG_SESSION_TYPE', 'x11'), ('GIT_ASKPASS', '/snap/code/167/usr/share/code/resources/app/extensions/git/dist/askpass.sh'), ('GTK_EXE_PREFIX_VSCODE_SNAP_ORIG', ''), ('GDK_BACKEND_VSCODE_SNAP_ORIG', ''), ('SHLVL', '2'), ('LD_LIBRARY_PATH', '/opt/ros/humble/opt/rviz_ogre_vendor/lib:/opt/ros/humble/lib/x86_64-linux-gnu:/opt/ros/humble/lib'), ('HOME', '/home/fwd'), ('CHROME_DESKTOP', 'code-url-handler.desktop'), ('LOCPATH_VSCODE_SNAP_ORIG', ''), ('TERM_PROGRAM_VERSION', '1.92.2'), ('DESKTOP_SESSION', 'ubuntu'), ('GTK_PATH', '/snap/code/167/usr/lib/x86_64-linux-gnu/gtk-3.0'), ('GTK_IM_MODULE_FILE', '/home/fwd/snap/code/common/.cache/immodules/immodules.cache'), ('ROS_PYTHON_VERSION', '3'), ('GNOME_SHELL_SESSION_MODE', 'ubuntu'), ('GTK_MODULES', 'gail:atk-bridge'), ('GSETTINGS_SCHEMA_DIR_VSCODE_SNAP_ORIG', ''), ('VSCODE_GIT_ASKPASS_MAIN', '/snap/code/167/usr/share/code/resources/app/extensions/git/dist/askpass-main.js'), ('VSCODE_GIT_ASKPASS_NODE', '/snap/code/167/usr/share/code/code'), ('DBUS_STARTER_BUS_TYPE', 'session'), ('SYSTEMD_EXEC_PID', '1985'), ('DBUS_SESSION_BUS_ADDRESS', 'unix:path=/run/user/1000/bus,guid=2ca968c8f5eed33adb47ace566ceb1f5'), ('COLORTERM', 'truecolor'), ('COLCON_PREFIX_PATH', '/home/fwd/ros2_ws/src/F450_description/install:/home/fwd/ros2_ws/install:/home/fwd/install'), ('ROS_DISTRO', 'humble'), ('GTK_IM_MODULE', 'ibus'), ('LOGNAME', 'fwd'), ('_', '/usr/bin/colcon'), ('ROS_VERSION', '2'), ('XDG_CONFIG_DIRS_VSCODE_SNAP_ORIG', '/etc/xdg/xdg-ubuntu:/etc/xdg'), ('XDG_SESSION_CLASS', 'user'), ('XDG_DATA_DIRS_VSCODE_SNAP_ORIG', '/usr/share/ubuntu:/usr/share/gnome:/usr/local/share/:/usr/share/:/var/lib/snapd/desktop'), ('USERNAME', 'fwd'), ('TERM', 'xterm-256color'), ('GNOME_DESKTOP_SESSION_ID', 'this-is-deprecated'), ('ROS_LOCALHOST_ONLY', '0'), ('WINDOWPATH', '2'), ('PATH', '/usr/lib/ccache:/usr/lib/ccache:/usr/lib/ccache:/home/fwd/ardupilot/Tools/autotest:/opt/gcc-arm-none-eabi-10-2020-q4-major/bin:/home/fwd/.local/bin:/opt/ros/humble/bin:/usr/lib/ccache:/usr/local/sbin:/usr/local/bin:/usr/sbin:/usr/bin:/sbin:/bin:/usr/games:/usr/local/games:/snap/bin:/snap/bin:/home/fwd/ardupilot/Tools/autotest:/home/fwd/ardupilot/Tools/autotest:/home/fwd/ardupilot/Tools/autotest'), ('SESSION_MANAGER', 'local/fwd:@/tmp/.ICE-unix/1985,unix/fwd:/tmp/.ICE-unix/1985'), ('GTK_EXE_PREFIX', '/snap/code/167/usr'), ('XDG_MENU_PREFIX', 'gnome-'), ('GNOME_TERMINAL_SCREEN', '/org/gnome/Terminal/screen/5da2081e_4397_46ef_88b6_c5b288635ef8'), ('XDG_RUNTIME_DIR', '/run/user/1000'), ('GDK_BACKEND', 'x11'), ('DISPLAY', ':0'), ('LOCPATH', '/snap/code/167/usr/lib/locale'), ('LANG', 'en_US.UTF-8'), ('XDG_CURRENT_DESKTOP', 'Unity'), ('GIO_MODULE_DIR_VSCODE_SNAP_ORIG', ''), ('XMODIFIERS', '@im=ibus'), ('XDG_SESSION_DESKTOP', 'ubuntu'), ('XAUTHORITY', '/run/user/1000/gdm/Xauthority'), ('VSCODE_GIT_IPC_HANDLE', '/run/user/1000/vscode-git-3a15c622f6.sock'), ('GNOME_TERMINAL_SERVICE', ':1.95'), ('TERM_PROGRAM', 'vscode'), ('SSH_AGENT_LAUNCHER', 'gnome-keyring'), ('SSH_AUTH_SOCK', '/run/user/1000/keyring/ssh'), ('GSETTINGS_SCHEMA_DIR', '/home/fwd/snap/code/167/.local/share/glib-2.0/schemas'), ('AMENT_PREFIX_PATH', '/home/fwd/ros2_ws/install/sampleurdf:/home/fwd/ros2_ws/install/my_first_pkg:/home/fwd/ros2_ws/install/F450_description:/home/fwd/install/sampleurdf:/opt/ros/humble'), ('ORIGINAL_XDG_CURRENT_DESKTOP', 'ubuntu:GNOME'), ('SHELL', '/bin/bash'), ('QT_ACCESSIBILITY', '1'), ('GDMSESSION', 'ubuntu'), ('GTK_PATH_VSCODE_SNAP_ORIG', ''), ('GTK_IM_MODULE_FILE_VSCODE_SNAP_ORIG', ''), ('GPG_AGENT_INFO', '/run/user/1000/gnupg/S.gpg-agent:0:1'), ('VSCODE_GIT_ASKPASS_EXTRA_ARGS', ''), ('QT_IM_MODULE', 'ibus'), ('PWD', '/home/fwd/ros2_ws/src/F450_description/build/F450_description'), ('LC_ALL', 'en_US.UTF-8'), ('XDG_CONFIG_DIRS', '/etc/xdg/xdg-ubuntu:/etc/xdg'), ('DBUS_STARTER_ADDRESS', 'unix:path=/run/user/1000/bus,guid=2ca968c8f5eed33adb47ace566ceb1f5'), ('XDG_DATA_DIRS', '/home/fwd/snap/code/167/.local/share:/home/fwd/snap/code/167:/snap/code/167/usr/share:/usr/share/ubuntu:/usr/share/gnome:/usr/local/share/:/usr/share/:/var/lib/snapd/desktop'), ('PYTHONPATH', '/home/fwd/ros2_ws/build/F450_description:/home/fwd/ros2_ws/install/F450_description/lib/python3.10/site-packages:/opt/ros/humble/lib/python3.10/site-packages:/opt/ros/humble/local/lib/python3.10/dist-packages'), ('COLCON', '1'), ('VTE_VERSION', '6800'), ('CMAKE_PREFIX_PATH', '/home/fwd/ros2_ws/install/sampleurdf:/home/fwd/ros2_ws/install/my_first_pkg:/home/fwd/install/sampleurdf')]), 'shell': False}
[0.099492] (-) TimerEvent: {}
[0.142172] (F450_description) StderrLine: {'line': b'\x1b[0mBuilding F450_description as an `ament_cmake` project.\x1b[0m\n'}
[0.147390] (F450_description) StdoutLine: {'line': b'-- Looking for gz-common5 -- found version 5.6.0\n'}
[0.147867] (F450_description) StdoutLine: {'line': b'-- Searching for dependencies of gz-common5\n'}
[0.148258] (F450_description) StdoutLine: {'line': b'-- Looking for gz-utils2 -- found version 2.2.0\n'}
[0.148702] (F450_description) StdoutLine: {'line': b'-- Searching for dependencies of gz-utils2\n'}
[0.149294] (F450_description) StdoutLine: {'line': b'-- Looking for dlfcn.h - found\n'}
[0.149420] (F450_description) StdoutLine: {'line': b'-- Looking for libdl - found\n'}
[0.154721] (F450_description) StdoutLine: {'line': b"-- Checking for module 'uuid'\n"}
[0.164797] (F450_description) StdoutLine: {'line': b'--   Found uuid, version 2.37.2\n'}
[0.190338] (F450_description) StdoutLine: {'line': b'-- Looking for gz-common5 - found\n'}
[0.190527] (F450_description) StdoutLine: {'line': b'\n'}
[0.191008] (F450_description) StdoutLine: {'line': b'-- Looking for gz-rendering8 -- found version 8.2.0\n'}
[0.191673] (F450_description) StdoutLine: {'line': b'-- Searching for dependencies of gz-rendering8\n'}
[0.192024] (F450_description) StdoutLine: {'line': b'-- Looking for gz-math7 -- found version 7.5.1\n'}
[0.192535] (F450_description) StdoutLine: {'line': b'-- Searching for dependencies of gz-math7\n'}
[0.192897] (F450_description) StdoutLine: {'line': b'-- Looking for gz-utils2 -- found version 2.2.0\n'}
[0.193410] (F450_description) StdoutLine: {'line': b'-- Searching for <gz-math7> component [eigen3]\n'}
[0.193820] (F450_description) StdoutLine: {'line': b'-- Looking for gz-math7-eigen3 -- found version 7.5.1\n'}
[0.194304] (F450_description) StdoutLine: {'line': b'-- Searching for dependencies of gz-math7-eigen3\n'}
[0.195660] (F450_description) StdoutLine: {'line': b'-- Looking for gz-common5 -- found version 5.6.0\n'}
[0.196109] (F450_description) StdoutLine: {'line': b'-- Searching for dependencies of gz-common5\n'}
[0.196520] (F450_description) StdoutLine: {'line': b'-- Looking for gz-utils2 -- found version 2.2.0\n'}
[0.196701] (F450_description) StdoutLine: {'line': b'-- Looking for dlfcn.h - found\n'}
[0.196805] (F450_description) StdoutLine: {'line': b'-- Looking for libdl - found\n'}
[0.199558] (-) TimerEvent: {}
[0.203255] (F450_description) StdoutLine: {'line': b'-- Searching for <gz-common5> component [graphics]\n'}
[0.203773] (F450_description) StdoutLine: {'line': b'-- Looking for gz-common5-graphics -- found version 5.6.0\n'}
[0.204403] (F450_description) StdoutLine: {'line': b'-- Searching for dependencies of gz-common5-graphics\n'}
[0.204790] (F450_description) StdoutLine: {'line': b'-- Looking for gz-math7 -- found version 7.5.1\n'}
[0.208311] (F450_description) StdoutLine: {'line': b'-- Searching for <gz-common5> component [events]\n'}
[0.208745] (F450_description) StdoutLine: {'line': b'-- Looking for gz-common5-events -- found version 5.6.0\n'}
[0.209150] (F450_description) StdoutLine: {'line': b'-- Searching for dependencies of gz-common5-events\n'}
[0.209419] (F450_description) StdoutLine: {'line': b'-- Looking for gz-math7 -- found version 7.5.1\n'}
[0.209789] (F450_description) StdoutLine: {'line': b'-- Searching for <gz-common5> component [geospatial]\n'}
[0.210132] (F450_description) StdoutLine: {'line': b'-- Looking for gz-common5-geospatial -- found version 5.6.0\n'}
[0.210622] (F450_description) StdoutLine: {'line': b'-- Searching for dependencies of gz-common5-geospatial\n'}
[0.210977] (F450_description) StdoutLine: {'line': b'-- Looking for gz-math7 -- found version 7.5.1\n'}
[0.211426] (F450_description) StdoutLine: {'line': b'-- Looking for gz-common5 -- found version 5.6.0\n'}
[0.212624] (F450_description) StdoutLine: {'line': b'-- Looking for gz-plugin2 -- found version 2.0.3\n'}
[0.212954] (F450_description) StdoutLine: {'line': b'-- Searching for dependencies of gz-plugin2\n'}
[0.213252] (F450_description) StdoutLine: {'line': b'-- Looking for gz-utils2 -- found version 2.2.0\n'}
[0.213633] (F450_description) StdoutLine: {'line': b'-- Searching for dependencies of gz-utils2\n'}
[0.213789] (F450_description) StdoutLine: {'line': b'-- Searching for <gz-utils2> component [cli]\n'}
[0.213997] (F450_description) StdoutLine: {'line': b'-- Looking for gz-utils2-cli -- found version 2.2.0\n'}
[0.214492] (F450_description) StdoutLine: {'line': b'-- Searching for dependencies of gz-utils2-cli\n'}
[0.215190] (F450_description) StdoutLine: {'line': b'-- Searching for <gz-plugin2> component [all]\n'}
[0.215515] (F450_description) StdoutLine: {'line': b'-- Looking for all libraries of gz-plugin2 -- found version 2.0.3\n'}
[0.215991] (F450_description) StdoutLine: {'line': b'-- Looking for gz-plugin2 -- found version 2.0.3\n'}
[0.216279] (F450_description) StdoutLine: {'line': b'-- Looking for gz-plugin2-loader -- found version 2.0.3\n'}
[0.216761] (F450_description) StdoutLine: {'line': b'-- Searching for dependencies of gz-plugin2-loader\n'}
[0.217423] (F450_description) StdoutLine: {'line': b'-- Looking for gz-plugin2-register -- found version 2.0.3\n'}
[0.217847] (F450_description) StdoutLine: {'line': b'-- Searching for dependencies of gz-plugin2-register\n'}
[0.218817] (F450_description) StdoutLine: {'line': b'-- Looking for gz-utils2 -- found version 2.2.0\n'}
[0.220823] (F450_description) StdoutLine: {'line': b'-- Looking for gz-rendering8 - found\n'}
[0.220886] (F450_description) StdoutLine: {'line': b'\n'}
[0.223926] (F450_description) StdoutLine: {'line': b'-- Looking for gz-sim8 -- found version 8.6.0\n'}
[0.224248] (F450_description) StdoutLine: {'line': b'-- Searching for dependencies of gz-sim8\n'}
[0.226852] (F450_description) StdoutLine: {'line': b'-- Looking for sdformat14 -- found version 14.5.0\n'}
[0.227208] (F450_description) StdoutLine: {'line': b'-- Searching for dependencies of sdformat14\n'}
[0.231807] (F450_description) StdoutLine: {'line': b"-- Checking for module 'tinyxml2'\n"}
[0.241726] (F450_description) StdoutLine: {'line': b'--   Found tinyxml2, version 9.0.0\n'}
[0.266818] (F450_description) StdoutLine: {'line': b'-- Looking for gz-math7 -- found version 7.5.1\n'}
[0.267109] (F450_description) StdoutLine: {'line': b'-- Looking for gz-utils2 -- found version 2.2.0\n'}
[0.268048] (F450_description) StdoutLine: {'line': b'-- Looking for gz-plugin2 -- found version 2.0.3\n'}
[0.270617] (F450_description) StdoutLine: {'line': b'-- Looking for gz-transport13 -- found version 13.4.0\n'}
[0.271049] (F450_description) StdoutLine: {'line': b'-- Searching for dependencies of gz-transport13\n'}
[0.289742] (F450_description) StdoutLine: {'line': b'-- Found Protobuf: /usr/lib/x86_64-linux-gnu/libprotobuf.so (found version "3.12.4") \n'}
[0.299666] (-) TimerEvent: {}
[0.302468] (F450_description) StdoutLine: {'line': b'-- Config-file not installed for ZeroMQ -- checking for pkg-config\n'}
[0.306983] (F450_description) StdoutLine: {'line': b"-- Checking for module 'libzmq >= 4'\n"}
[0.318557] (F450_description) StdoutLine: {'line': b'--   Found libzmq , version 4.3.4\n'}
[0.354144] (F450_description) StdoutLine: {'line': b'-- Looking for gz-utils2 -- found version 2.2.0\n'}
[0.357274] (F450_description) StdoutLine: {'line': b'-- Looking for gz-msgs10 -- found version 10.3.0\n'}
[0.357942] (F450_description) StdoutLine: {'line': b'-- Searching for dependencies of gz-msgs10\n'}
[0.376935] (F450_description) StdoutLine: {'line': b'-- Looking for gz-utils2 -- found version 2.2.0\n'}
[0.377262] (F450_description) StdoutLine: {'line': b'-- Looking for gz-math7 -- found version 7.5.1\n'}
[0.399799] (-) TimerEvent: {}
[0.435795] (F450_description) StdoutLine: {'line': b'-- Searching for <gz-transport13> component [log]\n'}
[0.438511] (F450_description) StdoutLine: {'line': b'-- Looking for gz-transport13-log -- found version 13.4.0\n'}
[0.439131] (F450_description) StdoutLine: {'line': b'-- Searching for dependencies of gz-transport13-log\n'}
[0.439712] (F450_description) StdoutLine: {'line': b'-- Searching for <gz-transport13> component [parameters]\n'}
[0.443283] (F450_description) StdoutLine: {'line': b'-- Looking for gz-transport13-parameters -- found version 13.4.0\n'}
[0.444161] (F450_description) StdoutLine: {'line': b'-- Searching for dependencies of gz-transport13-parameters\n'}
[0.445159] (F450_description) StdoutLine: {'line': b'-- Looking for gz-msgs10 -- found version 10.3.0\n'}
[0.445572] (F450_description) StdoutLine: {'line': b'-- Looking for gz-common5 -- found version 5.6.0\n'}
[0.446125] (F450_description) StdoutLine: {'line': b'-- Searching for dependencies of gz-common5\n'}
[0.446644] (F450_description) StdoutLine: {'line': b'-- Looking for gz-utils2 -- found version 2.2.0\n'}
[0.446887] (F450_description) StdoutLine: {'line': b'-- Looking for dlfcn.h - found\n'}
[0.446986] (F450_description) StdoutLine: {'line': b'-- Looking for libdl - found\n'}
[0.458008] (F450_description) StdoutLine: {'line': b'-- Searching for <gz-common5> component [av]\n'}
[0.462301] (F450_description) StdoutLine: {'line': b'-- Looking for gz-common5-av -- found version 5.6.0\n'}
[0.463186] (F450_description) StdoutLine: {'line': b'-- Searching for dependencies of gz-common5-av\n'}
[0.469635] (F450_description) StdoutLine: {'line': b"-- Checking for module 'libswscale'\n"}
[0.499988] (-) TimerEvent: {}
[0.515915] (F450_description) StdoutLine: {'line': b'--   Found libswscale, version 5.9.100\n'}
[0.600194] (-) TimerEvent: {}
[0.615193] (F450_description) StdoutLine: {'line': b'-- Found SWSCALE: TRUE  \n'}
[0.623898] (F450_description) StdoutLine: {'line': b"-- Checking for module 'libavdevice >= 56.4.100'\n"}
[0.678204] (F450_description) StdoutLine: {'line': b'--   Found libavdevice , version 58.13.100\n'}
[0.700386] (-) TimerEvent: {}
[0.740750] (F450_description) StdoutLine: {'line': b'-- Found AVDEVICE: TRUE (Required is at least version "56.4.100") \n'}
[0.745657] (F450_description) StdoutLine: {'line': b"-- Checking for module 'libavformat'\n"}
[0.756669] (F450_description) StdoutLine: {'line': b'--   Found libavformat, version 58.76.100\n'}
[0.785239] (F450_description) StdoutLine: {'line': b'-- Found AVFORMAT: TRUE  \n'}
[0.789537] (F450_description) StdoutLine: {'line': b"-- Checking for module 'libavcodec'\n"}
[0.800027] (F450_description) StdoutLine: {'line': b'--   Found libavcodec, version 58.134.100\n'}
[0.800475] (-) TimerEvent: {}
[0.830352] (F450_description) StdoutLine: {'line': b'-- Found AVCODEC: TRUE  \n'}
[0.834875] (F450_description) StdoutLine: {'line': b"-- Checking for module 'libavutil'\n"}
[0.845472] (F450_description) StdoutLine: {'line': b'--   Found libavutil, version 56.70.100\n'}
[0.872675] (F450_description) StdoutLine: {'line': b'-- Found AVUTIL: TRUE  \n'}
[0.873199] (F450_description) StdoutLine: {'line': b'-- Searching for <gz-common5> component [events]\n'}
[0.873649] (F450_description) StdoutLine: {'line': b'-- Searching for <gz-common5> component [graphics]\n'}
[0.874036] (F450_description) StdoutLine: {'line': b'-- Searching for <gz-common5> component [io]\n'}
[0.876545] (F450_description) StdoutLine: {'line': b'-- Looking for gz-common5-io -- found version 5.6.0\n'}
[0.876994] (F450_description) StdoutLine: {'line': b'-- Searching for dependencies of gz-common5-io\n'}
[0.877470] (F450_description) StdoutLine: {'line': b'-- Searching for <gz-common5> component [profiler]\n'}
[0.880056] (F450_description) StdoutLine: {'line': b'-- Looking for gz-common5-profiler -- found version 5.6.0\n'}
[0.880495] (F450_description) StdoutLine: {'line': b'-- Searching for dependencies of gz-common5-profiler\n'}
[0.883449] (F450_description) StdoutLine: {'line': b'-- Looking for gz-fuel_tools9 -- found version 9.1.0\n'}
[0.883898] (F450_description) StdoutLine: {'line': b'-- Searching for dependencies of gz-fuel_tools9\n'}
[0.900556] (-) TimerEvent: {}
[0.925551] (F450_description) StdoutLine: {'line': b"-- Checking for module 'jsoncpp'\n"}
[0.936592] (F450_description) StdoutLine: {'line': b'--   Found jsoncpp, version 1.9.5\n'}
[0.969035] (F450_description) StdoutLine: {'line': b"-- Checking for module 'libzip'\n"}
[0.979437] (F450_description) StdoutLine: {'line': b'--   Found libzip, version 1.7.3\n'}
[1.000682] (-) TimerEvent: {}
[1.007204] (F450_description) StdoutLine: {'line': b'-- Looking for gz-utils2 -- found version 2.2.0\n'}
[1.007575] (F450_description) StdoutLine: {'line': b'-- Looking for gz-common5 -- found version 5.6.0\n'}
[1.008040] (F450_description) StdoutLine: {'line': b'-- Searching for dependencies of gz-common5\n'}
[1.008508] (F450_description) StdoutLine: {'line': b'-- Looking for gz-utils2 -- found version 2.2.0\n'}
[1.008698] (F450_description) StdoutLine: {'line': b'-- Looking for dlfcn.h - found\n'}
[1.008795] (F450_description) StdoutLine: {'line': b'-- Looking for libdl - found\n'}
[1.016350] (F450_description) StdoutLine: {'line': b'-- Searching for <gz-common5> component [testing]\n'}
[1.018879] (F450_description) StdoutLine: {'line': b'-- Looking for gz-common5-testing -- found version 5.6.0\n'}
[1.019369] (F450_description) StdoutLine: {'line': b'-- Searching for dependencies of gz-common5-testing\n'}
[1.020173] (F450_description) StdoutLine: {'line': b'-- Looking for gz-math7 -- found version 7.5.1\n'}
[1.020633] (F450_description) StdoutLine: {'line': b'-- Looking for gz-msgs10 -- found version 10.3.0\n'}
[1.023640] (F450_description) StdoutLine: {'line': b'-- Looking for gz-gui8 -- found version 8.3.0\n'}
[1.024049] (F450_description) StdoutLine: {'line': b'-- Searching for dependencies of gz-gui8\n'}
[1.048778] (F450_description) StdoutLine: {'line': b'-- Looking for gz-utils2 -- found version 2.2.0\n'}
[1.049097] (F450_description) StdoutLine: {'line': b'-- Looking for gz-math7 -- found version 7.5.1\n'}
[1.049456] (F450_description) StdoutLine: {'line': b'-- Looking for gz-common5 -- found version 5.6.0\n'}
[1.049863] (F450_description) StdoutLine: {'line': b'-- Looking for gz-plugin2 -- found version 2.0.3\n'}
[1.050247] (F450_description) StdoutLine: {'line': b'-- Looking for gz-transport13 -- found version 13.4.0\n'}
[1.050665] (F450_description) StdoutLine: {'line': b'-- Looking for gz-rendering8 -- found version 8.2.0\n'}
[1.051026] (F450_description) StdoutLine: {'line': b'-- Looking for gz-msgs10 -- found version 10.3.0\n'}
[1.100810] (-) TimerEvent: {}
[1.110051] (F450_description) StdoutLine: {'line': b'-- Looking for gz-physics7 -- found version 7.3.0\n'}
[1.110444] (F450_description) StdoutLine: {'line': b'-- Searching for dependencies of gz-physics7\n'}
[1.110839] (F450_description) StdoutLine: {'line': b'-- Looking for gz-common5 -- found version 5.6.0\n'}
[1.111232] (F450_description) StdoutLine: {'line': b'-- Looking for gz-math7 -- found version 7.5.1\n'}
[1.111782] (F450_description) StdoutLine: {'line': b'-- Looking for gz-plugin2 -- found version 2.0.3\n'}
[1.112273] (F450_description) StdoutLine: {'line': b'-- Looking for gz-utils2 -- found version 2.2.0\n'}
[1.113414] (F450_description) StdoutLine: {'line': b'-- Searching for <gz-physics7> component [heightmap]\n'}
[1.115982] (F450_description) StdoutLine: {'line': b'-- Looking for gz-physics7-heightmap -- found version 7.3.0\n'}
[1.116408] (F450_description) StdoutLine: {'line': b'-- Searching for dependencies of gz-physics7-heightmap\n'}
[1.116749] (F450_description) StdoutLine: {'line': b'-- Looking for gz-common5 -- found version 5.6.0\n'}
[1.117120] (F450_description) StdoutLine: {'line': b'-- Searching for <gz-physics7> component [mesh]\n'}
[1.119608] (F450_description) StdoutLine: {'line': b'-- Looking for gz-physics7-mesh -- found version 7.3.0\n'}
[1.120019] (F450_description) StdoutLine: {'line': b'-- Searching for dependencies of gz-physics7-mesh\n'}
[1.120343] (F450_description) StdoutLine: {'line': b'-- Looking for gz-common5 -- found version 5.6.0\n'}
[1.120753] (F450_description) StdoutLine: {'line': b'-- Searching for <gz-physics7> component [sdf]\n'}
[1.123227] (F450_description) StdoutLine: {'line': b'-- Looking for gz-physics7-sdf -- found version 7.3.0\n'}
[1.123613] (F450_description) StdoutLine: {'line': b'-- Searching for dependencies of gz-physics7-sdf\n'}
[1.123949] (F450_description) StdoutLine: {'line': b'-- Looking for sdformat14 -- found version 14.5.0\n'}
[1.127090] (F450_description) StdoutLine: {'line': b'-- Looking for gz-sensors8 -- found version 8.2.0\n'}
[1.127451] (F450_description) StdoutLine: {'line': b'-- Searching for dependencies of gz-sensors8\n'}
[1.147292] (F450_description) StdoutLine: {'line': b'-- Looking for gz-math7 -- found version 7.5.1\n'}
[1.147810] (F450_description) StdoutLine: {'line': b'-- Looking for gz-common5 -- found version 5.6.0\n'}
[1.147993] (F450_description) StdoutLine: {'line': b'-- Looking for gz-transport13 -- found version 13.4.0\n'}
[1.148381] (F450_description) StdoutLine: {'line': b'-- Looking for gz-rendering8 -- found version 8.2.0\n'}
[1.148769] (F450_description) StdoutLine: {'line': b'-- Looking for gz-msgs10 -- found version 10.3.0\n'}
[1.149142] (F450_description) StdoutLine: {'line': b'-- Looking for sdformat14 -- found version 14.5.0\n'}
[1.149693] (F450_description) StdoutLine: {'line': b'-- Searching for <gz-sensors8> component [air_pressure]\n'}
[1.152291] (F450_description) StdoutLine: {'line': b'-- Looking for gz-sensors8-air_pressure -- found version 8.2.0\n'}
[1.152799] (F450_description) StdoutLine: {'line': b'-- Searching for dependencies of gz-sensors8-air_pressure\n'}
[1.153219] (F450_description) StdoutLine: {'line': b'-- Searching for <gz-sensors8> component [air_speed]\n'}
[1.155685] (F450_description) StdoutLine: {'line': b'-- Looking for gz-sensors8-air_speed -- found version 8.2.0\n'}
[1.156098] (F450_description) StdoutLine: {'line': b'-- Searching for dependencies of gz-sensors8-air_speed\n'}
[1.156667] (F450_description) StdoutLine: {'line': b'-- Searching for <gz-sensors8> component [altimeter]\n'}
[1.159012] (F450_description) StdoutLine: {'line': b'-- Looking for gz-sensors8-altimeter -- found version 8.2.0\n'}
[1.159428] (F450_description) StdoutLine: {'line': b'-- Searching for dependencies of gz-sensors8-altimeter\n'}
[1.159850] (F450_description) StdoutLine: {'line': b'-- Searching for <gz-sensors8> component [imu]\n'}
[1.162338] (F450_description) StdoutLine: {'line': b'-- Looking for gz-sensors8-imu -- found version 8.2.0\n'}
[1.162778] (F450_description) StdoutLine: {'line': b'-- Searching for dependencies of gz-sensors8-imu\n'}
[1.163193] (F450_description) StdoutLine: {'line': b'-- Searching for <gz-sensors8> component [force_torque]\n'}
[1.165710] (F450_description) StdoutLine: {'line': b'-- Looking for gz-sensors8-force_torque -- found version 8.2.0\n'}
[1.166127] (F450_description) StdoutLine: {'line': b'-- Searching for dependencies of gz-sensors8-force_torque\n'}
[1.166561] (F450_description) StdoutLine: {'line': b'-- Searching for <gz-sensors8> component [logical_camera]\n'}
[1.169012] (F450_description) StdoutLine: {'line': b'-- Looking for gz-sensors8-logical_camera -- found version 8.2.0\n'}
[1.169428] (F450_description) StdoutLine: {'line': b'-- Searching for dependencies of gz-sensors8-logical_camera\n'}
[1.169863] (F450_description) StdoutLine: {'line': b'-- Searching for <gz-sensors8> component [magnetometer]\n'}
[1.172338] (F450_description) StdoutLine: {'line': b'-- Looking for gz-sensors8-magnetometer -- found version 8.2.0\n'}
[1.172794] (F450_description) StdoutLine: {'line': b'-- Searching for dependencies of gz-sensors8-magnetometer\n'}
[1.173221] (F450_description) StdoutLine: {'line': b'-- Searching for <gz-sensors8> component [navsat]\n'}
[1.175653] (F450_description) StdoutLine: {'line': b'-- Looking for gz-sensors8-navsat -- found version 8.2.0\n'}
[1.176036] (F450_description) StdoutLine: {'line': b'-- Searching for dependencies of gz-sensors8-navsat\n'}
[1.176579] (F450_description) StdoutLine: {'line': b'-- Searching for <gz-sensors8> component [dvl]\n'}
[1.179096] (F450_description) StdoutLine: {'line': b'-- Looking for gz-sensors8-dvl -- found version 8.2.0\n'}
[1.179682] (F450_description) StdoutLine: {'line': b'-- Searching for dependencies of gz-sensors8-dvl\n'}
[1.180159] (F450_description) StdoutLine: {'line': b'-- Looking for gz-sensors8 -- found version 8.2.0\n'}
[1.180796] (F450_description) StdoutLine: {'line': b'-- Searching for dependencies of gz-sensors8\n'}
[1.200195] (F450_description) StdoutLine: {'line': b'-- Looking for gz-math7 -- found version 7.5.1\n'}
[1.200677] (F450_description) StdoutLine: {'line': b'-- Looking for gz-common5 -- found version 5.6.0\n'}
[1.200874] (-) TimerEvent: {}
[1.201211] (F450_description) StdoutLine: {'line': b'-- Looking for gz-transport13 -- found version 13.4.0\n'}
[1.201630] (F450_description) StdoutLine: {'line': b'-- Looking for gz-rendering8 -- found version 8.2.0\n'}
[1.202141] (F450_description) StdoutLine: {'line': b'-- Looking for gz-msgs10 -- found version 10.3.0\n'}
[1.202652] (F450_description) StdoutLine: {'line': b'-- Looking for sdformat14 -- found version 14.5.0\n'}
[1.202902] (F450_description) StdoutLine: {'line': b'-- Searching for <gz-sensors8> component [rendering]\n'}
[1.205583] (F450_description) StdoutLine: {'line': b'-- Looking for gz-sensors8-rendering -- found version 8.2.0\n'}
[1.206162] (F450_description) StdoutLine: {'line': b'-- Searching for dependencies of gz-sensors8-rendering\n'}
[1.207270] (F450_description) StdoutLine: {'line': b'-- Searching for <gz-sensors8> component [rendering]\n'}
[1.207831] (F450_description) StdoutLine: {'line': b'-- Searching for <gz-sensors8> component [lidar]\n'}
[1.210630] (F450_description) StdoutLine: {'line': b'-- Looking for gz-sensors8-lidar -- found version 8.2.0\n'}
[1.211022] (F450_description) StdoutLine: {'line': b'-- Searching for dependencies of gz-sensors8-lidar\n'}
[1.211436] (F450_description) StdoutLine: {'line': b'-- Looking for gz-sensors8 -- found version 8.2.0\n'}
[1.212098] (F450_description) StdoutLine: {'line': b'-- Searching for <gz-sensors8> component [gpu_lidar]\n'}
[1.214736] (F450_description) StdoutLine: {'line': b'-- Looking for gz-sensors8-gpu_lidar -- found version 8.2.0\n'}
[1.215231] (F450_description) StdoutLine: {'line': b'-- Searching for dependencies of gz-sensors8-gpu_lidar\n'}
[1.215623] (F450_description) StdoutLine: {'line': b'-- Looking for gz-sensors8 -- found version 8.2.0\n'}
[1.216175] (F450_description) StdoutLine: {'line': b'-- Searching for <gz-sensors8> component [camera]\n'}
[1.218696] (F450_description) StdoutLine: {'line': b'-- Looking for gz-sensors8-camera -- found version 8.2.0\n'}
[1.219184] (F450_description) StdoutLine: {'line': b'-- Searching for dependencies of gz-sensors8-camera\n'}
[1.219614] (F450_description) StdoutLine: {'line': b'-- Looking for gz-sensors8 -- found version 8.2.0\n'}
[1.220172] (F450_description) StdoutLine: {'line': b'-- Searching for <gz-sensors8> component [boundingbox_camera]\n'}
[1.222690] (F450_description) StdoutLine: {'line': b'-- Looking for gz-sensors8-boundingbox_camera -- found version 8.2.0\n'}
[1.223117] (F450_description) StdoutLine: {'line': b'-- Searching for dependencies of gz-sensors8-boundingbox_camera\n'}
[1.223713] (F450_description) StdoutLine: {'line': b'-- Searching for <gz-sensors8> component [segmentation_camera]\n'}
[1.226198] (F450_description) StdoutLine: {'line': b'-- Looking for gz-sensors8-segmentation_camera -- found version 8.2.0\n'}
[1.226735] (F450_description) StdoutLine: {'line': b'-- Searching for dependencies of gz-sensors8-segmentation_camera\n'}
[1.227216] (F450_description) StdoutLine: {'line': b'-- Searching for <gz-sensors8> component [depth_camera]\n'}
[1.229812] (F450_description) StdoutLine: {'line': b'-- Looking for gz-sensors8-depth_camera -- found version 8.2.0\n'}
[1.230392] (F450_description) StdoutLine: {'line': b'-- Searching for dependencies of gz-sensors8-depth_camera\n'}
[1.230816] (F450_description) StdoutLine: {'line': b'-- Looking for gz-sensors8 -- found version 8.2.0\n'}
[1.231503] (F450_description) StdoutLine: {'line': b'-- Searching for <gz-sensors8> component [rgbd_camera]\n'}
[1.233995] (F450_description) StdoutLine: {'line': b'-- Looking for gz-sensors8-rgbd_camera -- found version 8.2.0\n'}
[1.234548] (F450_description) StdoutLine: {'line': b'-- Searching for dependencies of gz-sensors8-rgbd_camera\n'}
[1.234935] (F450_description) StdoutLine: {'line': b'-- Looking for gz-sensors8 -- found version 8.2.0\n'}
[1.235471] (F450_description) StdoutLine: {'line': b'-- Searching for <gz-sensors8> component [thermal_camera]\n'}
[1.238035] (F450_description) StdoutLine: {'line': b'-- Looking for gz-sensors8-thermal_camera -- found version 8.2.0\n'}
[1.238569] (F450_description) StdoutLine: {'line': b'-- Searching for dependencies of gz-sensors8-thermal_camera\n'}
[1.238956] (F450_description) StdoutLine: {'line': b'-- Looking for gz-sensors8 -- found version 8.2.0\n'}
[1.239548] (F450_description) StdoutLine: {'line': b'-- Searching for <gz-sensors8> component [wide_angle_camera]\n'}
[1.242089] (F450_description) StdoutLine: {'line': b'-- Looking for gz-sensors8-wide_angle_camera -- found version 8.2.0\n'}
[1.242608] (F450_description) StdoutLine: {'line': b'-- Searching for dependencies of gz-sensors8-wide_angle_camera\n'}
[1.243671] (F450_description) StdoutLine: {'line': b'-- Looking for gz-rendering8 -- found version 8.2.0\n'}
[1.244024] (F450_description) StdoutLine: {'line': b'-- Looking for gz-math7 -- found version 7.5.1\n'}
[1.244560] (F450_description) StdoutLine: {'line': b'-- Looking for gz-utils2 -- found version 2.2.0\n'}
[1.264512] (F450_description) StdoutLine: {'line': b'-- Looking for gz-sim8 - found\n'}
[1.264701] (F450_description) StdoutLine: {'line': b'\n'}
[1.264846] (F450_description) StdoutLine: {'line': b'-- Compiling against Gazebo Harmonic\n'}
[1.265021] (F450_description) StdoutLine: {'line': b'-- RapidJSON found. Headers: /usr/include\n'}
[1.301004] (-) TimerEvent: {}
[1.321416] (F450_description) StderrLine: {'line': b'WARNING: Package name "F450_description" does not follow the naming conventions. It should start with a lower case letter and only contain lower case letters, digits, underscores, and dashes.\n'}
[1.336264] (F450_description) StdoutLine: {'line': b'-- Configuring done\n'}
[1.364667] (F450_description) StdoutLine: {'line': b'-- Generating done\n'}
[1.366951] (F450_description) StdoutLine: {'line': b'-- Build files have been written to: /home/fwd/ros2_ws/src/F450_description/build/F450_description\n'}
[1.375861] (F450_description) CommandEnded: {'returncode': 0}
[1.376684] (F450_description) JobProgress: {'identifier': 'F450_description', 'progress': 'build'}
[1.377544] (F450_description) Command: {'cmd': ['/usr/bin/cmake', '--build', '/home/fwd/ros2_ws/src/F450_description/build/F450_description', '--', '-j8', '-l8'], 'cwd': '/home/fwd/ros2_ws/src/F450_description/build/F450_description', 'env': OrderedDict([('LANGUAGE', 'en_IN:en'), ('USER', 'fwd'), ('GIO_MODULE_DIR', '/home/fwd/snap/code/common/.cache/gio-modules'), ('XDG_SESSION_TYPE', 'x11'), ('GIT_ASKPASS', '/snap/code/167/usr/share/code/resources/app/extensions/git/dist/askpass.sh'), ('GTK_EXE_PREFIX_VSCODE_SNAP_ORIG', ''), ('GDK_BACKEND_VSCODE_SNAP_ORIG', ''), ('SHLVL', '2'), ('LD_LIBRARY_PATH', '/opt/ros/humble/opt/rviz_ogre_vendor/lib:/opt/ros/humble/lib/x86_64-linux-gnu:/opt/ros/humble/lib'), ('HOME', '/home/fwd'), ('CHROME_DESKTOP', 'code-url-handler.desktop'), ('LOCPATH_VSCODE_SNAP_ORIG', ''), ('TERM_PROGRAM_VERSION', '1.92.2'), ('DESKTOP_SESSION', 'ubuntu'), ('GTK_PATH', '/snap/code/167/usr/lib/x86_64-linux-gnu/gtk-3.0'), ('GTK_IM_MODULE_FILE', '/home/fwd/snap/code/common/.cache/immodules/immodules.cache'), ('ROS_PYTHON_VERSION', '3'), ('GNOME_SHELL_SESSION_MODE', 'ubuntu'), ('GTK_MODULES', 'gail:atk-bridge'), ('GSETTINGS_SCHEMA_DIR_VSCODE_SNAP_ORIG', ''), ('VSCODE_GIT_ASKPASS_MAIN', '/snap/code/167/usr/share/code/resources/app/extensions/git/dist/askpass-main.js'), ('VSCODE_GIT_ASKPASS_NODE', '/snap/code/167/usr/share/code/code'), ('DBUS_STARTER_BUS_TYPE', 'session'), ('SYSTEMD_EXEC_PID', '1985'), ('DBUS_SESSION_BUS_ADDRESS', 'unix:path=/run/user/1000/bus,guid=2ca968c8f5eed33adb47ace566ceb1f5'), ('COLORTERM', 'truecolor'), ('COLCON_PREFIX_PATH', '/home/fwd/ros2_ws/src/F450_description/install:/home/fwd/ros2_ws/install:/home/fwd/install'), ('ROS_DISTRO', 'humble'), ('GTK_IM_MODULE', 'ibus'), ('LOGNAME', 'fwd'), ('_', '/usr/bin/colcon'), ('ROS_VERSION', '2'), ('XDG_CONFIG_DIRS_VSCODE_SNAP_ORIG', '/etc/xdg/xdg-ubuntu:/etc/xdg'), ('XDG_SESSION_CLASS', 'user'), ('XDG_DATA_DIRS_VSCODE_SNAP_ORIG', '/usr/share/ubuntu:/usr/share/gnome:/usr/local/share/:/usr/share/:/var/lib/snapd/desktop'), ('USERNAME', 'fwd'), ('TERM', 'xterm-256color'), ('GNOME_DESKTOP_SESSION_ID', 'this-is-deprecated'), ('ROS_LOCALHOST_ONLY', '0'), ('WINDOWPATH', '2'), ('PATH', '/usr/lib/ccache:/usr/lib/ccache:/usr/lib/ccache:/home/fwd/ardupilot/Tools/autotest:/opt/gcc-arm-none-eabi-10-2020-q4-major/bin:/home/fwd/.local/bin:/opt/ros/humble/bin:/usr/lib/ccache:/usr/local/sbin:/usr/local/bin:/usr/sbin:/usr/bin:/sbin:/bin:/usr/games:/usr/local/games:/snap/bin:/snap/bin:/home/fwd/ardupilot/Tools/autotest:/home/fwd/ardupilot/Tools/autotest:/home/fwd/ardupilot/Tools/autotest'), ('SESSION_MANAGER', 'local/fwd:@/tmp/.ICE-unix/1985,unix/fwd:/tmp/.ICE-unix/1985'), ('GTK_EXE_PREFIX', '/snap/code/167/usr'), ('XDG_MENU_PREFIX', 'gnome-'), ('GNOME_TERMINAL_SCREEN', '/org/gnome/Terminal/screen/5da2081e_4397_46ef_88b6_c5b288635ef8'), ('XDG_RUNTIME_DIR', '/run/user/1000'), ('GDK_BACKEND', 'x11'), ('DISPLAY', ':0'), ('LOCPATH', '/snap/code/167/usr/lib/locale'), ('LANG', 'en_US.UTF-8'), ('XDG_CURRENT_DESKTOP', 'Unity'), ('GIO_MODULE_DIR_VSCODE_SNAP_ORIG', ''), ('XMODIFIERS', '@im=ibus'), ('XDG_SESSION_DESKTOP', 'ubuntu'), ('XAUTHORITY', '/run/user/1000/gdm/Xauthority'), ('VSCODE_GIT_IPC_HANDLE', '/run/user/1000/vscode-git-3a15c622f6.sock'), ('GNOME_TERMINAL_SERVICE', ':1.95'), ('TERM_PROGRAM', 'vscode'), ('SSH_AGENT_LAUNCHER', 'gnome-keyring'), ('SSH_AUTH_SOCK', '/run/user/1000/keyring/ssh'), ('GSETTINGS_SCHEMA_DIR', '/home/fwd/snap/code/167/.local/share/glib-2.0/schemas'), ('AMENT_PREFIX_PATH', '/home/fwd/ros2_ws/install/sampleurdf:/home/fwd/ros2_ws/install/my_first_pkg:/home/fwd/ros2_ws/install/F450_description:/home/fwd/install/sampleurdf:/opt/ros/humble'), ('ORIGINAL_XDG_CURRENT_DESKTOP', 'ubuntu:GNOME'), ('SHELL', '/bin/bash'), ('QT_ACCESSIBILITY', '1'), ('GDMSESSION', 'ubuntu'), ('GTK_PATH_VSCODE_SNAP_ORIG', ''), ('GTK_IM_MODULE_FILE_VSCODE_SNAP_ORIG', ''), ('GPG_AGENT_INFO', '/run/user/1000/gnupg/S.gpg-agent:0:1'), ('VSCODE_GIT_ASKPASS_EXTRA_ARGS', ''), ('QT_IM_MODULE', 'ibus'), ('PWD', '/home/fwd/ros2_ws/src/F450_description/build/F450_description'), ('LC_ALL', 'en_US.UTF-8'), ('XDG_CONFIG_DIRS', '/etc/xdg/xdg-ubuntu:/etc/xdg'), ('DBUS_STARTER_ADDRESS', 'unix:path=/run/user/1000/bus,guid=2ca968c8f5eed33adb47ace566ceb1f5'), ('XDG_DATA_DIRS', '/home/fwd/snap/code/167/.local/share:/home/fwd/snap/code/167:/snap/code/167/usr/share:/usr/share/ubuntu:/usr/share/gnome:/usr/local/share/:/usr/share/:/var/lib/snapd/desktop'), ('PYTHONPATH', '/home/fwd/ros2_ws/build/F450_description:/home/fwd/ros2_ws/install/F450_description/lib/python3.10/site-packages:/opt/ros/humble/lib/python3.10/site-packages:/opt/ros/humble/local/lib/python3.10/dist-packages'), ('COLCON', '1'), ('VTE_VERSION', '6800'), ('CMAKE_PREFIX_PATH', '/home/fwd/ros2_ws/install/sampleurdf:/home/fwd/ros2_ws/install/my_first_pkg:/home/fwd/install/sampleurdf')]), 'shell': False}
[1.401142] (-) TimerEvent: {}
[1.427992] (F450_description) StdoutLine: {'line': b'[ 10%] \x1b[32mBuilding CXX object CMakeFiles/CameraZoomPlugin.dir/src/CameraZoomPlugin.cc.o\x1b[0m\n'}
[1.428297] (F450_description) StdoutLine: {'line': b'[ 20%] \x1b[32mBuilding CXX object CMakeFiles/ArduPilotPlugin.dir/src/SocketUDP.cc.o\x1b[0m\n'}
[1.429658] (F450_description) StdoutLine: {'line': b'[ 40%] \x1b[32mBuilding CXX object CMakeFiles/ParachutePlugin.dir/src/ParachutePlugin.cc.o\x1b[0m\n'}
[1.429882] (F450_description) StdoutLine: {'line': b'[ 40%] \x1b[32mBuilding CXX object CMakeFiles/ArduPilotPlugin.dir/src/ArduPilotPlugin.cc.o\x1b[0m\n'}
[1.430924] (F450_description) StdoutLine: {'line': b'[ 50%] \x1b[32mBuilding CXX object CMakeFiles/ArduPilotPlugin.dir/src/Util.cc.o\x1b[0m\n'}
[1.431140] (F450_description) StdoutLine: {'line': b'[ 60%] \x1b[32mBuilding CXX object CMakeFiles/GstCameraPlugin.dir/src/GstCameraPlugin.cc.o\x1b[0m\n'}
[1.501274] (-) TimerEvent: {}
[1.601544] (-) TimerEvent: {}
[1.701823] (-) TimerEvent: {}
[1.802079] (-) TimerEvent: {}
[1.902389] (-) TimerEvent: {}
[2.002680] (-) TimerEvent: {}
[2.103002] (-) TimerEvent: {}
[2.203268] (-) TimerEvent: {}
[2.303584] (-) TimerEvent: {}
[2.403867] (-) TimerEvent: {}
[2.504157] (-) TimerEvent: {}
[2.604494] (-) TimerEvent: {}
[2.704804] (-) TimerEvent: {}
[2.805120] (-) TimerEvent: {}
[2.905398] (-) TimerEvent: {}
[3.005702] (-) TimerEvent: {}
[3.106016] (-) TimerEvent: {}
[3.206365] (-) TimerEvent: {}
[3.306677] (-) TimerEvent: {}
[3.407001] (-) TimerEvent: {}
[3.507324] (-) TimerEvent: {}
[3.608417] (-) TimerEvent: {}
[3.709155] (-) TimerEvent: {}
[3.809499] (-) TimerEvent: {}
[3.909874] (-) TimerEvent: {}
[4.010232] (-) TimerEvent: {}
[4.110610] (-) TimerEvent: {}
[4.210961] (-) TimerEvent: {}
[4.311347] (-) TimerEvent: {}
[4.411717] (-) TimerEvent: {}
[4.512303] (-) TimerEvent: {}
[4.612612] (-) TimerEvent: {}
[4.712963] (-) TimerEvent: {}
[4.813497] (-) TimerEvent: {}
[4.914016] (-) TimerEvent: {}
[5.014540] (-) TimerEvent: {}
[5.114878] (-) TimerEvent: {}
[5.215232] (-) TimerEvent: {}
[5.315570] (-) TimerEvent: {}
[5.415947] (-) TimerEvent: {}
[5.516349] (-) TimerEvent: {}
[5.616622] (-) TimerEvent: {}
[5.716931] (-) TimerEvent: {}
[5.817274] (-) TimerEvent: {}
[5.917597] (-) TimerEvent: {}
[6.017904] (-) TimerEvent: {}
[6.118220] (-) TimerEvent: {}
[6.218536] (-) TimerEvent: {}
[6.318848] (-) TimerEvent: {}
[6.419163] (-) TimerEvent: {}
[6.519470] (-) TimerEvent: {}
[6.621394] (-) TimerEvent: {}
[6.721719] (-) TimerEvent: {}
[6.822018] (-) TimerEvent: {}
[6.922303] (-) TimerEvent: {}
[7.022601] (-) TimerEvent: {}
[7.122897] (-) TimerEvent: {}
[7.223195] (-) TimerEvent: {}
[7.323522] (-) TimerEvent: {}
[7.423846] (-) TimerEvent: {}
[7.524152] (-) TimerEvent: {}
[7.624471] (-) TimerEvent: {}
[7.724788] (-) TimerEvent: {}
[7.825123] (-) TimerEvent: {}
[7.925427] (-) TimerEvent: {}
[8.025718] (-) TimerEvent: {}
[8.126019] (-) TimerEvent: {}
[8.226290] (-) TimerEvent: {}
[8.326579] (-) TimerEvent: {}
[8.426861] (-) TimerEvent: {}
[8.527149] (-) TimerEvent: {}
[8.627391] (-) TimerEvent: {}
[8.727681] (-) TimerEvent: {}
[8.827976] (-) TimerEvent: {}
[8.928268] (-) TimerEvent: {}
[9.028568] (-) TimerEvent: {}
[9.128846] (-) TimerEvent: {}
[9.227740] (F450_description) StdoutLine: {'line': b'[ 70%] \x1b[32m\x1b[1mLinking CXX shared library libParachutePlugin.so\x1b[0m\n'}
[9.228926] (-) TimerEvent: {}
[9.329203] (-) TimerEvent: {}
[9.429511] (-) TimerEvent: {}
[9.529813] (-) TimerEvent: {}
[9.618552] (F450_description) StdoutLine: {'line': b'[ 70%] Built target ParachutePlugin\n'}
[9.629906] (-) TimerEvent: {}
[9.730177] (-) TimerEvent: {}
[9.830460] (-) TimerEvent: {}
[9.930999] (-) TimerEvent: {}
[10.031305] (-) TimerEvent: {}
[10.103640] (F450_description) StdoutLine: {'line': b'[ 80%] \x1b[32m\x1b[1mLinking CXX shared library libCameraZoomPlugin.so\x1b[0m\n'}
[10.131429] (-) TimerEvent: {}
[10.231694] (-) TimerEvent: {}
[10.332435] (-) TimerEvent: {}
[10.381042] (F450_description) StdoutLine: {'line': b'[ 90%] \x1b[32m\x1b[1mLinking CXX shared library libArduPilotPlugin.so\x1b[0m\n'}
[10.432549] (-) TimerEvent: {}
[10.532881] (-) TimerEvent: {}
[10.558629] (F450_description) StdoutLine: {'line': b'[ 90%] Built target CameraZoomPlugin\n'}
[10.632992] (-) TimerEvent: {}
[10.733306] (-) TimerEvent: {}
[10.833617] (-) TimerEvent: {}
[10.850913] (F450_description) StdoutLine: {'line': b'[ 90%] Built target ArduPilotPlugin\n'}
[10.933718] (-) TimerEvent: {}
[11.034120] (-) TimerEvent: {}
[11.046134] (F450_description) StdoutLine: {'line': b'[100%] \x1b[32m\x1b[1mLinking CXX shared library libGstCameraPlugin.so\x1b[0m\n'}
[11.134261] (-) TimerEvent: {}
[11.234524] (-) TimerEvent: {}
[11.334806] (-) TimerEvent: {}
[11.435137] (-) TimerEvent: {}
[11.485315] (F450_description) StdoutLine: {'line': b'[100%] Built target GstCameraPlugin\n'}
[11.496247] (F450_description) CommandEnded: {'returncode': 0}
[11.534245] (F450_description) JobProgress: {'identifier': 'F450_description', 'progress': 'install'}
[11.535255] (-) TimerEvent: {}
[11.544171] (F450_description) Command: {'cmd': ['/usr/bin/cmake', '--install', '/home/fwd/ros2_ws/src/F450_description/build/F450_description'], 'cwd': '/home/fwd/ros2_ws/src/F450_description/build/F450_description', 'env': OrderedDict([('LANGUAGE', 'en_IN:en'), ('USER', 'fwd'), ('GIO_MODULE_DIR', '/home/fwd/snap/code/common/.cache/gio-modules'), ('XDG_SESSION_TYPE', 'x11'), ('GIT_ASKPASS', '/snap/code/167/usr/share/code/resources/app/extensions/git/dist/askpass.sh'), ('GTK_EXE_PREFIX_VSCODE_SNAP_ORIG', ''), ('GDK_BACKEND_VSCODE_SNAP_ORIG', ''), ('SHLVL', '2'), ('LD_LIBRARY_PATH', '/opt/ros/humble/opt/rviz_ogre_vendor/lib:/opt/ros/humble/lib/x86_64-linux-gnu:/opt/ros/humble/lib'), ('HOME', '/home/fwd'), ('CHROME_DESKTOP', 'code-url-handler.desktop'), ('LOCPATH_VSCODE_SNAP_ORIG', ''), ('TERM_PROGRAM_VERSION', '1.92.2'), ('DESKTOP_SESSION', 'ubuntu'), ('GTK_PATH', '/snap/code/167/usr/lib/x86_64-linux-gnu/gtk-3.0'), ('GTK_IM_MODULE_FILE', '/home/fwd/snap/code/common/.cache/immodules/immodules.cache'), ('ROS_PYTHON_VERSION', '3'), ('GNOME_SHELL_SESSION_MODE', 'ubuntu'), ('GTK_MODULES', 'gail:atk-bridge'), ('GSETTINGS_SCHEMA_DIR_VSCODE_SNAP_ORIG', ''), ('VSCODE_GIT_ASKPASS_MAIN', '/snap/code/167/usr/share/code/resources/app/extensions/git/dist/askpass-main.js'), ('VSCODE_GIT_ASKPASS_NODE', '/snap/code/167/usr/share/code/code'), ('DBUS_STARTER_BUS_TYPE', 'session'), ('SYSTEMD_EXEC_PID', '1985'), ('DBUS_SESSION_BUS_ADDRESS', 'unix:path=/run/user/1000/bus,guid=2ca968c8f5eed33adb47ace566ceb1f5'), ('COLORTERM', 'truecolor'), ('COLCON_PREFIX_PATH', '/home/fwd/ros2_ws/src/F450_description/install:/home/fwd/ros2_ws/install:/home/fwd/install'), ('ROS_DISTRO', 'humble'), ('GTK_IM_MODULE', 'ibus'), ('LOGNAME', 'fwd'), ('_', '/usr/bin/colcon'), ('ROS_VERSION', '2'), ('XDG_CONFIG_DIRS_VSCODE_SNAP_ORIG', '/etc/xdg/xdg-ubuntu:/etc/xdg'), ('XDG_SESSION_CLASS', 'user'), ('XDG_DATA_DIRS_VSCODE_SNAP_ORIG', '/usr/share/ubuntu:/usr/share/gnome:/usr/local/share/:/usr/share/:/var/lib/snapd/desktop'), ('USERNAME', 'fwd'), ('TERM', 'xterm-256color'), ('GNOME_DESKTOP_SESSION_ID', 'this-is-deprecated'), ('ROS_LOCALHOST_ONLY', '0'), ('WINDOWPATH', '2'), ('PATH', '/usr/lib/ccache:/usr/lib/ccache:/usr/lib/ccache:/home/fwd/ardupilot/Tools/autotest:/opt/gcc-arm-none-eabi-10-2020-q4-major/bin:/home/fwd/.local/bin:/opt/ros/humble/bin:/usr/lib/ccache:/usr/local/sbin:/usr/local/bin:/usr/sbin:/usr/bin:/sbin:/bin:/usr/games:/usr/local/games:/snap/bin:/snap/bin:/home/fwd/ardupilot/Tools/autotest:/home/fwd/ardupilot/Tools/autotest:/home/fwd/ardupilot/Tools/autotest'), ('SESSION_MANAGER', 'local/fwd:@/tmp/.ICE-unix/1985,unix/fwd:/tmp/.ICE-unix/1985'), ('GTK_EXE_PREFIX', '/snap/code/167/usr'), ('XDG_MENU_PREFIX', 'gnome-'), ('GNOME_TERMINAL_SCREEN', '/org/gnome/Terminal/screen/5da2081e_4397_46ef_88b6_c5b288635ef8'), ('XDG_RUNTIME_DIR', '/run/user/1000'), ('GDK_BACKEND', 'x11'), ('DISPLAY', ':0'), ('LOCPATH', '/snap/code/167/usr/lib/locale'), ('LANG', 'en_US.UTF-8'), ('XDG_CURRENT_DESKTOP', 'Unity'), ('GIO_MODULE_DIR_VSCODE_SNAP_ORIG', ''), ('XMODIFIERS', '@im=ibus'), ('XDG_SESSION_DESKTOP', 'ubuntu'), ('XAUTHORITY', '/run/user/1000/gdm/Xauthority'), ('VSCODE_GIT_IPC_HANDLE', '/run/user/1000/vscode-git-3a15c622f6.sock'), ('GNOME_TERMINAL_SERVICE', ':1.95'), ('TERM_PROGRAM', 'vscode'), ('SSH_AGENT_LAUNCHER', 'gnome-keyring'), ('SSH_AUTH_SOCK', '/run/user/1000/keyring/ssh'), ('GSETTINGS_SCHEMA_DIR', '/home/fwd/snap/code/167/.local/share/glib-2.0/schemas'), ('AMENT_PREFIX_PATH', '/home/fwd/ros2_ws/install/sampleurdf:/home/fwd/ros2_ws/install/my_first_pkg:/home/fwd/ros2_ws/install/F450_description:/home/fwd/install/sampleurdf:/opt/ros/humble'), ('ORIGINAL_XDG_CURRENT_DESKTOP', 'ubuntu:GNOME'), ('SHELL', '/bin/bash'), ('QT_ACCESSIBILITY', '1'), ('GDMSESSION', 'ubuntu'), ('GTK_PATH_VSCODE_SNAP_ORIG', ''), ('GTK_IM_MODULE_FILE_VSCODE_SNAP_ORIG', ''), ('GPG_AGENT_INFO', '/run/user/1000/gnupg/S.gpg-agent:0:1'), ('VSCODE_GIT_ASKPASS_EXTRA_ARGS', ''), ('QT_IM_MODULE', 'ibus'), ('PWD', '/home/fwd/ros2_ws/src/F450_description/build/F450_description'), ('LC_ALL', 'en_US.UTF-8'), ('XDG_CONFIG_DIRS', '/etc/xdg/xdg-ubuntu:/etc/xdg'), ('DBUS_STARTER_ADDRESS', 'unix:path=/run/user/1000/bus,guid=2ca968c8f5eed33adb47ace566ceb1f5'), ('XDG_DATA_DIRS', '/home/fwd/snap/code/167/.local/share:/home/fwd/snap/code/167:/snap/code/167/usr/share:/usr/share/ubuntu:/usr/share/gnome:/usr/local/share/:/usr/share/:/var/lib/snapd/desktop'), ('PYTHONPATH', '/home/fwd/ros2_ws/build/F450_description:/home/fwd/ros2_ws/install/F450_description/lib/python3.10/site-packages:/opt/ros/humble/lib/python3.10/site-packages:/opt/ros/humble/local/lib/python3.10/dist-packages'), ('COLCON', '1'), ('VTE_VERSION', '6800'), ('CMAKE_PREFIX_PATH', '/home/fwd/ros2_ws/install/sampleurdf:/home/fwd/ros2_ws/install/my_first_pkg:/home/fwd/install/sampleurdf')]), 'shell': False}
[11.552238] (F450_description) StdoutLine: {'line': b'-- Install configuration: ""\n'}
[11.552479] (F450_description) StdoutLine: {'line': b'-- Installing: /home/fwd/ros2_ws/src/F450_description/install/F450_description/lib/F450_description/libArduPilotPlugin.so\n'}
[11.556776] (F450_description) StdoutLine: {'line': b'-- Installing: /home/fwd/ros2_ws/src/F450_description/install/F450_description/lib/F450_description/libParachutePlugin.so\n'}
[11.560268] (F450_description) StdoutLine: {'line': b'-- Installing: /home/fwd/ros2_ws/src/F450_description/install/F450_description/lib/F450_description/libCameraZoomPlugin.so\n'}
[11.563335] (F450_description) StdoutLine: {'line': b'-- Installing: /home/fwd/ros2_ws/src/F450_description/install/F450_description/lib/F450_description/libGstCameraPlugin.so\n'}
[11.565233] (F450_description) StdoutLine: {'line': b'-- Installing: /home/fwd/ros2_ws/src/F450_description/install/F450_description/share/F450_description/config\n'}
[11.565438] (F450_description) StdoutLine: {'line': b'-- Installing: /home/fwd/ros2_ws/src/F450_description/install/F450_description/share/F450_description/config/display.rviz\n'}
[11.565607] (F450_description) StdoutLine: {'line': b'-- Installing: /home/fwd/ros2_ws/src/F450_description/install/F450_description/share/F450_description/models\n'}
[11.565777] (F450_description) StdoutLine: {'line': b'-- Installing: /home/fwd/ros2_ws/src/F450_description/install/F450_description/share/F450_description/worlds\n'}
[11.565919] (F450_description) StdoutLine: {'line': b'-- Installing: /home/fwd/ros2_ws/src/F450_description/install/F450_description/share/F450_description/worlds/custom_world.sdf\n'}
[11.566031] (F450_description) StdoutLine: {'line': b'-- Installing: /home/fwd/ros2_ws/src/F450_description/install/F450_description/share/F450_description/environment/F450_description.dsv\n'}
[11.566125] (F450_description) StdoutLine: {'line': b'-- Installing: /home/fwd/ros2_ws/src/F450_description/install/F450_description/share/F450_description/environment/F450_description.sh\n'}
[11.566364] (F450_description) StdoutLine: {'line': b'-- Installing: /home/fwd/ros2_ws/src/F450_description/install/F450_description/share/ament_index/resource_index/package_run_dependencies/F450_description\n'}
[11.566678] (F450_description) StdoutLine: {'line': b'-- Installing: /home/fwd/ros2_ws/src/F450_description/install/F450_description/share/ament_index/resource_index/parent_prefix_path/F450_description\n'}
[11.566992] (F450_description) StdoutLine: {'line': b'-- Installing: /home/fwd/ros2_ws/src/F450_description/install/F450_description/share/F450_description/environment/ament_prefix_path.sh\n'}
[11.567321] (F450_description) StdoutLine: {'line': b'-- Installing: /home/fwd/ros2_ws/src/F450_description/install/F450_description/share/F450_description/environment/ament_prefix_path.dsv\n'}
[11.567664] (F450_description) StdoutLine: {'line': b'-- Installing: /home/fwd/ros2_ws/src/F450_description/install/F450_description/share/F450_description/environment/path.sh\n'}
[11.567931] (F450_description) StdoutLine: {'line': b'-- Installing: /home/fwd/ros2_ws/src/F450_description/install/F450_description/share/F450_description/environment/path.dsv\n'}
[11.568153] (F450_description) StdoutLine: {'line': b'-- Installing: /home/fwd/ros2_ws/src/F450_description/install/F450_description/share/F450_description/local_setup.bash\n'}
[11.568325] (F450_description) StdoutLine: {'line': b'-- Installing: /home/fwd/ros2_ws/src/F450_description/install/F450_description/share/F450_description/local_setup.sh\n'}
[11.568517] (F450_description) StdoutLine: {'line': b'-- Installing: /home/fwd/ros2_ws/src/F450_description/install/F450_description/share/F450_description/local_setup.zsh\n'}
[11.568696] (F450_description) StdoutLine: {'line': b'-- Installing: /home/fwd/ros2_ws/src/F450_description/install/F450_description/share/F450_description/local_setup.dsv\n'}
[11.568887] (F450_description) StdoutLine: {'line': b'-- Installing: /home/fwd/ros2_ws/src/F450_description/install/F450_description/share/F450_description/package.dsv\n'}
[11.569134] (F450_description) StdoutLine: {'line': b'-- Installing: /home/fwd/ros2_ws/src/F450_description/install/F450_description/share/ament_index/resource_index/packages/F450_description\n'}
[11.569383] (F450_description) StdoutLine: {'line': b'-- Installing: /home/fwd/ros2_ws/src/F450_description/install/F450_description/share/F450_description/cmake/F450_descriptionConfig.cmake\n'}
[11.569550] (F450_description) StdoutLine: {'line': b'-- Installing: /home/fwd/ros2_ws/src/F450_description/install/F450_description/share/F450_description/cmake/F450_descriptionConfig-version.cmake\n'}
[11.569782] (F450_description) StdoutLine: {'line': b'-- Installing: /home/fwd/ros2_ws/src/F450_description/install/F450_description/share/F450_description/package.xml\n'}
[11.572616] (F450_description) CommandEnded: {'returncode': 0}
[11.583992] (F450_description) JobEnded: {'identifier': 'F450_description', 'rc': 0}
[11.584949] (-) EventReactorShutdown: {}
