[0.000000] (-) TimerEvent: {}
[0.000118] (F450_description) JobQueued: {'identifier': 'F450_description', 'dependencies': OrderedDict()}
[0.000169] (F450_description) JobStarted: {'identifier': 'F450_description'}
[0.009033] (F450_description) JobProgress: {'identifier': 'F450_description', 'progress': 'cmake'}
[0.009736] (F450_description) Command: {'cmd': ['/usr/bin/cmake', '/home/fwd/ros2_ws/src/F450_description', '-DCMAKE_INSTALL_PREFIX=/home/fwd/ros2_ws/src/F450_description/install/F450_description'], 'cwd': '/home/fwd/ros2_ws/src/F450_description/build/F450_description', 'env': OrderedDict([('LANGUAGE', 'en_IN:en'), ('USER', 'fwd'), ('GIO_MODULE_DIR', '/home/fwd/snap/code/common/.cache/gio-modules'), ('XDG_SESSION_TYPE', 'x11'), ('GIT_ASKPASS', '/snap/code/167/usr/share/code/resources/app/extensions/git/dist/askpass.sh'), ('GTK_EXE_PREFIX_VSCODE_SNAP_ORIG', ''), ('GDK_BACKEND_VSCODE_SNAP_ORIG', ''), ('SHLVL', '2'), ('LD_LIBRARY_PATH', '/opt/ros/humble/opt/rviz_ogre_vendor/lib:/opt/ros/humble/lib/x86_64-linux-gnu:/opt/ros/humble/lib'), ('HOME', '/home/fwd'), ('CHROME_DESKTOP', 'code-url-handler.desktop'), ('LOCPATH_VSCODE_SNAP_ORIG', ''), ('TERM_PROGRAM_VERSION', '1.92.2'), ('DESKTOP_SESSION', 'ubuntu'), ('GTK_PATH', '/snap/code/167/usr/lib/x86_64-linux-gnu/gtk-3.0'), ('GTK_IM_MODULE_FILE', '/home/fwd/snap/code/common/.cache/immodules/immodules.cache'), ('ROS_PYTHON_VERSION', '3'), ('GNOME_SHELL_SESSION_MODE', 'ubuntu'), ('GTK_MODULES', 'gail:atk-bridge'), ('GSETTINGS_SCHEMA_DIR_VSCODE_SNAP_ORIG', ''), ('VSCODE_GIT_ASKPASS_MAIN', '/snap/code/167/usr/share/code/resources/app/extensions/git/dist/askpass-main.js'), ('VSCODE_GIT_ASKPASS_NODE', '/snap/code/167/usr/share/code/code'), ('DBUS_STARTER_BUS_TYPE', 'session'), ('SYSTEMD_EXEC_PID', '1985'), ('DBUS_SESSION_BUS_ADDRESS', 'unix:path=/run/user/1000/bus,guid=2ca968c8f5eed33adb47ace566ceb1f5'), ('COLORTERM', 'truecolor'), ('COLCON_PREFIX_PATH', '/home/fwd/ros2_ws/src/F450_description/install:/home/fwd/ros2_ws/install:/home/fwd/install'), ('ROS_DISTRO', 'humble'), ('GTK_IM_MODULE', 'ibus'), ('LOGNAME', 'fwd'), ('_', '/usr/bin/colcon'), ('ROS_VERSION', '2'), ('XDG_CONFIG_DIRS_VSCODE_SNAP_ORIG', '/etc/xdg/xdg-ubuntu:/etc/xdg'), ('XDG_SESSION_CLASS', 'user'), ('XDG_DATA_DIRS_VSCODE_SNAP_ORIG', '/usr/share/ubuntu:/usr/share/gnome:/usr/local/share/:/usr/share/:/var/lib/snapd/desktop'), ('USERNAME', 'fwd'), ('TERM', 'xterm-256color'), ('GNOME_DESKTOP_SESSION_ID', 'this-is-deprecated'), ('ROS_LOCALHOST_ONLY', '0'), ('WINDOWPATH', '2'), ('PATH', '/usr/lib/ccache:/usr/lib/ccache:/usr/lib/ccache:/home/fwd/ardupilot/Tools/autotest:/opt/gcc-arm-none-eabi-10-2020-q4-major/bin:/home/fwd/.local/bin:/opt/ros/humble/bin:/usr/lib/ccache:/usr/local/sbin:/usr/local/bin:/usr/sbin:/usr/bin:/sbin:/bin:/usr/games:/usr/local/games:/snap/bin:/snap/bin:/home/fwd/ardupilot/Tools/autotest:/home/fwd/ardupilot/Tools/autotest:/home/fwd/ardupilot/Tools/autotest'), ('SESSION_MANAGER', 'local/fwd:@/tmp/.ICE-unix/1985,unix/fwd:/tmp/.ICE-unix/1985'), ('GTK_EXE_PREFIX', '/snap/code/167/usr'), ('XDG_MENU_PREFIX', 'gnome-'), ('GNOME_TERMINAL_SCREEN', '/org/gnome/Terminal/screen/5da2081e_4397_46ef_88b6_c5b288635ef8'), ('XDG_RUNTIME_DIR', '/run/user/1000'), ('GDK_BACKEND', 'x11'), ('DISPLAY', ':0'), ('LOCPATH', '/snap/code/167/usr/lib/locale'), ('LANG', 'en_US.UTF-8'), ('XDG_CURRENT_DESKTOP', 'Unity'), ('GIO_MODULE_DIR_VSCODE_SNAP_ORIG', ''), ('XMODIFIERS', '@im=ibus'), ('XDG_SESSION_DESKTOP', 'ubuntu'), ('XAUTHORITY', '/run/user/1000/gdm/Xauthority'), ('VSCODE_GIT_IPC_HANDLE', '/run/user/1000/vscode-git-3a15c622f6.sock'), ('GNOME_TERMINAL_SERVICE', ':1.95'), ('TERM_PROGRAM', 'vscode'), ('SSH_AGENT_LAUNCHER', 'gnome-keyring'), ('SSH_AUTH_SOCK', '/run/user/1000/keyring/ssh'), ('GSETTINGS_SCHEMA_DIR', '/home/fwd/snap/code/167/.local/share/glib-2.0/schemas'), ('AMENT_PREFIX_PATH', '/home/fwd/ros2_ws/install/sampleurdf:/home/fwd/ros2_ws/install/my_first_pkg:/home/fwd/ros2_ws/install/F450_description:/home/fwd/install/sampleurdf:/opt/ros/humble'), ('ORIGINAL_XDG_CURRENT_DESKTOP', 'ubuntu:GNOME'), ('SHELL', '/bin/bash'), ('QT_ACCESSIBILITY', '1'), ('GDMSESSION', 'ubuntu'), ('GTK_PATH_VSCODE_SNAP_ORIG', ''), ('GTK_IM_MODULE_FILE_VSCODE_SNAP_ORIG', ''), ('GPG_AGENT_INFO', '/run/user/1000/gnupg/S.gpg-agent:0:1'), ('VSCODE_GIT_ASKPASS_EXTRA_ARGS', ''), ('QT_IM_MODULE', 'ibus'), ('PWD', '/home/fwd/ros2_ws/src/F450_description/build/F450_description'), ('LC_ALL', 'en_US.UTF-8'), ('XDG_CONFIG_DIRS', '/etc/xdg/xdg-ubuntu:/etc/xdg'), ('DBUS_STARTER_ADDRESS', 'unix:path=/run/user/1000/bus,guid=2ca968c8f5eed33adb47ace566ceb1f5'), ('XDG_DATA_DIRS', '/home/fwd/snap/code/167/.local/share:/home/fwd/snap/code/167:/snap/code/167/usr/share:/usr/share/ubuntu:/usr/share/gnome:/usr/local/share/:/usr/share/:/var/lib/snapd/desktop'), ('PYTHONPATH', '/home/fwd/ros2_ws/build/F450_description:/home/fwd/ros2_ws/install/F450_description/lib/python3.10/site-packages:/opt/ros/humble/lib/python3.10/site-packages:/opt/ros/humble/local/lib/python3.10/dist-packages'), ('COLCON', '1'), ('VTE_VERSION', '6800'), ('CMAKE_PREFIX_PATH', '/home/fwd/ros2_ws/install/sampleurdf:/home/fwd/ros2_ws/install/my_first_pkg:/home/fwd/install/sampleurdf')]), 'shell': False}
[0.099441] (-) TimerEvent: {}
[0.154233] (F450_description) StderrLine: {'line': b'\x1b[0mBuilding F450_description as an `ament_cmake` project.\x1b[0m\n'}
[0.157799] (F450_description) StderrLine: {'line': b'\x1b[33mCMake Warning (dev) at /usr/share/cmake-3.22/Modules/FindPackageHandleStandardArgs.cmake:438 (message):\n'}
[0.157947] (F450_description) StderrLine: {'line': b'  The package name passed to `find_package_handle_standard_args` (PkgConfig)\n'}
[0.158038] (F450_description) StderrLine: {'line': b'  does not match the name of the calling package (gazebo).  This can lead to\n'}
[0.158124] (F450_description) StderrLine: {'line': b'  problems in calling code that expects `find_package` result variables\n'}
[0.158207] (F450_description) StderrLine: {'line': b'  (e.g., `_FOUND`) to follow a certain pattern.\n'}
[0.158296] (F450_description) StderrLine: {'line': b'Call Stack (most recent call first):\n'}
[0.158387] (F450_description) StderrLine: {'line': b'  /usr/share/cmake-3.22/Modules/FindPkgConfig.cmake:99 (find_package_handle_standard_args)\n'}
[0.158473] (F450_description) StderrLine: {'line': b'  /usr/lib/x86_64-linux-gnu/cmake/gazebo/gazebo-config.cmake:72 (include)\n'}
[0.158553] (F450_description) StderrLine: {'line': b'  CMakeLists.txt:177 (find_package)\n'}
[0.158634] (F450_description) StderrLine: {'line': b'This warning is for project developers.  Use -Wno-dev to suppress it.\n'}
[0.158715] (F450_description) StderrLine: {'line': b'\x1b[0m\n'}
[0.178308] (F450_description) StdoutLine: {'line': b'-- Found DART: /usr/include (Required is at least version "6.6") found components: dart \n'}
[0.199567] (-) TimerEvent: {}
[0.205246] (F450_description) StdoutLine: {'line': b'-- Found Protobuf: /usr/lib/x86_64-linux-gnu/libprotobuf.so (found version "3.12.4") \n'}
[0.206611] (F450_description) StdoutLine: {'line': b'-- Looking for ignition-math6 -- found version 6.15.1\n'}
[0.210625] (F450_description) StdoutLine: {'line': b'-- Searching for dependencies of ignition-math6\n'}
[0.212400] (F450_description) StdoutLine: {'line': b'-- Looking for OGRE...\n'}
[0.217383] (F450_description) StdoutLine: {'line': b'-- Found Ogre Ghadamon (1.9.0)\n'}
[0.217532] (F450_description) StdoutLine: {'line': b'-- Found OGRE: optimized;/usr/lib/x86_64-linux-gnu/libOgreMain.so;debug;/usr/lib/x86_64-linux-gnu/libOgreMain.so\n'}
[0.225915] (F450_description) StdoutLine: {'line': b'-- Looking for OGRE_Paging...\n'}
[0.226102] (F450_description) StdoutLine: {'line': b'-- Found OGRE_Paging: optimized;/usr/lib/x86_64-linux-gnu/libOgrePaging.so;debug;/usr/lib/x86_64-linux-gnu/libOgrePaging.so\n'}
[0.226207] (F450_description) StdoutLine: {'line': b'-- Looking for OGRE_Terrain...\n'}
[0.226377] (F450_description) StdoutLine: {'line': b'-- Found OGRE_Terrain: optimized;/usr/lib/x86_64-linux-gnu/libOgreTerrain.so;debug;/usr/lib/x86_64-linux-gnu/libOgreTerrain.so\n'}
[0.226496] (F450_description) StdoutLine: {'line': b'-- Looking for OGRE_Property...\n'}
[0.226573] (F450_description) StdoutLine: {'line': b'-- Found OGRE_Property: optimized;/usr/lib/x86_64-linux-gnu/libOgreProperty.so;debug;/usr/lib/x86_64-linux-gnu/libOgreProperty.so\n'}
[0.226627] (F450_description) StdoutLine: {'line': b'-- Looking for OGRE_RTShaderSystem...\n'}
[0.226678] (F450_description) StdoutLine: {'line': b'-- Found OGRE_RTShaderSystem: optimized;/usr/lib/x86_64-linux-gnu/libOgreRTShaderSystem.so;debug;/usr/lib/x86_64-linux-gnu/libOgreRTShaderSystem.so\n'}
[0.226729] (F450_description) StdoutLine: {'line': b'-- Looking for OGRE_Volume...\n'}
[0.226779] (F450_description) StdoutLine: {'line': b'-- Found OGRE_Volume: optimized;/usr/lib/x86_64-linux-gnu/libOgreVolume.so;debug;/usr/lib/x86_64-linux-gnu/libOgreVolume.so\n'}
[0.226829] (F450_description) StdoutLine: {'line': b'-- Looking for OGRE_Overlay...\n'}
[0.226877] (F450_description) StdoutLine: {'line': b'-- Found OGRE_Overlay: optimized;/usr/lib/x86_64-linux-gnu/libOgreOverlay.so;debug;/usr/lib/x86_64-linux-gnu/libOgreOverlay.so\n'}
[0.299685] (-) TimerEvent: {}
[0.332485] (F450_description) StdoutLine: {'line': b'-- Looking for ignition-math6 -- found version 6.15.1\n'}
[0.332814] (F450_description) StdoutLine: {'line': b'-- Looking for ignition-transport8 -- found version 8.2.1\n'}
[0.333199] (F450_description) StdoutLine: {'line': b'-- Searching for dependencies of ignition-transport8\n'}
[0.350136] (F450_description) StdoutLine: {'line': b'-- Found Protobuf: /usr/lib/x86_64-linux-gnu/libprotobuf.so (found suitable version "3.12.4", minimum required is "3") \n'}
[0.361229] (F450_description) StdoutLine: {'line': b'-- Config-file not installed for ZeroMQ -- checking for pkg-config\n'}
[0.365443] (F450_description) StdoutLine: {'line': b"-- Checking for module 'libzmq >= 4'\n"}
[0.375775] (F450_description) StdoutLine: {'line': b'--   Found libzmq , version 4.3.4\n'}
[0.399816] (-) TimerEvent: {}
[0.409188] (F450_description) StdoutLine: {'line': b"-- Checking for module 'uuid'\n"}
[0.420594] (F450_description) StdoutLine: {'line': b'--   Found uuid, version 2.37.2\n'}
[0.449301] (F450_description) StdoutLine: {'line': b'-- Looking for ignition-msgs5 -- found version 5.8.1\n'}
[0.449671] (F450_description) StdoutLine: {'line': b'-- Searching for dependencies of ignition-msgs5\n'}
[0.468313] (F450_description) StdoutLine: {'line': b'-- Looking for ignition-math6 -- found version 6.15.1\n'}
[0.472643] (F450_description) StdoutLine: {'line': b"-- Checking for module 'tinyxml2'\n"}
[0.482940] (F450_description) StdoutLine: {'line': b'--   Found tinyxml2, version 9.0.0\n'}
[0.499945] (-) TimerEvent: {}
[0.510041] (F450_description) StdoutLine: {'line': b'-- Looking for ignition-msgs5 -- found version 5.8.1\n'}
[0.510364] (F450_description) StdoutLine: {'line': b'-- Looking for ignition-common3 -- found version 3.14.0\n'}
[0.510901] (F450_description) StdoutLine: {'line': b'-- Searching for dependencies of ignition-common3\n'}
[0.511080] (F450_description) StdoutLine: {'line': b'-- Looking for dlfcn.h - found\n'}
[0.511169] (F450_description) StdoutLine: {'line': b'-- Looking for libdl - found\n'}
[0.521104] (F450_description) StdoutLine: {'line': b'-- Searching for <ignition-common3> component [graphics]\n'}
[0.521373] (F450_description) StdoutLine: {'line': b'-- Looking for ignition-common3-graphics -- found version 3.14.0\n'}
[0.521808] (F450_description) StdoutLine: {'line': b'-- Searching for dependencies of ignition-common3-graphics\n'}
[0.522128] (F450_description) StdoutLine: {'line': b'-- Looking for ignition-math6 -- found version 6.15.1\n'}
[0.523020] (F450_description) StdoutLine: {'line': b'-- Looking for ignition-fuel_tools4 -- found version 4.4.0\n'}
[0.523385] (F450_description) StdoutLine: {'line': b'-- Searching for dependencies of ignition-fuel_tools4\n'}
[0.557480] (F450_description) StdoutLine: {'line': b"-- Checking for module 'jsoncpp'\n"}
[0.567965] (F450_description) StdoutLine: {'line': b'--   Found jsoncpp, version 1.9.5\n'}
[0.598608] (F450_description) StdoutLine: {'line': b"-- Checking for module 'libzip'\n"}
[0.600054] (-) TimerEvent: {}
[0.610399] (F450_description) StdoutLine: {'line': b'--   Found libzip, version 1.7.3\n'}
[0.638774] (F450_description) StdoutLine: {'line': b'-- Looking for ignition-common3 -- found version 3.14.0\n'}
[0.639056] (F450_description) StdoutLine: {'line': b'-- Looking for ignition-math6 -- found version 6.15.1\n'}
[0.639373] (F450_description) StdoutLine: {'line': b'-- Looking for ignition-msgs5 -- found version 5.8.1\n'}
[0.640686] (F450_description) StdoutLine: {'line': b'-- Compiling against Gazebo Harmonic\n'}
[0.640834] (F450_description) StdoutLine: {'line': b'-- RapidJSON found. Headers: /usr/include\n'}
[0.697286] (F450_description) StderrLine: {'line': b'WARNING: Package name "F450_description" does not follow the naming conventions. It should start with a lower case letter and only contain lower case letters, digits, underscores, and dashes.\n'}
[0.700172] (-) TimerEvent: {}
[0.715058] (F450_description) StdoutLine: {'line': b'-- Configuring done\n'}
[0.718325] (F450_description) StderrLine: {'line': b'\x1b[31mCMake Error at CMakeLists.txt:204 (add_library):\n'}
[0.718586] (F450_description) StderrLine: {'line': b'  Target "ArduPilotPlugin" links to target "gazebo::gazebo" but the target\n'}
[0.718686] (F450_description) StderrLine: {'line': b'  was not found.  Perhaps a find_package() call is missing for an IMPORTED\n'}
[0.718772] (F450_description) StderrLine: {'line': b'  target, or an ALIAS target is missing?\n'}
[0.718855] (F450_description) StderrLine: {'line': b'\n'}
[0.718936] (F450_description) StderrLine: {'line': b'\x1b[0m\n'}
[0.719015] (F450_description) StderrLine: {'line': b'\x1b[31mCMake Error at CMakeLists.txt:217 (add_library):\n'}
[0.719097] (F450_description) StderrLine: {'line': b'  Target "ParachutePlugin" links to target "gazebo::gazebo" but the target\n'}
[0.719176] (F450_description) StderrLine: {'line': b'  was not found.  Perhaps a find_package() call is missing for an IMPORTED\n'}
[0.719258] (F450_description) StderrLine: {'line': b'  target, or an ALIAS target is missing?\n'}
[0.719356] (F450_description) StderrLine: {'line': b'\n'}
[0.719442] (F450_description) StderrLine: {'line': b'\x1b[0m\n'}
[0.719522] (F450_description) StderrLine: {'line': b'\x1b[31mCMake Error at CMakeLists.txt:228 (add_library):\n'}
[0.719604] (F450_description) StderrLine: {'line': b'  Target "CameraZoomPlugin" links to target "gazebo_common::gazebo_common"\n'}
[0.719683] (F450_description) StderrLine: {'line': b'  but the target was not found.  Perhaps a find_package() call is missing for\n'}
[0.719765] (F450_description) StderrLine: {'line': b'  an IMPORTED target, or an ALIAS target is missing?\n'}
[0.719844] (F450_description) StderrLine: {'line': b'\n'}
[0.719924] (F450_description) StderrLine: {'line': b'\x1b[0m\n'}
[0.720008] (F450_description) StderrLine: {'line': b'\x1b[31mCMake Error at CMakeLists.txt:228 (add_library):\n'}
[0.720089] (F450_description) StderrLine: {'line': b'  Target "CameraZoomPlugin" links to target\n'}
[0.720167] (F450_description) StderrLine: {'line': b'  "gazebo_rendering::gazebo_rendering" but the target was not found.  Perhaps\n'}
[0.720248] (F450_description) StderrLine: {'line': b'  a find_package() call is missing for an IMPORTED target, or an ALIAS target\n'}
[0.720339] (F450_description) StderrLine: {'line': b'  is missing?\n'}
[0.720422] (F450_description) StderrLine: {'line': b'\n'}
[0.720504] (F450_description) StderrLine: {'line': b'\x1b[0m\n'}
[0.720584] (F450_description) StderrLine: {'line': b'\x1b[31mCMake Error at CMakeLists.txt:228 (add_library):\n'}
[0.720664] (F450_description) StderrLine: {'line': b'  Target "CameraZoomPlugin" links to target "gazebo::gazebo" but the target\n'}
[0.720745] (F450_description) StderrLine: {'line': b'  was not found.  Perhaps a find_package() call is missing for an IMPORTED\n'}
[0.720825] (F450_description) StderrLine: {'line': b'  target, or an ALIAS target is missing?\n'}
[0.720905] (F450_description) StderrLine: {'line': b'\n'}
[0.720987] (F450_description) StderrLine: {'line': b'\x1b[0m\n'}
[0.721071] (F450_description) StderrLine: {'line': b'\x1b[31mCMake Error at CMakeLists.txt:241 (add_library):\n'}
[0.721152] (F450_description) StderrLine: {'line': b'  Target "GstCameraPlugin" links to target "gazebo::gazebo" but the target\n'}
[0.721230] (F450_description) StderrLine: {'line': b'  was not found.  Perhaps a find_package() call is missing for an IMPORTED\n'}
[0.721323] (F450_description) StderrLine: {'line': b'  target, or an ALIAS target is missing?\n'}
[0.721406] (F450_description) StderrLine: {'line': b'\n'}
[0.721487] (F450_description) StderrLine: {'line': b'\x1b[0m\n'}
[0.727359] (F450_description) StdoutLine: {'line': b'-- Generating done\n'}
[0.728566] (F450_description) StderrLine: {'line': b'\x1b[0mCMake Generate step failed.  Build files cannot be regenerated correctly.\x1b[0m\n'}
[0.735331] (F450_description) CommandEnded: {'returncode': 1}
[0.736251] (F450_description) JobEnded: {'identifier': 'F450_description', 'rc': 1}
[0.746837] (-) EventReactorShutdown: {}
