[0.000000] (-) TimerEvent: {}
[0.000126] (F450_description) JobQueued: {'identifier': 'F450_description', 'dependencies': OrderedDict()}
[0.000181] (F450_description) JobStarted: {'identifier': 'F450_description'}
[0.008002] (F450_description) JobProgress: {'identifier': 'F450_description', 'progress': 'cmake'}
[0.008691] (F450_description) JobProgress: {'identifier': 'F450_description', 'progress': 'build'}
[0.009352] (F450_description) Command: {'cmd': ['/usr/bin/cmake', '--build', '/home/fwd/ros2_ws/src/F450_description/build/F450_description', '--', '-j8', '-l8'], 'cwd': '/home/fwd/ros2_ws/src/F450_description/build/F450_description', 'env': OrderedDict([('LANGUAGE', 'en_IN:en'), ('USER', 'fwd'), ('GIO_MODULE_DIR', '/home/fwd/snap/code/common/.cache/gio-modules'), ('XDG_SESSION_TYPE', 'x11'), ('GIT_ASKPASS', '/snap/code/167/usr/share/code/resources/app/extensions/git/dist/askpass.sh'), ('GTK_EXE_PREFIX_VSCODE_SNAP_ORIG', ''), ('GDK_BACKEND_VSCODE_SNAP_ORIG', ''), ('SHLVL', '2'), ('LD_LIBRARY_PATH', '/opt/ros/humble/opt/rviz_ogre_vendor/lib:/opt/ros/humble/lib/x86_64-linux-gnu:/opt/ros/humble/lib'), ('HOME', '/home/fwd'), ('CHROME_DESKTOP', 'code-url-handler.desktop'), ('LOCPATH_VSCODE_SNAP_ORIG', ''), ('OLDPWD', '/home/fwd/ros2_ws/src/F450_description/build'), ('TERM_PROGRAM_VERSION', '1.92.2'), ('DESKTOP_SESSION', 'ubuntu'), ('GTK_PATH', '/snap/code/167/usr/lib/x86_64-linux-gnu/gtk-3.0'), ('GTK_IM_MODULE_FILE', '/home/fwd/snap/code/common/.cache/immodules/immodules.cache'), ('ROS_PYTHON_VERSION', '3'), ('GNOME_SHELL_SESSION_MODE', 'ubuntu'), ('GTK_MODULES', 'gail:atk-bridge'), ('GSETTINGS_SCHEMA_DIR_VSCODE_SNAP_ORIG', ''), ('VSCODE_GIT_ASKPASS_MAIN', '/snap/code/167/usr/share/code/resources/app/extensions/git/dist/askpass-main.js'), ('VSCODE_GIT_ASKPASS_NODE', '/snap/code/167/usr/share/code/code'), ('DBUS_STARTER_BUS_TYPE', 'session'), ('SYSTEMD_EXEC_PID', '1985'), ('DBUS_SESSION_BUS_ADDRESS', 'unix:path=/run/user/1000/bus,guid=2ca968c8f5eed33adb47ace566ceb1f5'), ('COLORTERM', 'truecolor'), ('COLCON_PREFIX_PATH', '/home/fwd/ros2_ws/src/F450_description/install:/home/fwd/ros2_ws/install:/home/fwd/install'), ('ROS_DISTRO', 'humble'), ('GTK_IM_MODULE', 'ibus'), ('LOGNAME', 'fwd'), ('_', '/usr/bin/colcon'), ('ROS_VERSION', '2'), ('XDG_CONFIG_DIRS_VSCODE_SNAP_ORIG', '/etc/xdg/xdg-ubuntu:/etc/xdg'), ('XDG_SESSION_CLASS', 'user'), ('XDG_DATA_DIRS_VSCODE_SNAP_ORIG', '/usr/share/ubuntu:/usr/share/gnome:/usr/local/share/:/usr/share/:/var/lib/snapd/desktop'), ('USERNAME', 'fwd'), ('TERM', 'xterm-256color'), ('GNOME_DESKTOP_SESSION_ID', 'this-is-deprecated'), ('ROS_LOCALHOST_ONLY', '0'), ('WINDOWPATH', '2'), ('PATH', '/usr/lib/ccache:/usr/lib/ccache:/usr/lib/ccache:/home/fwd/ardupilot/Tools/autotest:/opt/gcc-arm-none-eabi-10-2020-q4-major/bin:/home/fwd/.local/bin:/opt/ros/humble/bin:/usr/lib/ccache:/usr/local/sbin:/usr/local/bin:/usr/sbin:/usr/bin:/sbin:/bin:/usr/games:/usr/local/games:/snap/bin:/snap/bin:/home/fwd/ardupilot/Tools/autotest:/home/fwd/ardupilot/Tools/autotest:/home/fwd/ardupilot/Tools/autotest'), ('SESSION_MANAGER', 'local/fwd:@/tmp/.ICE-unix/1985,unix/fwd:/tmp/.ICE-unix/1985'), ('GTK_EXE_PREFIX', '/snap/code/167/usr'), ('XDG_MENU_PREFIX', 'gnome-'), ('GNOME_TERMINAL_SCREEN', '/org/gnome/Terminal/screen/5da2081e_4397_46ef_88b6_c5b288635ef8'), ('XDG_RUNTIME_DIR', '/run/user/1000'), ('GDK_BACKEND', 'x11'), ('DISPLAY', ':0'), ('LOCPATH', '/snap/code/167/usr/lib/locale'), ('LANG', 'en_US.UTF-8'), ('XDG_CURRENT_DESKTOP', 'Unity'), ('GIO_MODULE_DIR_VSCODE_SNAP_ORIG', ''), ('XMODIFIERS', '@im=ibus'), ('XDG_SESSION_DESKTOP', 'ubuntu'), ('XAUTHORITY', '/run/user/1000/gdm/Xauthority'), ('VSCODE_GIT_IPC_HANDLE', '/run/user/1000/vscode-git-3a15c622f6.sock'), ('GNOME_TERMINAL_SERVICE', ':1.95'), ('TERM_PROGRAM', 'vscode'), ('SSH_AGENT_LAUNCHER', 'gnome-keyring'), ('SSH_AUTH_SOCK', '/run/user/1000/keyring/ssh'), ('GSETTINGS_SCHEMA_DIR', '/home/fwd/snap/code/167/.local/share/glib-2.0/schemas'), ('AMENT_PREFIX_PATH', '/home/fwd/ros2_ws/install/sampleurdf:/home/fwd/ros2_ws/install/my_first_pkg:/home/fwd/ros2_ws/install/F450_description:/home/fwd/install/sampleurdf:/opt/ros/humble'), ('ORIGINAL_XDG_CURRENT_DESKTOP', 'ubuntu:GNOME'), ('SHELL', '/bin/bash'), ('QT_ACCESSIBILITY', '1'), ('GDMSESSION', 'ubuntu'), ('GTK_PATH_VSCODE_SNAP_ORIG', ''), ('GTK_IM_MODULE_FILE_VSCODE_SNAP_ORIG', ''), ('GPG_AGENT_INFO', '/run/user/1000/gnupg/S.gpg-agent:0:1'), ('VSCODE_GIT_ASKPASS_EXTRA_ARGS', ''), ('QT_IM_MODULE', 'ibus'), ('PWD', '/home/fwd/ros2_ws/src/F450_description/build/F450_description'), ('LC_ALL', 'en_US.UTF-8'), ('XDG_CONFIG_DIRS', '/etc/xdg/xdg-ubuntu:/etc/xdg'), ('DBUS_STARTER_ADDRESS', 'unix:path=/run/user/1000/bus,guid=2ca968c8f5eed33adb47ace566ceb1f5'), ('XDG_DATA_DIRS', '/home/fwd/snap/code/167/.local/share:/home/fwd/snap/code/167:/snap/code/167/usr/share:/usr/share/ubuntu:/usr/share/gnome:/usr/local/share/:/usr/share/:/var/lib/snapd/desktop'), ('PYTHONPATH', '/home/fwd/ros2_ws/build/F450_description:/home/fwd/ros2_ws/install/F450_description/lib/python3.10/site-packages:/opt/ros/humble/lib/python3.10/site-packages:/opt/ros/humble/local/lib/python3.10/dist-packages'), ('COLCON', '1'), ('VTE_VERSION', '6800'), ('CMAKE_PREFIX_PATH', '/home/fwd/ros2_ws/install/sampleurdf:/home/fwd/ros2_ws/install/my_first_pkg:/home/fwd/install/sampleurdf')]), 'shell': False}
[0.099500] (-) TimerEvent: {}
[0.152939] (F450_description) StderrLine: {'line': b'\x1b[0mBuilding F450_description as an `ament_cmake` project.\x1b[0m\n'}
[0.158124] (F450_description) StdoutLine: {'line': b'-- Looking for gz-common5 -- found version 5.6.0\n'}
[0.158556] (F450_description) StdoutLine: {'line': b'-- Searching for dependencies of gz-common5\n'}
[0.158865] (F450_description) StdoutLine: {'line': b'-- Looking for gz-utils2 -- found version 2.2.0\n'}
[0.159237] (F450_description) StdoutLine: {'line': b'-- Searching for dependencies of gz-utils2\n'}
[0.159734] (F450_description) StdoutLine: {'line': b'-- Looking for dlfcn.h - found\n'}
[0.159797] (F450_description) StdoutLine: {'line': b'-- Looking for libdl - found\n'}
[0.165043] (F450_description) StdoutLine: {'line': b"-- Checking for module 'uuid'\n"}
[0.174648] (F450_description) StdoutLine: {'line': b'--   Found uuid, version 2.37.2\n'}
[0.199662] (F450_description) StdoutLine: {'line': b'-- Looking for gz-common5 - found\n'}
[0.199832] (-) TimerEvent: {}
[0.199933] (F450_description) StdoutLine: {'line': b'\n'}
[0.200350] (F450_description) StdoutLine: {'line': b'-- Looking for gz-rendering8 -- found version 8.2.0\n'}
[0.200965] (F450_description) StdoutLine: {'line': b'-- Searching for dependencies of gz-rendering8\n'}
[0.201209] (F450_description) StdoutLine: {'line': b'-- Looking for gz-math7 -- found version 7.5.1\n'}
[0.201605] (F450_description) StdoutLine: {'line': b'-- Searching for dependencies of gz-math7\n'}
[0.201909] (F450_description) StdoutLine: {'line': b'-- Looking for gz-utils2 -- found version 2.2.0\n'}
[0.202344] (F450_description) StdoutLine: {'line': b'-- Searching for <gz-math7> component [eigen3]\n'}
[0.202674] (F450_description) StdoutLine: {'line': b'-- Looking for gz-math7-eigen3 -- found version 7.5.1\n'}
[0.203044] (F450_description) StdoutLine: {'line': b'-- Searching for dependencies of gz-math7-eigen3\n'}
[0.204425] (F450_description) StdoutLine: {'line': b'-- Looking for gz-common5 -- found version 5.6.0\n'}
[0.204865] (F450_description) StdoutLine: {'line': b'-- Searching for dependencies of gz-common5\n'}
[0.205323] (F450_description) StdoutLine: {'line': b'-- Looking for gz-utils2 -- found version 2.2.0\n'}
[0.205527] (F450_description) StdoutLine: {'line': b'-- Looking for dlfcn.h - found\n'}
[0.205634] (F450_description) StdoutLine: {'line': b'-- Looking for libdl - found\n'}
[0.212632] (F450_description) StdoutLine: {'line': b'-- Searching for <gz-common5> component [graphics]\n'}
[0.212947] (F450_description) StdoutLine: {'line': b'-- Looking for gz-common5-graphics -- found version 5.6.0\n'}
[0.213360] (F450_description) StdoutLine: {'line': b'-- Searching for dependencies of gz-common5-graphics\n'}
[0.213718] (F450_description) StdoutLine: {'line': b'-- Looking for gz-math7 -- found version 7.5.1\n'}
[0.216296] (F450_description) StdoutLine: {'line': b'-- Searching for <gz-common5> component [events]\n'}
[0.216568] (F450_description) StdoutLine: {'line': b'-- Looking for gz-common5-events -- found version 5.6.0\n'}
[0.217021] (F450_description) StdoutLine: {'line': b'-- Searching for dependencies of gz-common5-events\n'}
[0.217399] (F450_description) StdoutLine: {'line': b'-- Looking for gz-math7 -- found version 7.5.1\n'}
[0.217879] (F450_description) StdoutLine: {'line': b'-- Searching for <gz-common5> component [geospatial]\n'}
[0.218094] (F450_description) StdoutLine: {'line': b'-- Looking for gz-common5-geospatial -- found version 5.6.0\n'}
[0.218629] (F450_description) StdoutLine: {'line': b'-- Searching for dependencies of gz-common5-geospatial\n'}
[0.218828] (F450_description) StdoutLine: {'line': b'-- Looking for gz-math7 -- found version 7.5.1\n'}
[0.219647] (F450_description) StdoutLine: {'line': b'-- Looking for gz-common5 -- found version 5.6.0\n'}
[0.220519] (F450_description) StdoutLine: {'line': b'-- Looking for gz-plugin2 -- found version 2.0.3\n'}
[0.220895] (F450_description) StdoutLine: {'line': b'-- Searching for dependencies of gz-plugin2\n'}
[0.221230] (F450_description) StdoutLine: {'line': b'-- Looking for gz-utils2 -- found version 2.2.0\n'}
[0.221963] (F450_description) StdoutLine: {'line': b'-- Searching for dependencies of gz-utils2\n'}
[0.222124] (F450_description) StdoutLine: {'line': b'-- Searching for <gz-utils2> component [cli]\n'}
[0.222406] (F450_description) StdoutLine: {'line': b'-- Looking for gz-utils2-cli -- found version 2.2.0\n'}
[0.222934] (F450_description) StdoutLine: {'line': b'-- Searching for dependencies of gz-utils2-cli\n'}
[0.223894] (F450_description) StdoutLine: {'line': b'-- Searching for <gz-plugin2> component [all]\n'}
[0.224432] (F450_description) StdoutLine: {'line': b'-- Looking for all libraries of gz-plugin2 -- found version 2.0.3\n'}
[0.225033] (F450_description) StdoutLine: {'line': b'-- Looking for gz-plugin2 -- found version 2.0.3\n'}
[0.225427] (F450_description) StdoutLine: {'line': b'-- Looking for gz-plugin2-loader -- found version 2.0.3\n'}
[0.225889] (F450_description) StdoutLine: {'line': b'-- Searching for dependencies of gz-plugin2-loader\n'}
[0.226711] (F450_description) StdoutLine: {'line': b'-- Looking for gz-plugin2-register -- found version 2.0.3\n'}
[0.227075] (F450_description) StdoutLine: {'line': b'-- Searching for dependencies of gz-plugin2-register\n'}
[0.228107] (F450_description) StdoutLine: {'line': b'-- Looking for gz-utils2 -- found version 2.2.0\n'}
[0.230188] (F450_description) StdoutLine: {'line': b'-- Looking for gz-rendering8 - found\n'}
[0.230308] (F450_description) StdoutLine: {'line': b'\n'}
[0.243449] (F450_description) StderrLine: {'line': b'\x1b[33mCMake Warning at /usr/share/cmake/gz-cmake3/cmake3/GzFindPackage.cmake:243 (find_package):\n'}
[0.243619] (F450_description) StderrLine: {'line': b'  By not providing "Findgz-sim8.cmake" in CMAKE_MODULE_PATH this project has\n'}
[0.243714] (F450_description) StderrLine: {'line': b'  asked CMake to find a package configuration file provided by "gz-sim8", but\n'}
[0.243803] (F450_description) StderrLine: {'line': b'  CMake did not find one.\n'}
[0.243933] (F450_description) StderrLine: {'line': b'\n'}
[0.244021] (F450_description) StderrLine: {'line': b'  Could not find a package configuration file provided by "gz-sim8" with any\n'}
[0.244106] (F450_description) StderrLine: {'line': b'  of the following names:\n'}
[0.244204] (F450_description) StderrLine: {'line': b'\n'}
[0.244289] (F450_description) StderrLine: {'line': b'    gz-sim8Config.cmake\n'}
[0.244371] (F450_description) StderrLine: {'line': b'    gz-sim8-config.cmake\n'}
[0.244453] (F450_description) StderrLine: {'line': b'\n'}
[0.244535] (F450_description) StderrLine: {'line': b'  Add the installation prefix of "gz-sim8" to CMAKE_PREFIX_PATH or set\n'}
[0.244618] (F450_description) StderrLine: {'line': b'  "gz-sim8_DIR" to a directory containing one of the above files.  If\n'}
[0.244700] (F450_description) StderrLine: {'line': b'  "gz-sim8" provides a separate development package or SDK, be sure it has\n'}
[0.244793] (F450_description) StderrLine: {'line': b'  been installed.\n'}
[0.244874] (F450_description) StderrLine: {'line': b'Call Stack (most recent call first):\n'}
[0.244956] (F450_description) StderrLine: {'line': b'  CMakeLists.txt:31 (gz_find_package)\n'}
[0.245038] (F450_description) StderrLine: {'line': b'\n'}
[0.245125] (F450_description) StderrLine: {'line': b'\x1b[0m\n'}
[0.245214] (F450_description) StdoutLine: {'line': b'-- Looking for gz-sim8 - not found\n'}
[0.245311] (F450_description) StdoutLine: {'line': b'\n'}
[0.245396] (F450_description) StdoutLine: {'line': b'-- Compiling against Gazebo Harmonic\n'}
[0.245479] (F450_description) StdoutLine: {'line': b'-- RapidJSON found. Headers: /usr/include\n'}
[0.299675] (F450_description) StderrLine: {'line': b'WARNING: Package name "F450_description" does not follow the naming conventions. It should start with a lower case letter and only contain lower case letters, digits, underscores, and dashes.\n'}
[0.299840] (-) TimerEvent: {}
[0.315172] (F450_description) StdoutLine: {'line': b'-- Configuring done\n'}
[0.318160] (F450_description) StderrLine: {'line': b'\x1b[31mCMake Error at CMakeLists.txt:64 (add_library):\n'}
[0.318330] (F450_description) StderrLine: {'line': b'  Target "ArduPilotPlugin" links to target "gz-sim::gz-sim" but the target\n'}
[0.318424] (F450_description) StderrLine: {'line': b'  was not found.  Perhaps a find_package() call is missing for an IMPORTED\n'}
[0.318509] (F450_description) StderrLine: {'line': b'  target, or an ALIAS target is missing?\n'}
[0.318594] (F450_description) StderrLine: {'line': b'\n'}
[0.318676] (F450_description) StderrLine: {'line': b'\x1b[0m\n'}
[0.318758] (F450_description) StderrLine: {'line': b'\x1b[31mCMake Error at CMakeLists.txt:77 (add_library):\n'}
[0.318841] (F450_description) StderrLine: {'line': b'  Target "ParachutePlugin" links to target "gz-sim::gz-sim" but the target\n'}
[0.318922] (F450_description) StderrLine: {'line': b'  was not found.  Perhaps a find_package() call is missing for an IMPORTED\n'}
[0.319002] (F450_description) StderrLine: {'line': b'  target, or an ALIAS target is missing?\n'}
[0.319089] (F450_description) StderrLine: {'line': b'\n'}
[0.319183] (F450_description) StderrLine: {'line': b'\x1b[0m\n'}
[0.319268] (F450_description) StderrLine: {'line': b'\x1b[31mCMake Error at CMakeLists.txt:88 (add_library):\n'}
[0.319351] (F450_description) StderrLine: {'line': b'  Target "CameraZoomPlugin" links to target "gz-sim::gz-sim" but the target\n'}
[0.319443] (F450_description) StderrLine: {'line': b'  was not found.  Perhaps a find_package() call is missing for an IMPORTED\n'}
[0.319526] (F450_description) StderrLine: {'line': b'  target, or an ALIAS target is missing?\n'}
[0.319609] (F450_description) StderrLine: {'line': b'\n'}
[0.319690] (F450_description) StderrLine: {'line': b'\x1b[0m\n'}
[0.319772] (F450_description) StderrLine: {'line': b'\x1b[31mCMake Error at CMakeLists.txt:101 (add_library):\n'}
[0.319855] (F450_description) StderrLine: {'line': b'  Target "GstCameraPlugin" links to target "gz-sim::gz-sim" but the target\n'}
[0.319938] (F450_description) StderrLine: {'line': b'  was not found.  Perhaps a find_package() call is missing for an IMPORTED\n'}
[0.320020] (F450_description) StderrLine: {'line': b'  target, or an ALIAS target is missing?\n'}
[0.320104] (F450_description) StderrLine: {'line': b'\n'}
[0.320196] (F450_description) StderrLine: {'line': b'\x1b[0m\n'}
[0.329623] (F450_description) StdoutLine: {'line': b'-- Generating done\n'}
[0.331197] (F450_description) StderrLine: {'line': b'\x1b[0mCMake Generate step failed.  Build files cannot be regenerated correctly.\x1b[0m\n'}
[0.334968] (F450_description) StderrLine: {'line': b'gmake: *** [Makefile:444: cmake_check_build_system] Error 1\n'}
[0.336853] (F450_description) CommandEnded: {'returncode': 2}
[0.337271] (F450_description) JobEnded: {'identifier': 'F450_description', 'rc': 2}
[0.347397] (-) EventReactorShutdown: {}
