[0.103s] DEBUG:colcon:Command line arguments: ['/usr/bin/colcon', 'build']
[0.104s] DEBUG:colcon:Parsed command line arguments: Namespace(log_base=None, log_level=None, verb_name='build', build_base='build', install_base='install', merge_install=False, symlink_install=False, test_result_base=None, continue_on_error=False, executor='parallel', parallel_workers=8, event_handlers=None, ignore_user_meta=False, metas=['./colcon.meta'], base_paths=['.'], packages_ignore=None, packages_ignore_regex=None, paths=None, packages_up_to=None, packages_up_to_regex=None, packages_above=None, packages_above_and_dependencies=None, packages_above_depth=None, packages_select_by_dep=None, packages_skip_by_dep=None, packages_skip_up_to=None, packages_select_build_failed=False, packages_skip_build_finished=False, packages_select_test_failures=False, packages_skip_test_passed=False, packages_select=None, packages_skip=None, packages_select_regex=None, packages_skip_regex=None, packages_start=None, packages_end=None, allow_overriding=[], cmake_args=None, cmake_target=None, cmake_target_skip_unavailable=False, cmake_clean_cache=False, cmake_clean_first=False, cmake_force_configure=False, ament_cmake_args=None, catkin_cmake_args=None, catkin_skip_building_tests=False, mixin_files=None, mixin=None, verb_parser=<colcon_mixin.mixin.mixin_argument.MixinArgumentDecorator object at 0x76b6604329b0>, verb_extension=<colcon_core.verb.build.BuildVerb object at 0x76b6605a2da0>, main=<bound method BuildVerb.main of <colcon_core.verb.build.BuildVerb object at 0x76b6605a2da0>>, mixin_verb=('build',))
[0.141s] Level 1:colcon.colcon_core.package_discovery:discover_packages(colcon_meta) check parameters
[0.141s] Level 1:colcon.colcon_core.package_discovery:discover_packages(recursive) check parameters
[0.141s] Level 1:colcon.colcon_core.package_discovery:discover_packages(ignore) check parameters
[0.141s] Level 1:colcon.colcon_core.package_discovery:discover_packages(path) check parameters
[0.141s] Level 1:colcon.colcon_core.package_discovery:discover_packages(colcon_meta) discover
[0.141s] Level 1:colcon.colcon_core.package_discovery:discover_packages(recursive) discover
[0.141s] INFO:colcon.colcon_core.package_discovery:Crawling recursively for packages in '/home/fwd/ros2_ws/src/F450_description'
[0.141s] Level 1:colcon.colcon_core.package_identification:_identify(.) by extensions ['ignore', 'ignore_ament_install']
[0.141s] Level 1:colcon.colcon_core.package_identification:_identify(.) by extension 'ignore'
[0.141s] Level 1:colcon.colcon_core.package_identification:_identify(.) by extension 'ignore_ament_install'
[0.141s] Level 1:colcon.colcon_core.package_identification:_identify(.) by extensions ['colcon_pkg']
[0.141s] Level 1:colcon.colcon_core.package_identification:_identify(.) by extension 'colcon_pkg'
[0.141s] Level 1:colcon.colcon_core.package_identification:_identify(.) by extensions ['colcon_meta']
[0.142s] Level 1:colcon.colcon_core.package_identification:_identify(.) by extension 'colcon_meta'
[0.142s] Level 1:colcon.colcon_core.package_identification:_identify(.) by extensions ['ros']
[0.142s] Level 1:colcon.colcon_core.package_identification:_identify(.) by extension 'ros'
[0.161s] WARNING:colcon.colcon_core.package_identification:ROS package 'F450_description' in '.' has more than one build type
[0.161s] Level 1:colcon.colcon_core.package_identification:_identify(.) by extensions ['cmake', 'python']
[0.161s] Level 1:colcon.colcon_core.package_identification:_identify(.) by extension 'cmake'
[0.176s] Level 1:colcon.colcon_core.package_identification:_identify(.) by extension 'python'
[0.176s] DEBUG:colcon.colcon_core.package_identification:Python package in '.' passes arguments to the setup() function which requires a different identification extension than 'python'
[0.176s] DEBUG:colcon.colcon_core.package_identification:Package '.' with type 'cmake' and name 'F450_description'
[0.177s] Level 1:colcon.colcon_core.package_discovery:discover_packages(recursive) using defaults
[0.177s] Level 1:colcon.colcon_core.package_discovery:discover_packages(ignore) discover
[0.177s] Level 1:colcon.colcon_core.package_discovery:discover_packages(ignore) using defaults
[0.177s] Level 1:colcon.colcon_core.package_discovery:discover_packages(path) discover
[0.177s] Level 1:colcon.colcon_core.package_discovery:discover_packages(path) using defaults
[0.196s] Level 1:colcon.colcon_core.package_discovery:discover_packages(prefix_path) check parameters
[0.196s] Level 1:colcon.colcon_core.package_discovery:discover_packages(prefix_path) discover
[0.197s] DEBUG:colcon.colcon_installed_package_information.package_discovery:Found 1 installed packages in /home/fwd/ros2_ws/src/F450_description/install
[0.198s] DEBUG:colcon.colcon_installed_package_information.package_discovery:Found 3 installed packages in /home/fwd/ros2_ws/install
[0.198s] DEBUG:colcon.colcon_installed_package_information.package_discovery:Found 1 installed packages in /home/fwd/install
[0.200s] DEBUG:colcon.colcon_installed_package_information.package_discovery:Found 293 installed packages in /opt/ros/humble
[0.201s] Level 1:colcon.colcon_core.package_discovery:discover_packages(prefix_path) using defaults
[0.238s] Level 5:colcon.colcon_core.verb:set package 'F450_description' build argument 'cmake_args' from command line to 'None'
[0.238s] Level 5:colcon.colcon_core.verb:set package 'F450_description' build argument 'cmake_target' from command line to 'None'
[0.238s] Level 5:colcon.colcon_core.verb:set package 'F450_description' build argument 'cmake_target_skip_unavailable' from command line to 'False'
[0.238s] Level 5:colcon.colcon_core.verb:set package 'F450_description' build argument 'cmake_clean_cache' from command line to 'False'
[0.238s] Level 5:colcon.colcon_core.verb:set package 'F450_description' build argument 'cmake_clean_first' from command line to 'False'
[0.239s] Level 5:colcon.colcon_core.verb:set package 'F450_description' build argument 'cmake_force_configure' from command line to 'False'
[0.239s] Level 5:colcon.colcon_core.verb:set package 'F450_description' build argument 'ament_cmake_args' from command line to 'None'
[0.239s] Level 5:colcon.colcon_core.verb:set package 'F450_description' build argument 'catkin_cmake_args' from command line to 'None'
[0.239s] Level 5:colcon.colcon_core.verb:set package 'F450_description' build argument 'catkin_skip_building_tests' from command line to 'False'
[0.239s] DEBUG:colcon.colcon_core.verb:Building package 'F450_description' with the following arguments: {'ament_cmake_args': None, 'build_base': '/home/fwd/ros2_ws/src/F450_description/build/F450_description', 'catkin_cmake_args': None, 'catkin_skip_building_tests': False, 'cmake_args': None, 'cmake_clean_cache': False, 'cmake_clean_first': False, 'cmake_force_configure': False, 'cmake_target': None, 'cmake_target_skip_unavailable': False, 'install_base': '/home/fwd/ros2_ws/src/F450_description/install/F450_description', 'merge_install': False, 'path': '/home/fwd/ros2_ws/src/F450_description', 'symlink_install': False, 'test_result_base': None}
[0.239s] INFO:colcon.colcon_core.executor:Executing jobs using 'parallel' executor
[0.239s] DEBUG:colcon.colcon_parallel_executor.executor.parallel:run_until_complete
[0.240s] INFO:colcon.colcon_cmake.task.cmake.build:Building CMake package in '/home/fwd/ros2_ws/src/F450_description'
[0.241s] INFO:colcon.colcon_core.plugin_system:Skipping extension 'colcon_core.shell.bat': Not used on non-Windows systems
[0.242s] INFO:colcon.colcon_core.shell:Skip shell extension 'powershell' for command environment: Not usable outside of PowerShell
[0.242s] DEBUG:colcon.colcon_core.shell:Skip shell extension 'dsv' for command environment
[0.250s] DEBUG:colcon.colcon_core.event_handler.log_command:Invoking command in '/home/fwd/ros2_ws/src/F450_description/build/F450_description': /usr/bin/cmake --build /home/fwd/ros2_ws/src/F450_description/build/F450_description -- -j8 -l8
[0.577s] DEBUG:colcon.colcon_core.event_handler.log_command:Invoked command in '/home/fwd/ros2_ws/src/F450_description/build/F450_description' returned '2': /usr/bin/cmake --build /home/fwd/ros2_ws/src/F450_description/build/F450_description -- -j8 -l8
[0.587s] DEBUG:colcon.colcon_parallel_executor.executor.parallel:closing loop
[0.587s] DEBUG:colcon.colcon_parallel_executor.executor.parallel:loop closed
[0.587s] DEBUG:colcon.colcon_parallel_executor.executor.parallel:run_until_complete finished with '2'
[0.587s] DEBUG:colcon.colcon_core.event_reactor:joining thread
[0.592s] INFO:colcon.colcon_core.plugin_system:Skipping extension 'colcon_notification.desktop_notification.terminal_notifier': Not used on non-Darwin systems
[0.592s] INFO:colcon.colcon_core.plugin_system:Skipping extension 'colcon_notification.desktop_notification.win32': Not used on non-Windows systems
[0.592s] INFO:colcon.colcon_notification.desktop_notification:Sending desktop notification using 'notify2'
[0.602s] DEBUG:colcon.colcon_core.event_reactor:joined thread
[0.603s] INFO:colcon.colcon_core.shell:Creating prefix script '/home/fwd/ros2_ws/src/F450_description/install/local_setup.ps1'
[0.604s] INFO:colcon.colcon_core.shell:Creating prefix util module '/home/fwd/ros2_ws/src/F450_description/install/_local_setup_util_ps1.py'
[0.605s] INFO:colcon.colcon_core.shell:Creating prefix chain script '/home/fwd/ros2_ws/src/F450_description/install/setup.ps1'
[0.606s] INFO:colcon.colcon_core.shell:Creating prefix script '/home/fwd/ros2_ws/src/F450_description/install/local_setup.sh'
[0.606s] INFO:colcon.colcon_core.shell:Creating prefix util module '/home/fwd/ros2_ws/src/F450_description/install/_local_setup_util_sh.py'
[0.607s] INFO:colcon.colcon_core.shell:Creating prefix chain script '/home/fwd/ros2_ws/src/F450_description/install/setup.sh'
[0.607s] INFO:colcon.colcon_core.shell:Creating prefix script '/home/fwd/ros2_ws/src/F450_description/install/local_setup.bash'
[0.608s] INFO:colcon.colcon_core.shell:Creating prefix chain script '/home/fwd/ros2_ws/src/F450_description/install/setup.bash'
[0.609s] INFO:colcon.colcon_core.shell:Creating prefix script '/home/fwd/ros2_ws/src/F450_description/install/local_setup.zsh'
[0.609s] INFO:colcon.colcon_core.shell:Creating prefix chain script '/home/fwd/ros2_ws/src/F450_description/install/setup.zsh'
