[0.012s] Invoking command in '/home/fwd/ros2_ws/src/F450_description/build/F450_description': /usr/bin/cmake --build /home/fwd/ros2_ws/src/F450_description/build/F450_description -- -j8 -l8
[0.152s] [0mBuilding F450_description as an `ament_cmake` project.[0m
[0.157s] -- Looking for gz-common5 -- found version 5.6.0
[0.157s] -- Searching for dependencies of gz-common5
[0.158s] -- Looking for gz-utils2 -- found version 2.2.0
[0.158s] -- Searching for dependencies of gz-utils2
[0.159s] -- Looking for dlfcn.h - found
[0.159s] -- Looking for libdl - found
[0.165s] -- Checking for module 'uuid'
[0.175s] --   Found uuid, version 2.37.2
[0.199s] -- Looking for gz-common5 - found
[0.200s] 
[0.200s] -- Looking for gz-rendering8 -- found version 8.2.0
[0.200s] -- Searching for dependencies of gz-rendering8
[0.201s] -- Looking for gz-math7 -- found version 7.5.1
[0.201s] -- Searching for dependencies of gz-math7
[0.201s] -- Looking for gz-utils2 -- found version 2.2.0
[0.202s] -- Searching for <gz-math7> component [eigen3]
[0.202s] -- Looking for gz-math7-eigen3 -- found version 7.5.1
[0.203s] -- Searching for dependencies of gz-math7-eigen3
[0.204s] -- Looking for gz-common5 -- found version 5.6.0
[0.204s] -- Searching for dependencies of gz-common5
[0.205s] -- Looking for gz-utils2 -- found version 2.2.0
[0.205s] -- Looking for dlfcn.h - found
[0.205s] -- Looking for libdl - found
[0.212s] -- Searching for <gz-common5> component [graphics]
[0.212s] -- Looking for gz-common5-graphics -- found version 5.6.0
[0.212s] -- Searching for dependencies of gz-common5-graphics
[0.213s] -- Looking for gz-math7 -- found version 7.5.1
[0.215s] -- Searching for <gz-common5> component [events]
[0.216s] -- Looking for gz-common5-events -- found version 5.6.0
[0.216s] -- Searching for dependencies of gz-common5-events
[0.216s] -- Looking for gz-math7 -- found version 7.5.1
[0.217s] -- Searching for <gz-common5> component [geospatial]
[0.217s] -- Looking for gz-common5-geospatial -- found version 5.6.0
[0.218s] -- Searching for dependencies of gz-common5-geospatial
[0.218s] -- Looking for gz-math7 -- found version 7.5.1
[0.218s] -- Looking for gz-common5 -- found version 5.6.0
[0.219s] -- Looking for gz-plugin2 -- found version 2.0.3
[0.219s] -- Searching for dependencies of gz-plugin2
[0.220s] -- Looking for gz-utils2 -- found version 2.2.0
[0.220s] -- Searching for dependencies of gz-utils2
[0.220s] -- Searching for <gz-utils2> component [cli]
[0.220s] -- Looking for gz-utils2-cli -- found version 2.2.0
[0.221s] -- Searching for dependencies of gz-utils2-cli
[0.222s] -- Searching for <gz-plugin2> component [all]
[0.222s] -- Looking for all libraries of gz-plugin2 -- found version 2.0.3
[0.222s] -- Looking for gz-plugin2 -- found version 2.0.3
[0.223s] -- Looking for gz-plugin2-loader -- found version 2.0.3
[0.223s] -- Searching for dependencies of gz-plugin2-loader
[0.224s] -- Looking for gz-plugin2-register -- found version 2.0.3
[0.224s] -- Searching for dependencies of gz-plugin2-register
[0.225s] -- Looking for gz-utils2 -- found version 2.2.0
[0.228s] -- Looking for gz-rendering8 - found
[0.228s] 
[0.239s] [33mCMake Warning at /usr/share/cmake/gz-cmake3/cmake3/GzFindPackage.cmake:243 (find_package):
[0.239s]   By not providing "Findgz-sim8.cmake" in CMAKE_MODULE_PATH this project has
[0.240s]   asked CMake to find a package configuration file provided by "gz-sim8", but
[0.240s]   CMake did not find one.
[0.240s] 
[0.240s]   Could not find a package configuration file provided by "gz-sim8" with any
[0.240s]   of the following names:
[0.240s] 
[0.240s]     gz-sim8Config.cmake
[0.240s]     gz-sim8-config.cmake
[0.240s] 
[0.240s]   Add the installation prefix of "gz-sim8" to CMAKE_PREFIX_PATH or set
[0.240s]   "gz-sim8_DIR" to a directory containing one of the above files.  If
[0.241s]   "gz-sim8" provides a separate development package or SDK, be sure it has
[0.241s]   been installed.
[0.241s] Call Stack (most recent call first):
[0.241s]   CMakeLists.txt:31 (gz_find_package)
[0.241s] 
[0.241s] [0m
[0.241s] -- Looking for gz-sim8 - not found
[0.241s] 
[0.241s] -- Compiling against Gazebo Harmonic
[0.241s] -- RapidJSON found. Headers: /usr/include
[0.252s] [33mCMake Warning (dev) at /usr/share/cmake-3.22/Modules/FindPackageHandleStandardArgs.cmake:438 (message):
[0.252s]   The package name passed to `find_package_handle_standard_args` (PkgConfig)
[0.252s]   does not match the name of the calling package (gazebo).  This can lead to
[0.253s]   problems in calling code that expects `find_package` result variables
[0.253s]   (e.g., `_FOUND`) to follow a certain pattern.
[0.253s] Call Stack (most recent call first):
[0.253s]   /usr/share/cmake-3.22/Modules/FindPkgConfig.cmake:99 (find_package_handle_standard_args)
[0.253s]   /usr/lib/x86_64-linux-gnu/cmake/gazebo/gazebo-config.cmake:72 (include)
[0.253s]   CMakeLists.txt:63 (find_package)
[0.253s] This warning is for project developers.  Use -Wno-dev to suppress it.
[0.253s] [0m
[0.253s] -- Found PkgConfig: /usr/bin/pkg-config (found version "0.29.2") 
[0.256s] -- Checking for module 'bullet>=2.82'
[0.267s] --   Found bullet, version 3.05
[0.351s] -- Found fcl: /usr/include (found suitable version "0.7.0", minimum required is "0.5.0") 
[0.391s] -- Found assimp: /usr/include;/usr/include (found version "5.2.0") 
[0.409s] -- Found DART: /usr/include (Required is at least version "6.6") found components: dart 
[0.430s] -- Found Boost: /usr/lib/x86_64-linux-gnu/cmake/Boost-1.74.0/BoostConfig.cmake (found suitable version "1.74.0", minimum required is "1.40.0") found components: thread system filesystem program_options regex iostreams date_time 
[0.444s] -- Looking for ignition-math6 -- found version 6.15.1
[0.448s] -- Searching for dependencies of ignition-math6
[0.449s] [33mCMake Warning at /usr/share/cmake/gz-cmake3/cmake3/GzPkgConfig.cmake:203 (message):
[0.449s]   ign_pkg_config_entry is deprecated, use gz_pkg_config_entry instead.
[0.449s] Call Stack (most recent call first):
[0.449s]   /usr/lib/x86_64-linux-gnu/cmake/ignition-math6/ignition-math6-config.cmake:182 (ign_pkg_config_entry)
[0.449s]   /usr/lib/x86_64-linux-gnu/cmake/sdformat9/sdformat9-config.cmake:60 (find_package)
[0.450s]   /usr/lib/x86_64-linux-gnu/cmake/gazebo/gazebo-config.cmake:208 (find_package)
[0.450s]   CMakeLists.txt:63 (find_package)
[0.450s] 
[0.450s] [0m
[0.450s] -- Looking for OGRE...
[0.451s] -- OGRE_PREFIX_WATCH changed.
[0.456s] -- Checking for module 'OGRE'
[0.467s] --   Found OGRE, version 1.9.0
[0.493s] -- Found Ogre Ghadamon (1.9.0)
[0.505s] -- Found OGRE: optimized;/usr/lib/x86_64-linux-gnu/libOgreMain.so;debug;/usr/lib/x86_64-linux-gnu/libOgreMain.so
[0.516s] -- Looking for OGRE_Paging...
[0.520s] -- Found OGRE_Paging: optimized;/usr/lib/x86_64-linux-gnu/libOgrePaging.so;debug;/usr/lib/x86_64-linux-gnu/libOgrePaging.so
[0.520s] -- Looking for OGRE_Terrain...
[0.525s] -- Found OGRE_Terrain: optimized;/usr/lib/x86_64-linux-gnu/libOgreTerrain.so;debug;/usr/lib/x86_64-linux-gnu/libOgreTerrain.so
[0.525s] -- Looking for OGRE_Property...
[0.530s] -- Found OGRE_Property: optimized;/usr/lib/x86_64-linux-gnu/libOgreProperty.so;debug;/usr/lib/x86_64-linux-gnu/libOgreProperty.so
[0.530s] -- Looking for OGRE_RTShaderSystem...
[0.534s] -- Found OGRE_RTShaderSystem: optimized;/usr/lib/x86_64-linux-gnu/libOgreRTShaderSystem.so;debug;/usr/lib/x86_64-linux-gnu/libOgreRTShaderSystem.so
[0.534s] -- Looking for OGRE_Volume...
[0.539s] -- Found OGRE_Volume: optimized;/usr/lib/x86_64-linux-gnu/libOgreVolume.so;debug;/usr/lib/x86_64-linux-gnu/libOgreVolume.so
[0.539s] -- Looking for OGRE_Overlay...
[0.543s] -- Found OGRE_Overlay: optimized;/usr/lib/x86_64-linux-gnu/libOgreOverlay.so;debug;/usr/lib/x86_64-linux-gnu/libOgreOverlay.so
[0.649s] -- Looking for ignition-math6 -- found version 6.15.1
[0.652s] -- Looking for ignition-transport8 -- found version 8.2.1
[0.652s] -- Searching for dependencies of ignition-transport8
[0.663s] [31mCMake Error at /usr/lib/x86_64-linux-gnu/cmake/ignition-transport8/ignition-transport8-config.cmake:92 (find_package):
[0.663s]   By not providing "FindIgnProtobuf.cmake" in CMAKE_MODULE_PATH this project
[0.663s]   has asked CMake to find a package configuration file provided by
[0.663s]   "IgnProtobuf", but CMake did not find one.
[0.663s] 
[0.663s]   Could not find a package configuration file provided by "IgnProtobuf"
[0.663s]   (requested version 3) with any of the following names:
[0.663s] 
[0.663s]     IgnProtobufConfig.cmake
[0.663s]     ignprotobuf-config.cmake
[0.663s] 
[0.663s]   Add the installation prefix of "IgnProtobuf" to CMAKE_PREFIX_PATH or set
[0.664s]   "IgnProtobuf_DIR" to a directory containing one of the above files.  If
[0.664s]   "IgnProtobuf" provides a separate development package or SDK, be sure it
[0.664s]   has been installed.
[0.664s] Call Stack (most recent call first):
[0.664s]   /usr/lib/x86_64-linux-gnu/cmake/gazebo/gazebo-config.cmake:235 (find_package)
[0.664s]   CMakeLists.txt:63 (find_package)
[0.664s] 
[0.664s] [0m
[0.664s] -- Configuring incomplete, errors occurred!
[0.664s] See also "/home/fwd/ros2_ws/src/F450_description/build/F450_description/CMakeFiles/CMakeOutput.log".
[0.671s] gmake: *** [Makefile:444: cmake_check_build_system] Error 1
[0.673s] Invoked command in '/home/fwd/ros2_ws/src/F450_description/build/F450_description' returned '2': /usr/bin/cmake --build /home/fwd/ros2_ws/src/F450_description/build/F450_description -- -j8 -l8
