[0.012s] Invoking command in '/home/fwd/ros2_ws/src/F450_description/build/F450_description': /usr/bin/cmake --build /home/fwd/ros2_ws/src/F450_description/build/F450_description -- -j8 -l8
[0.151s] [0mBuilding F450_description as an `ament_cmake` project.[0m
[0.157s] -- Looking for gz-common5 -- found version 5.6.0
[0.157s] -- Searching for dependencies of gz-common5
[0.157s] -- Looking for gz-utils2 -- found version 2.2.0
[0.158s] -- Searching for dependencies of gz-utils2
[0.159s] -- Looking for dlfcn.h - found
[0.159s] -- Looking for libdl - found
[0.164s] -- Checking for module 'uuid'
[0.175s] --   Found uuid, version 2.37.2
[0.200s] -- Looking for gz-common5 - found
[0.201s] 
[0.201s] -- Looking for gz-rendering8 -- found version 8.2.0
[0.202s] -- Searching for dependencies of gz-rendering8
[0.202s] -- Looking for gz-math7 -- found version 7.5.1
[0.202s] -- Searching for dependencies of gz-math7
[0.203s] -- Looking for gz-utils2 -- found version 2.2.0
[0.203s] -- Searching for <gz-math7> component [eigen3]
[0.204s] -- Looking for gz-math7-eigen3 -- found version 7.5.1
[0.204s] -- Searching for dependencies of gz-math7-eigen3
[0.206s] -- Looking for gz-common5 -- found version 5.6.0
[0.206s] -- Searching for dependencies of gz-common5
[0.206s] -- Looking for gz-utils2 -- found version 2.2.0
[0.207s] -- Looking for dlfcn.h - found
[0.207s] -- Looking for libdl - found
[0.214s] -- Searching for <gz-common5> component [graphics]
[0.214s] -- Looking for gz-common5-graphics -- found version 5.6.0
[0.214s] -- Searching for dependencies of gz-common5-graphics
[0.215s] -- Looking for gz-math7 -- found version 7.5.1
[0.219s] -- Searching for <gz-common5> component [events]
[0.219s] -- Looking for gz-common5-events -- found version 5.6.0
[0.220s] -- Searching for dependencies of gz-common5-events
[0.220s] -- Looking for gz-math7 -- found version 7.5.1
[0.221s] -- Searching for <gz-common5> component [geospatial]
[0.221s] -- Looking for gz-common5-geospatial -- found version 5.6.0
[0.222s] -- Searching for dependencies of gz-common5-geospatial
[0.222s] -- Looking for gz-math7 -- found version 7.5.1
[0.222s] -- Looking for gz-common5 -- found version 5.6.0
[0.223s] -- Looking for gz-plugin2 -- found version 2.0.3
[0.224s] -- Searching for dependencies of gz-plugin2
[0.224s] -- Looking for gz-utils2 -- found version 2.2.0
[0.225s] -- Searching for dependencies of gz-utils2
[0.225s] -- Searching for <gz-utils2> component [cli]
[0.225s] -- Looking for gz-utils2-cli -- found version 2.2.0
[0.226s] -- Searching for dependencies of gz-utils2-cli
[0.226s] -- Searching for <gz-plugin2> component [all]
[0.227s] -- Looking for all libraries of gz-plugin2 -- found version 2.0.3
[0.227s] -- Looking for gz-plugin2 -- found version 2.0.3
[0.228s] -- Looking for gz-plugin2-loader -- found version 2.0.3
[0.228s] -- Searching for dependencies of gz-plugin2-loader
[0.229s] -- Looking for gz-plugin2-register -- found version 2.0.3
[0.229s] -- Searching for dependencies of gz-plugin2-register
[0.231s] -- Looking for gz-utils2 -- found version 2.2.0
[0.234s] -- Looking for gz-rendering8 - found
[0.234s] 
[0.246s] [33mCMake Warning at /usr/share/cmake/gz-cmake3/cmake3/GzFindPackage.cmake:243 (find_package):
[0.247s]   By not providing "Findgz-sim8.cmake" in CMAKE_MODULE_PATH this project has
[0.247s]   asked CMake to find a package configuration file provided by "gz-sim8", but
[0.247s]   CMake did not find one.
[0.247s] 
[0.247s]   Could not find a package configuration file provided by "gz-sim8" with any
[0.247s]   of the following names:
[0.247s] 
[0.247s]     gz-sim8Config.cmake
[0.247s]     gz-sim8-config.cmake
[0.248s] 
[0.248s]   Add the installation prefix of "gz-sim8" to CMAKE_PREFIX_PATH or set
[0.248s]   "gz-sim8_DIR" to a directory containing one of the above files.  If
[0.248s]   "gz-sim8" provides a separate development package or SDK, be sure it has
[0.248s]   been installed.
[0.248s] Call Stack (most recent call first):
[0.248s]   CMakeLists.txt:32 (gz_find_package)
[0.248s] 
[0.248s] [0m
[0.248s] -- Looking for gz-sim8 - not found
[0.248s] 
[0.249s] -- Compiling against Gazebo Harmonic
[0.249s] -- RapidJSON found. Headers: /usr/include
[0.304s] WARNING: Package name "F450_description" does not follow the naming conventions. It should start with a lower case letter and only contain lower case letters, digits, underscores, and dashes.
[0.320s] -- Configuring done
[0.323s] [31mCMake Error at CMakeLists.txt:65 (add_library):
[0.323s]   Target "ArduPilotPlugin" links to target "gz-sim::gz-sim" but the target
[0.323s]   was not found.  Perhaps a find_package() call is missing for an IMPORTED
[0.324s]   target, or an ALIAS target is missing?
[0.324s] 
[0.324s] [0m
[0.324s] [31mCMake Error at CMakeLists.txt:78 (add_library):
[0.324s]   Target "ParachutePlugin" links to target "gz-sim::gz-sim" but the target
[0.324s]   was not found.  Perhaps a find_package() call is missing for an IMPORTED
[0.324s]   target, or an ALIAS target is missing?
[0.324s] 
[0.324s] [0m
[0.325s] [31mCMake Error at CMakeLists.txt:89 (add_library):
[0.325s]   Target "CameraZoomPlugin" links to target "gz-sim::gz-sim" but the target
[0.325s]   was not found.  Perhaps a find_package() call is missing for an IMPORTED
[0.325s]   target, or an ALIAS target is missing?
[0.325s] 
[0.325s] [0m
[0.325s] [31mCMake Error at CMakeLists.txt:102 (add_library):
[0.325s]   Target "GstCameraPlugin" links to target "gz-sim::gz-sim" but the target
[0.326s]   was not found.  Perhaps a find_package() call is missing for an IMPORTED
[0.326s]   target, or an ALIAS target is missing?
[0.326s] 
[0.326s] [0m
[0.335s] -- Generating done
[0.337s] [0mCMake Generate step failed.  Build files cannot be regenerated correctly.[0m
[0.341s] gmake: *** [Makefile:444: cmake_check_build_system] Error 1
[0.343s] Invoked command in '/home/fwd/ros2_ws/src/F450_description/build/F450_description' returned '2': /usr/bin/cmake --build /home/fwd/ros2_ws/src/F450_description/build/F450_description -- -j8 -l8
