[0.000000] (-) TimerEvent: {}
[0.000189] (F450_description) JobQueued: {'identifier': 'F450_description', 'dependencies': OrderedDict()}
[0.000230] (F450_description) JobStarted: {'identifier': 'F450_description'}
[0.013648] (F450_description) JobProgress: {'identifier': 'F450_description', 'progress': 'cmake'}
[0.014828] (F450_description) Command: {'cmd': ['/usr/bin/cmake', '/home/fwd/ros2_ws/src/F450_description', '-DCMAKE_INSTALL_PREFIX=/home/fwd/ros2_ws/src/F450_description/install/F450_description'], 'cwd': '/home/fwd/ros2_ws/src/F450_description/build/F450_description', 'env': OrderedDict([('LANGUAGE', 'en_IN:en'), ('USER', 'fwd'), ('GIO_MODULE_DIR', '/home/fwd/snap/code/common/.cache/gio-modules'), ('XDG_SESSION_TYPE', 'x11'), ('GIT_ASKPASS', '/snap/code/167/usr/share/code/resources/app/extensions/git/dist/askpass.sh'), ('GTK_EXE_PREFIX_VSCODE_SNAP_ORIG', ''), ('GDK_BACKEND_VSCODE_SNAP_ORIG', ''), ('SHLVL', '2'), ('LD_LIBRARY_PATH', '/opt/ros/humble/opt/rviz_ogre_vendor/lib:/opt/ros/humble/lib/x86_64-linux-gnu:/opt/ros/humble/lib'), ('HOME', '/home/fwd'), ('CHROME_DESKTOP', 'code-url-handler.desktop'), ('LOCPATH_VSCODE_SNAP_ORIG', ''), ('TERM_PROGRAM_VERSION', '1.92.2'), ('DESKTOP_SESSION', 'ubuntu'), ('GTK_PATH', '/snap/code/167/usr/lib/x86_64-linux-gnu/gtk-3.0'), ('GTK_IM_MODULE_FILE', '/home/fwd/snap/code/common/.cache/immodules/immodules.cache'), ('ROS_PYTHON_VERSION', '3'), ('GNOME_SHELL_SESSION_MODE', 'ubuntu'), ('GTK_MODULES', 'gail:atk-bridge'), ('GSETTINGS_SCHEMA_DIR_VSCODE_SNAP_ORIG', ''), ('VSCODE_GIT_ASKPASS_MAIN', '/snap/code/167/usr/share/code/resources/app/extensions/git/dist/askpass-main.js'), ('VSCODE_GIT_ASKPASS_NODE', '/snap/code/167/usr/share/code/code'), ('DBUS_STARTER_BUS_TYPE', 'session'), ('SYSTEMD_EXEC_PID', '1985'), ('DBUS_SESSION_BUS_ADDRESS', 'unix:path=/run/user/1000/bus,guid=2ca968c8f5eed33adb47ace566ceb1f5'), ('COLORTERM', 'truecolor'), ('COLCON_PREFIX_PATH', '/home/fwd/ros2_ws/src/F450_description/install:/home/fwd/ros2_ws/install:/home/fwd/install'), ('ROS_DISTRO', 'humble'), ('GTK_IM_MODULE', 'ibus'), ('LOGNAME', 'fwd'), ('_', '/usr/bin/colcon'), ('ROS_VERSION', '2'), ('XDG_CONFIG_DIRS_VSCODE_SNAP_ORIG', '/etc/xdg/xdg-ubuntu:/etc/xdg'), ('XDG_SESSION_CLASS', 'user'), ('XDG_DATA_DIRS_VSCODE_SNAP_ORIG', '/usr/share/ubuntu:/usr/share/gnome:/usr/local/share/:/usr/share/:/var/lib/snapd/desktop'), ('USERNAME', 'fwd'), ('TERM', 'xterm-256color'), ('GNOME_DESKTOP_SESSION_ID', 'this-is-deprecated'), ('ROS_LOCALHOST_ONLY', '0'), ('WINDOWPATH', '2'), ('PATH', '/usr/lib/ccache:/usr/lib/ccache:/usr/lib/ccache:/home/fwd/ardupilot/Tools/autotest:/opt/gcc-arm-none-eabi-10-2020-q4-major/bin:/home/fwd/.local/bin:/opt/ros/humble/bin:/usr/lib/ccache:/usr/local/sbin:/usr/local/bin:/usr/sbin:/usr/bin:/sbin:/bin:/usr/games:/usr/local/games:/snap/bin:/snap/bin:/home/fwd/ardupilot/Tools/autotest:/home/fwd/ardupilot/Tools/autotest:/home/fwd/ardupilot/Tools/autotest'), ('SESSION_MANAGER', 'local/fwd:@/tmp/.ICE-unix/1985,unix/fwd:/tmp/.ICE-unix/1985'), ('GTK_EXE_PREFIX', '/snap/code/167/usr'), ('XDG_MENU_PREFIX', 'gnome-'), ('GNOME_TERMINAL_SCREEN', '/org/gnome/Terminal/screen/5da2081e_4397_46ef_88b6_c5b288635ef8'), ('XDG_RUNTIME_DIR', '/run/user/1000'), ('GDK_BACKEND', 'x11'), ('DISPLAY', ':0'), ('LOCPATH', '/snap/code/167/usr/lib/locale'), ('LANG', 'en_US.UTF-8'), ('XDG_CURRENT_DESKTOP', 'Unity'), ('GIO_MODULE_DIR_VSCODE_SNAP_ORIG', ''), ('XMODIFIERS', '@im=ibus'), ('XDG_SESSION_DESKTOP', 'ubuntu'), ('XAUTHORITY', '/run/user/1000/gdm/Xauthority'), ('VSCODE_GIT_IPC_HANDLE', '/run/user/1000/vscode-git-3a15c622f6.sock'), ('GNOME_TERMINAL_SERVICE', ':1.95'), ('TERM_PROGRAM', 'vscode'), ('SSH_AGENT_LAUNCHER', 'gnome-keyring'), ('SSH_AUTH_SOCK', '/run/user/1000/keyring/ssh'), ('GSETTINGS_SCHEMA_DIR', '/home/fwd/snap/code/167/.local/share/glib-2.0/schemas'), ('AMENT_PREFIX_PATH', '/home/fwd/ros2_ws/install/sampleurdf:/home/fwd/ros2_ws/install/my_first_pkg:/home/fwd/ros2_ws/install/F450_description:/home/fwd/install/sampleurdf:/opt/ros/humble'), ('ORIGINAL_XDG_CURRENT_DESKTOP', 'ubuntu:GNOME'), ('SHELL', '/bin/bash'), ('QT_ACCESSIBILITY', '1'), ('GDMSESSION', 'ubuntu'), ('GTK_PATH_VSCODE_SNAP_ORIG', ''), ('GTK_IM_MODULE_FILE_VSCODE_SNAP_ORIG', ''), ('GPG_AGENT_INFO', '/run/user/1000/gnupg/S.gpg-agent:0:1'), ('VSCODE_GIT_ASKPASS_EXTRA_ARGS', ''), ('QT_IM_MODULE', 'ibus'), ('PWD', '/home/fwd/ros2_ws/src/F450_description/build/F450_description'), ('LC_ALL', 'en_US.UTF-8'), ('XDG_CONFIG_DIRS', '/etc/xdg/xdg-ubuntu:/etc/xdg'), ('DBUS_STARTER_ADDRESS', 'unix:path=/run/user/1000/bus,guid=2ca968c8f5eed33adb47ace566ceb1f5'), ('XDG_DATA_DIRS', '/home/fwd/snap/code/167/.local/share:/home/fwd/snap/code/167:/snap/code/167/usr/share:/usr/share/ubuntu:/usr/share/gnome:/usr/local/share/:/usr/share/:/var/lib/snapd/desktop'), ('PYTHONPATH', '/home/fwd/ros2_ws/build/F450_description:/home/fwd/ros2_ws/install/F450_description/lib/python3.10/site-packages:/opt/ros/humble/lib/python3.10/site-packages:/opt/ros/humble/local/lib/python3.10/dist-packages'), ('COLCON', '1'), ('VTE_VERSION', '6800'), ('CMAKE_PREFIX_PATH', '/home/fwd/ros2_ws/install/sampleurdf:/home/fwd/ros2_ws/install/my_first_pkg:/home/fwd/install/sampleurdf')]), 'shell': False}
[0.099039] (-) TimerEvent: {}
[0.199315] (-) TimerEvent: {}
[0.226623] (F450_description) StderrLine: {'line': b'\x1b[0mBuilding F450_description as an `ament_cmake` project.\x1b[0m\n'}
[0.237278] (F450_description) StderrLine: {'line': b'\x1b[33mCMake Warning (dev) at /usr/share/cmake-3.22/Modules/FindPackageHandleStandardArgs.cmake:438 (message):\n'}
[0.237501] (F450_description) StderrLine: {'line': b'  The package name passed to `find_package_handle_standard_args` (PkgConfig)\n'}
[0.237594] (F450_description) StderrLine: {'line': b'  does not match the name of the calling package (gazebo).  This can lead to\n'}
[0.237675] (F450_description) StderrLine: {'line': b'  problems in calling code that expects `find_package` result variables\n'}
[0.237753] (F450_description) StderrLine: {'line': b'  (e.g., `_FOUND`) to follow a certain pattern.\n'}
[0.237832] (F450_description) StderrLine: {'line': b'Call Stack (most recent call first):\n'}
[0.237932] (F450_description) StderrLine: {'line': b'  /usr/share/cmake-3.22/Modules/FindPkgConfig.cmake:99 (find_package_handle_standard_args)\n'}
[0.238016] (F450_description) StderrLine: {'line': b'  /usr/lib/x86_64-linux-gnu/cmake/gazebo/gazebo-config.cmake:72 (include)\n'}
[0.238094] (F450_description) StderrLine: {'line': b'  CMakeLists.txt:177 (find_package)\n'}
[0.238172] (F450_description) StderrLine: {'line': b'This warning is for project developers.  Use -Wno-dev to suppress it.\n'}
[0.238254] (F450_description) StderrLine: {'line': b'\x1b[0m\n'}
[0.238331] (F450_description) StdoutLine: {'line': b'-- Found PkgConfig: /usr/bin/pkg-config (found version "0.29.2") \n'}
[0.243924] (F450_description) StdoutLine: {'line': b"-- Checking for module 'bullet>=2.82'\n"}
[0.259359] (F450_description) StdoutLine: {'line': b'--   Found bullet, version 3.05\n'}
[0.299451] (-) TimerEvent: {}
[0.399738] (-) TimerEvent: {}
[0.407492] (F450_description) StdoutLine: {'line': b'-- Found fcl: /usr/include (found suitable version "0.7.0", minimum required is "0.5.0") \n'}
[0.494626] (F450_description) StdoutLine: {'line': b'-- Found assimp: /usr/include (found version "5.2.0") \n'}
[0.499857] (-) TimerEvent: {}
[0.534141] (F450_description) StdoutLine: {'line': b'-- Found DART: /usr/include (Required is at least version "6.6") found components: dart \n'}
[0.599983] (-) TimerEvent: {}
[0.700266] (-) TimerEvent: {}
[0.800618] (-) TimerEvent: {}
[0.846923] (F450_description) StdoutLine: {'line': b'-- Found Boost: /usr/lib/x86_64-linux-gnu/cmake/Boost-1.74.0/BoostConfig.cmake (found suitable version "1.74.0", minimum required is "1.40.0") found components: thread system filesystem program_options regex iostreams date_time \n'}
[0.876327] (F450_description) StdoutLine: {'line': b'-- Found Protobuf: /usr/lib/x86_64-linux-gnu/libprotobuf.so (found version "3.12.4") \n'}
[0.886970] (F450_description) StdoutLine: {'line': b'-- Looking for ignition-math6 -- found version 6.15.1\n'}
[0.900046] (F450_description) StdoutLine: {'line': b'-- Searching for dependencies of ignition-math6\n'}
[0.900728] (-) TimerEvent: {}
[0.903387] (F450_description) StdoutLine: {'line': b'-- Looking for OGRE...\n'}
[0.903986] (F450_description) StdoutLine: {'line': b'-- OGRE_PREFIX_WATCH changed.\n'}
[0.911045] (F450_description) StdoutLine: {'line': b"-- Checking for module 'OGRE'\n"}
[0.929198] (F450_description) StdoutLine: {'line': b'--   Found OGRE, version 1.9.0\n'}
[0.973455] (F450_description) StdoutLine: {'line': b'-- Found Ogre Ghadamon (1.9.0)\n'}
[0.990013] (F450_description) StdoutLine: {'line': b'-- Found OGRE: optimized;/usr/lib/x86_64-linux-gnu/libOgreMain.so;debug;/usr/lib/x86_64-linux-gnu/libOgreMain.so\n'}
[1.000843] (-) TimerEvent: {}
[1.004831] (F450_description) StdoutLine: {'line': b'-- Looking for OGRE_Paging...\n'}
[1.013379] (F450_description) StdoutLine: {'line': b'-- Found OGRE_Paging: optimized;/usr/lib/x86_64-linux-gnu/libOgrePaging.so;debug;/usr/lib/x86_64-linux-gnu/libOgrePaging.so\n'}
[1.013715] (F450_description) StdoutLine: {'line': b'-- Looking for OGRE_Terrain...\n'}
[1.022217] (F450_description) StdoutLine: {'line': b'-- Found OGRE_Terrain: optimized;/usr/lib/x86_64-linux-gnu/libOgreTerrain.so;debug;/usr/lib/x86_64-linux-gnu/libOgreTerrain.so\n'}
[1.022605] (F450_description) StdoutLine: {'line': b'-- Looking for OGRE_Property...\n'}
[1.029801] (F450_description) StdoutLine: {'line': b'-- Found OGRE_Property: optimized;/usr/lib/x86_64-linux-gnu/libOgreProperty.so;debug;/usr/lib/x86_64-linux-gnu/libOgreProperty.so\n'}
[1.030053] (F450_description) StdoutLine: {'line': b'-- Looking for OGRE_RTShaderSystem...\n'}
[1.038228] (F450_description) StdoutLine: {'line': b'-- Found OGRE_RTShaderSystem: optimized;/usr/lib/x86_64-linux-gnu/libOgreRTShaderSystem.so;debug;/usr/lib/x86_64-linux-gnu/libOgreRTShaderSystem.so\n'}
[1.038526] (F450_description) StdoutLine: {'line': b'-- Looking for OGRE_Volume...\n'}
[1.045622] (F450_description) StdoutLine: {'line': b'-- Found OGRE_Volume: optimized;/usr/lib/x86_64-linux-gnu/libOgreVolume.so;debug;/usr/lib/x86_64-linux-gnu/libOgreVolume.so\n'}
[1.045916] (F450_description) StdoutLine: {'line': b'-- Looking for OGRE_Overlay...\n'}
[1.054128] (F450_description) StdoutLine: {'line': b'-- Found OGRE_Overlay: optimized;/usr/lib/x86_64-linux-gnu/libOgreOverlay.so;debug;/usr/lib/x86_64-linux-gnu/libOgreOverlay.so\n'}
[1.100952] (-) TimerEvent: {}
[1.201280] (-) TimerEvent: {}
[1.249288] (F450_description) StdoutLine: {'line': b'-- Looking for ignition-math6 -- found version 6.15.1\n'}
[1.254792] (F450_description) StdoutLine: {'line': b'-- Looking for ignition-transport8 -- found version 8.2.1\n'}
[1.255728] (F450_description) StdoutLine: {'line': b'-- Searching for dependencies of ignition-transport8\n'}
[1.283984] (F450_description) StdoutLine: {'line': b'-- Found Protobuf: /usr/lib/x86_64-linux-gnu/libprotobuf.so (found suitable version "3.12.4", minimum required is "3") \n'}
[1.301386] (-) TimerEvent: {}
[1.303137] (F450_description) StdoutLine: {'line': b'-- Config-file not installed for ZeroMQ -- checking for pkg-config\n'}
[1.310020] (F450_description) StdoutLine: {'line': b"-- Checking for module 'libzmq >= 4'\n"}
[1.329687] (F450_description) StdoutLine: {'line': b'--   Found libzmq , version 4.3.4\n'}
[1.379418] (F450_description) StdoutLine: {'line': b'-- Found ZeroMQ: TRUE (Required is at least version "4") \n'}
[1.388143] (F450_description) StdoutLine: {'line': b"-- Checking for module 'uuid'\n"}
[1.401506] (-) TimerEvent: {}
[1.405578] (F450_description) StdoutLine: {'line': b'--   Found uuid, version 2.37.2\n'}
[1.455142] (F450_description) StdoutLine: {'line': b'-- Looking for ignition-msgs5 -- found version 5.8.1\n'}
[1.455963] (F450_description) StdoutLine: {'line': b'-- Searching for dependencies of ignition-msgs5\n'}
[1.487056] (F450_description) StdoutLine: {'line': b'-- Looking for ignition-math6 -- found version 6.15.1\n'}
[1.494440] (F450_description) StdoutLine: {'line': b"-- Checking for module 'tinyxml2'\n"}
[1.501616] (-) TimerEvent: {}
[1.512260] (F450_description) StdoutLine: {'line': b'--   Found tinyxml2, version 9.0.0\n'}
[1.560532] (F450_description) StdoutLine: {'line': b'-- Looking for ignition-msgs5 -- found version 5.8.1\n'}
[1.565508] (F450_description) StdoutLine: {'line': b'-- Looking for ignition-common3 -- found version 3.14.0\n'}
[1.566333] (F450_description) StdoutLine: {'line': b'-- Searching for dependencies of ignition-common3\n'}
[1.566651] (F450_description) StdoutLine: {'line': b'-- Looking for dlfcn.h - found\n'}
[1.566827] (F450_description) StdoutLine: {'line': b'-- Looking for libdl - found\n'}
[1.586003] (F450_description) StdoutLine: {'line': b'-- Found tinyobjloader: /usr/lib/x86_64-linux-gnu/cmake/tinyobjloader/tinyobjloader-config.cmake (found version "2.0.0") \n'}
[1.587018] (F450_description) StdoutLine: {'line': b'-- Searching for <ignition-common3> component [graphics]\n'}
[1.591274] (F450_description) StdoutLine: {'line': b'-- Looking for ignition-common3-graphics -- found version 3.14.0\n'}
[1.592013] (F450_description) StdoutLine: {'line': b'-- Searching for dependencies of ignition-common3-graphics\n'}
[1.592537] (F450_description) StdoutLine: {'line': b'-- Looking for ignition-math6 -- found version 6.15.1\n'}
[1.598121] (F450_description) StdoutLine: {'line': b'-- Looking for ignition-fuel_tools4 -- found version 4.4.0\n'}
[1.598787] (F450_description) StdoutLine: {'line': b'-- Searching for dependencies of ignition-fuel_tools4\n'}
[1.601730] (-) TimerEvent: {}
[1.701982] (-) TimerEvent: {}
[1.711760] (F450_description) StdoutLine: {'line': b'-- Found CURL: /usr/lib/x86_64-linux-gnu/libcurl.so (found version "7.81.0")  \n'}
[1.726686] (F450_description) StdoutLine: {'line': b"-- Checking for module 'jsoncpp'\n"}
[1.744690] (F450_description) StdoutLine: {'line': b'--   Found jsoncpp, version 1.9.5\n'}
[1.789539] (F450_description) StdoutLine: {'line': b'-- Found JSONCPP: TRUE  \n'}
[1.800598] (F450_description) StdoutLine: {'line': b"-- Checking for module 'libzip'\n"}
[1.802066] (-) TimerEvent: {}
[1.818940] (F450_description) StdoutLine: {'line': b'--   Found libzip, version 1.7.3\n'}
[1.864122] (F450_description) StdoutLine: {'line': b'-- Found ZIP: TRUE  \n'}
[1.864753] (F450_description) StdoutLine: {'line': b'-- Looking for ignition-common3 -- found version 3.14.0\n'}
[1.865377] (F450_description) StdoutLine: {'line': b'-- Looking for ignition-math6 -- found version 6.15.1\n'}
[1.865986] (F450_description) StdoutLine: {'line': b'-- Looking for ignition-msgs5 -- found version 5.8.1\n'}
[1.891136] (F450_description) StderrLine: {'line': b'\x1b[31mCMake Error at CMakeLists.txt:180 (find_package):\n'}
[1.891427] (F450_description) StderrLine: {'line': b'  By not providing "Findgazebo_common.cmake" in CMAKE_MODULE_PATH this\n'}
[1.891532] (F450_description) StderrLine: {'line': b'  project has asked CMake to find a package configuration file provided by\n'}
[1.891617] (F450_description) StderrLine: {'line': b'  "gazebo_common", but CMake did not find one.\n'}
[1.891695] (F450_description) StderrLine: {'line': b'\n'}
[1.891772] (F450_description) StderrLine: {'line': b'  Could not find a package configuration file provided by "gazebo_common"\n'}
[1.891847] (F450_description) StderrLine: {'line': b'  with any of the following names:\n'}
[1.891948] (F450_description) StderrLine: {'line': b'\n'}
[1.892029] (F450_description) StderrLine: {'line': b'    gazebo_commonConfig.cmake\n'}
[1.892105] (F450_description) StderrLine: {'line': b'    gazebo_common-config.cmake\n'}
[1.892179] (F450_description) StderrLine: {'line': b'\n'}
[1.892254] (F450_description) StderrLine: {'line': b'  Add the installation prefix of "gazebo_common" to CMAKE_PREFIX_PATH or set\n'}
[1.892329] (F450_description) StderrLine: {'line': b'  "gazebo_common_DIR" to a directory containing one of the above files.  If\n'}
[1.892405] (F450_description) StderrLine: {'line': b'  "gazebo_common" provides a separate development package or SDK, be sure it\n'}
[1.892480] (F450_description) StderrLine: {'line': b'  has been installed.\n'}
[1.892555] (F450_description) StderrLine: {'line': b'\n'}
[1.892639] (F450_description) StderrLine: {'line': b'\x1b[0m\n'}
[1.892715] (F450_description) StdoutLine: {'line': b'-- Configuring incomplete, errors occurred!\n'}
[1.892800] (F450_description) StdoutLine: {'line': b'See also "/home/fwd/ros2_ws/src/F450_description/build/F450_description/CMakeFiles/CMakeOutput.log".\n'}
[1.900888] (F450_description) CommandEnded: {'returncode': 1}
[1.902070] (-) TimerEvent: {}
[1.902194] (F450_description) JobEnded: {'identifier': 'F450_description', 'rc': 1}
[1.912433] (-) EventReactorShutdown: {}
