[0.000000] (-) TimerEvent: {}
[0.000281] (F450_description) JobQueued: {'identifier': 'F450_description', 'dependencies': OrderedDict()}
[0.000491] (F450_description) JobStarted: {'identifier': 'F450_description'}
[0.008448] (F450_description) JobProgress: {'identifier': 'F450_description', 'progress': 'cmake'}
[0.009787] (F450_description) JobProgress: {'identifier': 'F450_description', 'progress': 'build'}
[0.009857] (F450_description) Command: {'cmd': ['/usr/bin/cmake', '--build', '/home/fwd/ros2_ws/src/F450_description/build/F450_description', '--', '-j8', '-l8'], 'cwd': '/home/fwd/ros2_ws/src/F450_description/build/F450_description', 'env': OrderedDict([('LANGUAGE', 'en_IN:en'), ('USER', 'fwd'), ('GIO_MODULE_DIR', '/home/fwd/snap/code/common/.cache/gio-modules'), ('XDG_SESSION_TYPE', 'x11'), ('GIT_ASKPASS', '/snap/code/167/usr/share/code/resources/app/extensions/git/dist/askpass.sh'), ('GTK_EXE_PREFIX_VSCODE_SNAP_ORIG', ''), ('GDK_BACKEND_VSCODE_SNAP_ORIG', ''), ('SHLVL', '2'), ('LD_LIBRARY_PATH', '/opt/ros/humble/opt/rviz_ogre_vendor/lib:/opt/ros/humble/lib/x86_64-linux-gnu:/opt/ros/humble/lib'), ('HOME', '/home/fwd'), ('CHROME_DESKTOP', 'code-url-handler.desktop'), ('LOCPATH_VSCODE_SNAP_ORIG', ''), ('OLDPWD', '/home/fwd/ros2_ws/src/F450_description/build'), ('TERM_PROGRAM_VERSION', '1.92.2'), ('DESKTOP_SESSION', 'ubuntu'), ('GTK_PATH', '/snap/code/167/usr/lib/x86_64-linux-gnu/gtk-3.0'), ('GTK_IM_MODULE_FILE', '/home/fwd/snap/code/common/.cache/immodules/immodules.cache'), ('ROS_PYTHON_VERSION', '3'), ('GNOME_SHELL_SESSION_MODE', 'ubuntu'), ('GTK_MODULES', 'gail:atk-bridge'), ('GSETTINGS_SCHEMA_DIR_VSCODE_SNAP_ORIG', ''), ('VSCODE_GIT_ASKPASS_MAIN', '/snap/code/167/usr/share/code/resources/app/extensions/git/dist/askpass-main.js'), ('VSCODE_GIT_ASKPASS_NODE', '/snap/code/167/usr/share/code/code'), ('DBUS_STARTER_BUS_TYPE', 'session'), ('SYSTEMD_EXEC_PID', '1985'), ('DBUS_SESSION_BUS_ADDRESS', 'unix:path=/run/user/1000/bus,guid=2ca968c8f5eed33adb47ace566ceb1f5'), ('COLORTERM', 'truecolor'), ('COLCON_PREFIX_PATH', '/home/fwd/ros2_ws/src/F450_description/install:/home/fwd/ros2_ws/install:/home/fwd/install'), ('ROS_DISTRO', 'humble'), ('GTK_IM_MODULE', 'ibus'), ('LOGNAME', 'fwd'), ('_', '/usr/bin/colcon'), ('ROS_VERSION', '2'), ('XDG_CONFIG_DIRS_VSCODE_SNAP_ORIG', '/etc/xdg/xdg-ubuntu:/etc/xdg'), ('XDG_SESSION_CLASS', 'user'), ('XDG_DATA_DIRS_VSCODE_SNAP_ORIG', '/usr/share/ubuntu:/usr/share/gnome:/usr/local/share/:/usr/share/:/var/lib/snapd/desktop'), ('USERNAME', 'fwd'), ('TERM', 'xterm-256color'), ('GNOME_DESKTOP_SESSION_ID', 'this-is-deprecated'), ('ROS_LOCALHOST_ONLY', '0'), ('WINDOWPATH', '2'), ('PATH', '/usr/lib/ccache:/usr/lib/ccache:/usr/lib/ccache:/home/fwd/ardupilot/Tools/autotest:/opt/gcc-arm-none-eabi-10-2020-q4-major/bin:/home/fwd/.local/bin:/opt/ros/humble/bin:/usr/lib/ccache:/usr/local/sbin:/usr/local/bin:/usr/sbin:/usr/bin:/sbin:/bin:/usr/games:/usr/local/games:/snap/bin:/snap/bin:/home/fwd/ardupilot/Tools/autotest:/home/fwd/ardupilot/Tools/autotest:/home/fwd/ardupilot/Tools/autotest'), ('SESSION_MANAGER', 'local/fwd:@/tmp/.ICE-unix/1985,unix/fwd:/tmp/.ICE-unix/1985'), ('GTK_EXE_PREFIX', '/snap/code/167/usr'), ('XDG_MENU_PREFIX', 'gnome-'), ('GNOME_TERMINAL_SCREEN', '/org/gnome/Terminal/screen/5da2081e_4397_46ef_88b6_c5b288635ef8'), ('XDG_RUNTIME_DIR', '/run/user/1000'), ('GDK_BACKEND', 'x11'), ('DISPLAY', ':0'), ('LOCPATH', '/snap/code/167/usr/lib/locale'), ('LANG', 'en_US.UTF-8'), ('XDG_CURRENT_DESKTOP', 'Unity'), ('GIO_MODULE_DIR_VSCODE_SNAP_ORIG', ''), ('XMODIFIERS', '@im=ibus'), ('XDG_SESSION_DESKTOP', 'ubuntu'), ('XAUTHORITY', '/run/user/1000/gdm/Xauthority'), ('VSCODE_GIT_IPC_HANDLE', '/run/user/1000/vscode-git-3a15c622f6.sock'), ('GNOME_TERMINAL_SERVICE', ':1.95'), ('TERM_PROGRAM', 'vscode'), ('SSH_AGENT_LAUNCHER', 'gnome-keyring'), ('SSH_AUTH_SOCK', '/run/user/1000/keyring/ssh'), ('GSETTINGS_SCHEMA_DIR', '/home/fwd/snap/code/167/.local/share/glib-2.0/schemas'), ('AMENT_PREFIX_PATH', '/home/fwd/ros2_ws/install/sampleurdf:/home/fwd/ros2_ws/install/my_first_pkg:/home/fwd/ros2_ws/install/F450_description:/home/fwd/install/sampleurdf:/opt/ros/humble'), ('ORIGINAL_XDG_CURRENT_DESKTOP', 'ubuntu:GNOME'), ('SHELL', '/bin/bash'), ('QT_ACCESSIBILITY', '1'), ('GDMSESSION', 'ubuntu'), ('GTK_PATH_VSCODE_SNAP_ORIG', ''), ('GTK_IM_MODULE_FILE_VSCODE_SNAP_ORIG', ''), ('GPG_AGENT_INFO', '/run/user/1000/gnupg/S.gpg-agent:0:1'), ('VSCODE_GIT_ASKPASS_EXTRA_ARGS', ''), ('QT_IM_MODULE', 'ibus'), ('PWD', '/home/fwd/ros2_ws/src/F450_description/build/F450_description'), ('LC_ALL', 'en_US.UTF-8'), ('XDG_CONFIG_DIRS', '/etc/xdg/xdg-ubuntu:/etc/xdg'), ('DBUS_STARTER_ADDRESS', 'unix:path=/run/user/1000/bus,guid=2ca968c8f5eed33adb47ace566ceb1f5'), ('XDG_DATA_DIRS', '/home/fwd/snap/code/167/.local/share:/home/fwd/snap/code/167:/snap/code/167/usr/share:/usr/share/ubuntu:/usr/share/gnome:/usr/local/share/:/usr/share/:/var/lib/snapd/desktop'), ('PYTHONPATH', '/home/fwd/ros2_ws/build/F450_description:/home/fwd/ros2_ws/install/F450_description/lib/python3.10/site-packages:/opt/ros/humble/lib/python3.10/site-packages:/opt/ros/humble/local/lib/python3.10/dist-packages'), ('COLCON', '1'), ('VTE_VERSION', '6800'), ('CMAKE_PREFIX_PATH', '/home/fwd/ros2_ws/install/sampleurdf:/home/fwd/ros2_ws/install/my_first_pkg:/home/fwd/install/sampleurdf')]), 'shell': False}
[0.099680] (-) TimerEvent: {}
[0.151248] (F450_description) StderrLine: {'line': b'\x1b[0mBuilding F450_description as an `ament_cmake` project.\x1b[0m\n'}
[0.157093] (F450_description) StdoutLine: {'line': b'-- Looking for gz-common5 -- found version 5.6.0\n'}
[0.157540] (F450_description) StdoutLine: {'line': b'-- Searching for dependencies of gz-common5\n'}
[0.157921] (F450_description) StdoutLine: {'line': b'-- Looking for gz-utils2 -- found version 2.2.0\n'}
[0.158356] (F450_description) StdoutLine: {'line': b'-- Searching for dependencies of gz-utils2\n'}
[0.159012] (F450_description) StdoutLine: {'line': b'-- Looking for dlfcn.h - found\n'}
[0.159133] (F450_description) StdoutLine: {'line': b'-- Looking for libdl - found\n'}
[0.164750] (F450_description) StdoutLine: {'line': b"-- Checking for module 'uuid'\n"}
[0.175295] (F450_description) StdoutLine: {'line': b'--   Found uuid, version 2.37.2\n'}
[0.199719] (-) TimerEvent: {}
[0.200808] (F450_description) StdoutLine: {'line': b'-- Looking for gz-common5 - found\n'}
[0.200972] (F450_description) StdoutLine: {'line': b'\n'}
[0.201534] (F450_description) StdoutLine: {'line': b'-- Looking for gz-rendering8 -- found version 8.2.0\n'}
[0.202013] (F450_description) StdoutLine: {'line': b'-- Searching for dependencies of gz-rendering8\n'}
[0.202357] (F450_description) StdoutLine: {'line': b'-- Looking for gz-math7 -- found version 7.5.1\n'}
[0.202848] (F450_description) StdoutLine: {'line': b'-- Searching for dependencies of gz-math7\n'}
[0.203229] (F450_description) StdoutLine: {'line': b'-- Looking for gz-utils2 -- found version 2.2.0\n'}
[0.203713] (F450_description) StdoutLine: {'line': b'-- Searching for <gz-math7> component [eigen3]\n'}
[0.204093] (F450_description) StdoutLine: {'line': b'-- Looking for gz-math7-eigen3 -- found version 7.5.1\n'}
[0.204561] (F450_description) StdoutLine: {'line': b'-- Searching for dependencies of gz-math7-eigen3\n'}
[0.205946] (F450_description) StdoutLine: {'line': b'-- Looking for gz-common5 -- found version 5.6.0\n'}
[0.206421] (F450_description) StdoutLine: {'line': b'-- Searching for dependencies of gz-common5\n'}
[0.206814] (F450_description) StdoutLine: {'line': b'-- Looking for gz-utils2 -- found version 2.2.0\n'}
[0.207035] (F450_description) StdoutLine: {'line': b'-- Looking for dlfcn.h - found\n'}
[0.207141] (F450_description) StdoutLine: {'line': b'-- Looking for libdl - found\n'}
[0.213926] (F450_description) StdoutLine: {'line': b'-- Searching for <gz-common5> component [graphics]\n'}
[0.214322] (F450_description) StdoutLine: {'line': b'-- Looking for gz-common5-graphics -- found version 5.6.0\n'}
[0.214819] (F450_description) StdoutLine: {'line': b'-- Searching for dependencies of gz-common5-graphics\n'}
[0.215195] (F450_description) StdoutLine: {'line': b'-- Looking for gz-math7 -- found version 7.5.1\n'}
[0.219106] (F450_description) StdoutLine: {'line': b'-- Searching for <gz-common5> component [events]\n'}
[0.219479] (F450_description) StdoutLine: {'line': b'-- Looking for gz-common5-events -- found version 5.6.0\n'}
[0.219974] (F450_description) StdoutLine: {'line': b'-- Searching for dependencies of gz-common5-events\n'}
[0.220357] (F450_description) StdoutLine: {'line': b'-- Looking for gz-math7 -- found version 7.5.1\n'}
[0.220956] (F450_description) StdoutLine: {'line': b'-- Searching for <gz-common5> component [geospatial]\n'}
[0.221304] (F450_description) StdoutLine: {'line': b'-- Looking for gz-common5-geospatial -- found version 5.6.0\n'}
[0.221975] (F450_description) StdoutLine: {'line': b'-- Searching for dependencies of gz-common5-geospatial\n'}
[0.222305] (F450_description) StdoutLine: {'line': b'-- Looking for gz-math7 -- found version 7.5.1\n'}
[0.222846] (F450_description) StdoutLine: {'line': b'-- Looking for gz-common5 -- found version 5.6.0\n'}
[0.223729] (F450_description) StdoutLine: {'line': b'-- Looking for gz-plugin2 -- found version 2.0.3\n'}
[0.224110] (F450_description) StdoutLine: {'line': b'-- Searching for dependencies of gz-plugin2\n'}
[0.224475] (F450_description) StdoutLine: {'line': b'-- Looking for gz-utils2 -- found version 2.2.0\n'}
[0.224943] (F450_description) StdoutLine: {'line': b'-- Searching for dependencies of gz-utils2\n'}
[0.225134] (F450_description) StdoutLine: {'line': b'-- Searching for <gz-utils2> component [cli]\n'}
[0.225489] (F450_description) StdoutLine: {'line': b'-- Looking for gz-utils2-cli -- found version 2.2.0\n'}
[0.226082] (F450_description) StdoutLine: {'line': b'-- Searching for dependencies of gz-utils2-cli\n'}
[0.226897] (F450_description) StdoutLine: {'line': b'-- Searching for <gz-plugin2> component [all]\n'}
[0.227275] (F450_description) StdoutLine: {'line': b'-- Looking for all libraries of gz-plugin2 -- found version 2.0.3\n'}
[0.227763] (F450_description) StdoutLine: {'line': b'-- Looking for gz-plugin2 -- found version 2.0.3\n'}
[0.228162] (F450_description) StdoutLine: {'line': b'-- Looking for gz-plugin2-loader -- found version 2.0.3\n'}
[0.228615] (F450_description) StdoutLine: {'line': b'-- Searching for dependencies of gz-plugin2-loader\n'}
[0.229406] (F450_description) StdoutLine: {'line': b'-- Looking for gz-plugin2-register -- found version 2.0.3\n'}
[0.229930] (F450_description) StdoutLine: {'line': b'-- Searching for dependencies of gz-plugin2-register\n'}
[0.231428] (F450_description) StdoutLine: {'line': b'-- Looking for gz-utils2 -- found version 2.2.0\n'}
[0.234235] (F450_description) StdoutLine: {'line': b'-- Looking for gz-rendering8 - found\n'}
[0.234389] (F450_description) StdoutLine: {'line': b'\n'}
[0.246851] (F450_description) StderrLine: {'line': b'\x1b[33mCMake Warning at /usr/share/cmake/gz-cmake3/cmake3/GzFindPackage.cmake:243 (find_package):\n'}
[0.247062] (F450_description) StderrLine: {'line': b'  By not providing "Findgz-sim8.cmake" in CMAKE_MODULE_PATH this project has\n'}
[0.247188] (F450_description) StderrLine: {'line': b'  asked CMake to find a package configuration file provided by "gz-sim8", but\n'}
[0.247294] (F450_description) StderrLine: {'line': b'  CMake did not find one.\n'}
[0.247397] (F450_description) StderrLine: {'line': b'\n'}
[0.247537] (F450_description) StderrLine: {'line': b'  Could not find a package configuration file provided by "gz-sim8" with any\n'}
[0.247642] (F450_description) StderrLine: {'line': b'  of the following names:\n'}
[0.247744] (F450_description) StderrLine: {'line': b'\n'}
[0.247831] (F450_description) StderrLine: {'line': b'    gz-sim8Config.cmake\n'}
[0.247916] (F450_description) StderrLine: {'line': b'    gz-sim8-config.cmake\n'}
[0.248016] (F450_description) StderrLine: {'line': b'\n'}
[0.248099] (F450_description) StderrLine: {'line': b'  Add the installation prefix of "gz-sim8" to CMAKE_PREFIX_PATH or set\n'}
[0.248181] (F450_description) StderrLine: {'line': b'  "gz-sim8_DIR" to a directory containing one of the above files.  If\n'}
[0.248265] (F450_description) StderrLine: {'line': b'  "gz-sim8" provides a separate development package or SDK, be sure it has\n'}
[0.248358] (F450_description) StderrLine: {'line': b'  been installed.\n'}
[0.248442] (F450_description) StderrLine: {'line': b'Call Stack (most recent call first):\n'}
[0.248534] (F450_description) StderrLine: {'line': b'  CMakeLists.txt:32 (gz_find_package)\n'}
[0.248625] (F450_description) StderrLine: {'line': b'\n'}
[0.248723] (F450_description) StderrLine: {'line': b'\x1b[0m\n'}
[0.248822] (F450_description) StdoutLine: {'line': b'-- Looking for gz-sim8 - not found\n'}
[0.248933] (F450_description) StdoutLine: {'line': b'\n'}
[0.249022] (F450_description) StdoutLine: {'line': b'-- Compiling against Gazebo Harmonic\n'}
[0.249106] (F450_description) StdoutLine: {'line': b'-- RapidJSON found. Headers: /usr/include\n'}
[0.299769] (-) TimerEvent: {}
[0.304244] (F450_description) StderrLine: {'line': b'WARNING: Package name "F450_description" does not follow the naming conventions. It should start with a lower case letter and only contain lower case letters, digits, underscores, and dashes.\n'}
[0.320003] (F450_description) StdoutLine: {'line': b'-- Configuring done\n'}
[0.323651] (F450_description) StderrLine: {'line': b'\x1b[31mCMake Error at CMakeLists.txt:65 (add_library):\n'}
[0.323826] (F450_description) StderrLine: {'line': b'  Target "ArduPilotPlugin" links to target "gz-sim::gz-sim" but the target\n'}
[0.323927] (F450_description) StderrLine: {'line': b'  was not found.  Perhaps a find_package() call is missing for an IMPORTED\n'}
[0.324019] (F450_description) StderrLine: {'line': b'  target, or an ALIAS target is missing?\n'}
[0.324121] (F450_description) StderrLine: {'line': b'\n'}
[0.324213] (F450_description) StderrLine: {'line': b'\x1b[0m\n'}
[0.324319] (F450_description) StderrLine: {'line': b'\x1b[31mCMake Error at CMakeLists.txt:78 (add_library):\n'}
[0.324440] (F450_description) StderrLine: {'line': b'  Target "ParachutePlugin" links to target "gz-sim::gz-sim" but the target\n'}
[0.324561] (F450_description) StderrLine: {'line': b'  was not found.  Perhaps a find_package() call is missing for an IMPORTED\n'}
[0.324682] (F450_description) StderrLine: {'line': b'  target, or an ALIAS target is missing?\n'}
[0.324783] (F450_description) StderrLine: {'line': b'\n'}
[0.324886] (F450_description) StderrLine: {'line': b'\x1b[0m\n'}
[0.325001] (F450_description) StderrLine: {'line': b'\x1b[31mCMake Error at CMakeLists.txt:89 (add_library):\n'}
[0.325125] (F450_description) StderrLine: {'line': b'  Target "CameraZoomPlugin" links to target "gz-sim::gz-sim" but the target\n'}
[0.325241] (F450_description) StderrLine: {'line': b'  was not found.  Perhaps a find_package() call is missing for an IMPORTED\n'}
[0.325360] (F450_description) StderrLine: {'line': b'  target, or an ALIAS target is missing?\n'}
[0.325482] (F450_description) StderrLine: {'line': b'\n'}
[0.325594] (F450_description) StderrLine: {'line': b'\x1b[0m\n'}
[0.325721] (F450_description) StderrLine: {'line': b'\x1b[31mCMake Error at CMakeLists.txt:102 (add_library):\n'}
[0.325853] (F450_description) StderrLine: {'line': b'  Target "GstCameraPlugin" links to target "gz-sim::gz-sim" but the target\n'}
[0.325964] (F450_description) StderrLine: {'line': b'  was not found.  Perhaps a find_package() call is missing for an IMPORTED\n'}
[0.326056] (F450_description) StderrLine: {'line': b'  target, or an ALIAS target is missing?\n'}
[0.326148] (F450_description) StderrLine: {'line': b'\n'}
[0.326240] (F450_description) StderrLine: {'line': b'\x1b[0m\n'}
[0.335654] (F450_description) StdoutLine: {'line': b'-- Generating done\n'}
[0.337229] (F450_description) StderrLine: {'line': b'\x1b[0mCMake Generate step failed.  Build files cannot be regenerated correctly.\x1b[0m\n'}
[0.341112] (F450_description) StderrLine: {'line': b'gmake: *** [Makefile:444: cmake_check_build_system] Error 1\n'}
[0.342978] (F450_description) CommandEnded: {'returncode': 2}
[0.343296] (F450_description) JobEnded: {'identifier': 'F450_description', 'rc': 2}
[0.353461] (-) EventReactorShutdown: {}
