[0.000000] (-) TimerEvent: {}
[0.000332] (F450_description) JobQueued: {'identifier': 'F450_description', 'dependencies': OrderedDict()}
[0.000852] (F450_description) JobStarted: {'identifier': 'F450_description'}
[0.012927] (F450_description) JobProgress: {'identifier': 'F450_description', 'progress': 'cmake'}
[0.014577] (F450_description) JobProgress: {'identifier': 'F450_description', 'progress': 'build'}
[0.015877] (F450_description) Command: {'cmd': ['/usr/bin/cmake', '--build', '/home/fwd/ros2_ws/src/F450_description/build/F450_description', '--', '-j8', '-l8'], 'cwd': '/home/fwd/ros2_ws/src/F450_description/build/F450_description', 'env': OrderedDict([('GZ_SIM_RESOURCE_PATH', '/home/fwd/ros2_ws/install/ardupilot_gz_description/share/ardupilot_gz_description/models:/home/fwd/ros2_ws/install/ardupilot_gz_description/share'), ('LANGUAGE', 'en_IN:en'), ('USER', 'fwd'), ('XDG_SESSION_TYPE', 'x11'), ('SHLVL', '1'), ('LD_LIBRARY_PATH', '/home/fwd/ros2_ws/install/micro_ros_agent/lib:/home/fwd/ros2_ws/install/ardupilot_msgs/lib:/opt/ros/humble/opt/rviz_ogre_vendor/lib:/opt/ros/humble/lib/x86_64-linux-gnu:/opt/ros/humble/lib'), ('HOME', '/home/fwd'), ('OLDPWD', '/home/fwd/ros2_ws/src/F450_description/urdf'), ('DESKTOP_SESSION', 'ubuntu'), ('ROS_PYTHON_VERSION', '3'), ('GNOME_SHELL_SESSION_MODE', 'ubuntu'), ('GTK_MODULES', 'gail:atk-bridge'), ('DBUS_STARTER_BUS_TYPE', 'session'), ('SYSTEMD_EXEC_PID', '1985'), ('DBUS_SESSION_BUS_ADDRESS', 'unix:path=/run/user/1000/bus,guid=2ca968c8f5eed33adb47ace566ceb1f5'), ('COLORTERM', 'truecolor'), ('COLCON_PREFIX_PATH', '/home/fwd/ros2_ws/install:/home/fwd/install'), ('ROS_DISTRO', 'humble'), ('GTK_IM_MODULE', 'ibus'), ('LOGNAME', 'fwd'), ('_', '/usr/bin/colcon'), ('ROS_VERSION', '2'), ('PKG_CONFIG_PATH', '/home/fwd/ros2_ws/install/sdformat_test_files/lib/x86_64-linux-gnu/pkgconfig:/home/fwd/ros2_ws/install/sdformat_test_files/lib/pkgconfig'), ('XDG_SESSION_CLASS', 'user'), ('USERNAME', 'fwd'), ('TERM', 'xterm-256color'), ('GNOME_DESKTOP_SESSION_ID', 'this-is-deprecated'), ('ROS_LOCALHOST_ONLY', '0'), ('WINDOWPATH', '2'), ('PATH', '/home/fwd/ros2_ws/install/ardupilot_sitl/bin:/usr/lib/ccache:/usr/lib/ccache:/home/fwd/ardupilot/Tools/autotest:/opt/gcc-arm-none-eabi-10-2020-q4-major/bin:/home/fwd/.local/bin:/opt/ros/humble/bin:/usr/lib/ccache:/usr/local/sbin:/usr/local/bin:/usr/sbin:/usr/bin:/sbin:/bin:/usr/games:/usr/local/games:/snap/bin:/snap/bin:/home/fwd/ardupilot/Tools/autotest:/home/fwd/ardupilot/Tools/autotest:/home/fwd/ros2_ws/Micro-XRCE-DDS-Gen/scripts'), ('SESSION_MANAGER', 'local/fwd:@/tmp/.ICE-unix/1985,unix/fwd:/tmp/.ICE-unix/1985'), ('XDG_MENU_PREFIX', 'gnome-'), ('GNOME_TERMINAL_SCREEN', '/org/gnome/Terminal/screen/7de5ee3d_9541_4e36_b5ea_d1306179cfa7'), ('XDG_RUNTIME_DIR', '/run/user/1000'), ('DISPLAY', ':0'), ('LANG', 'en_US.UTF-8'), ('XDG_CURRENT_DESKTOP', 'ubuntu:GNOME'), ('XMODIFIERS', '@im=ibus'), ('XDG_SESSION_DESKTOP', 'ubuntu'), ('XAUTHORITY', '/run/user/1000/gdm/Xauthority'), ('GNOME_TERMINAL_SERVICE', ':1.95'), ('SSH_AGENT_LAUNCHER', 'gnome-keyring'), ('SSH_AUTH_SOCK', '/run/user/1000/keyring/ssh'), ('AMENT_PREFIX_PATH', '/home/fwd/ros2_ws/install/ardupilot_dds_tests:/home/fwd/ros2_ws/install/ardupilot_sitl:/home/fwd/ros2_ws/install/micro_ros_agent:/home/fwd/ros2_ws/install/ardupilot_msgs:/home/fwd/ros2_ws/install/ardupilot_gz_description:/home/fwd/ros2_ws/install/sampleurdf:/home/fwd/ros2_ws/install/my_first_pkg:/home/fwd/ros2_ws/install/F450_description:/home/fwd/install/sampleurdf:/opt/ros/humble'), ('SHELL', '/bin/bash'), ('QT_ACCESSIBILITY', '1'), ('GDMSESSION', 'ubuntu'), ('GPG_AGENT_INFO', '/run/user/1000/gnupg/S.gpg-agent:0:1'), ('GZ_VERSION', 'harmonic'), ('QT_IM_MODULE', 'ibus'), ('PWD', '/home/fwd/ros2_ws/src/F450_description/build/F450_description'), ('LC_ALL', 'en_US.UTF-8'), ('XDG_CONFIG_DIRS', '/etc/xdg/xdg-ubuntu:/etc/xdg'), ('DBUS_STARTER_ADDRESS', 'unix:path=/run/user/1000/bus,guid=2ca968c8f5eed33adb47ace566ceb1f5'), ('XDG_DATA_DIRS', '/usr/share/ubuntu:/usr/share/gnome:/usr/local/share/:/usr/share/:/var/lib/snapd/desktop'), ('PYTHONPATH', '/home/fwd/ros2_ws/install/ardupilot_dds_tests/lib/python3.10/site-packages:/home/fwd/ros2_ws/install/ardupilot_sitl/local/lib/python3.10/dist-packages:/home/fwd/ros2_ws/install/ardupilot_msgs/local/lib/python3.10/dist-packages:/home/fwd/ros2_ws/install/F450_description/lib/python3.10/site-packages:/opt/ros/humble/lib/python3.10/site-packages:/opt/ros/humble/local/lib/python3.10/dist-packages'), ('COLCON', '1'), ('VTE_VERSION', '6800'), ('CMAKE_PREFIX_PATH', '/home/fwd/ros2_ws/install/sdformat_test_files:/home/fwd/ros2_ws/install/ardupilot_sitl:/home/fwd/ros2_ws/install/micro_ros_agent:/home/fwd/ros2_ws/install/ardupilot_msgs:/home/fwd/ros2_ws/install/ardupilot_gz_description:/home/fwd/ros2_ws/install/sampleurdf:/home/fwd/ros2_ws/install/my_first_pkg:/home/fwd/install/sampleurdf')]), 'shell': False}
[0.099609] (-) TimerEvent: {}
[0.167662] (F450_description) StderrLine: {'line': b'\x1b[0mBuilding F450_description as an `ament_cmake` project.\x1b[0m\n'}
[0.172824] (F450_description) StdoutLine: {'line': b'-- Looking for gz-common5 -- found version 5.6.0\n'}
[0.173204] (F450_description) StdoutLine: {'line': b'-- Searching for dependencies of gz-common5\n'}
[0.173580] (F450_description) StdoutLine: {'line': b'-- Looking for gz-utils2 -- found version 2.2.0\n'}
[0.174023] (F450_description) StdoutLine: {'line': b'-- Searching for dependencies of gz-utils2\n'}
[0.174542] (F450_description) StdoutLine: {'line': b'-- Looking for dlfcn.h - found\n'}
[0.174629] (F450_description) StdoutLine: {'line': b'-- Looking for libdl - found\n'}
[0.179849] (F450_description) StdoutLine: {'line': b"-- Checking for module 'uuid'\n"}
[0.190211] (F450_description) StdoutLine: {'line': b'--   Found uuid, version 2.37.2\n'}
[0.199727] (-) TimerEvent: {}
[0.215809] (F450_description) StdoutLine: {'line': b'-- Looking for gz-common5 - found\n'}
[0.215943] (F450_description) StdoutLine: {'line': b'\n'}
[0.216372] (F450_description) StdoutLine: {'line': b'-- Looking for gz-rendering8 -- found version 8.2.0\n'}
[0.216737] (F450_description) StdoutLine: {'line': b'-- Searching for dependencies of gz-rendering8\n'}
[0.217040] (F450_description) StdoutLine: {'line': b'-- Looking for gz-math7 -- found version 7.5.1\n'}
[0.217389] (F450_description) StdoutLine: {'line': b'-- Searching for dependencies of gz-math7\n'}
[0.217710] (F450_description) StdoutLine: {'line': b'-- Looking for gz-utils2 -- found version 2.2.0\n'}
[0.218109] (F450_description) StdoutLine: {'line': b'-- Searching for <gz-math7> component [eigen3]\n'}
[0.218441] (F450_description) StdoutLine: {'line': b'-- Looking for gz-math7-eigen3 -- found version 7.5.1\n'}
[0.218905] (F450_description) StdoutLine: {'line': b'-- Searching for dependencies of gz-math7-eigen3\n'}
[0.220119] (F450_description) StdoutLine: {'line': b'-- Looking for gz-common5 -- found version 5.6.0\n'}
[0.220462] (F450_description) StdoutLine: {'line': b'-- Searching for dependencies of gz-common5\n'}
[0.220855] (F450_description) StdoutLine: {'line': b'-- Looking for gz-utils2 -- found version 2.2.0\n'}
[0.220959] (F450_description) StdoutLine: {'line': b'-- Looking for dlfcn.h - found\n'}
[0.221028] (F450_description) StdoutLine: {'line': b'-- Looking for libdl - found\n'}
[0.227528] (F450_description) StdoutLine: {'line': b'-- Searching for <gz-common5> component [graphics]\n'}
[0.227870] (F450_description) StdoutLine: {'line': b'-- Looking for gz-common5-graphics -- found version 5.6.0\n'}
[0.228283] (F450_description) StdoutLine: {'line': b'-- Searching for dependencies of gz-common5-graphics\n'}
[0.228628] (F450_description) StdoutLine: {'line': b'-- Looking for gz-math7 -- found version 7.5.1\n'}
[0.231177] (F450_description) StdoutLine: {'line': b'-- Searching for <gz-common5> component [events]\n'}
[0.231482] (F450_description) StdoutLine: {'line': b'-- Looking for gz-common5-events -- found version 5.6.0\n'}
[0.231878] (F450_description) StdoutLine: {'line': b'-- Searching for dependencies of gz-common5-events\n'}
[0.232160] (F450_description) StdoutLine: {'line': b'-- Looking for gz-math7 -- found version 7.5.1\n'}
[0.232551] (F450_description) StdoutLine: {'line': b'-- Searching for <gz-common5> component [geospatial]\n'}
[0.232847] (F450_description) StdoutLine: {'line': b'-- Looking for gz-common5-geospatial -- found version 5.6.0\n'}
[0.233224] (F450_description) StdoutLine: {'line': b'-- Searching for dependencies of gz-common5-geospatial\n'}
[0.233564] (F450_description) StdoutLine: {'line': b'-- Looking for gz-math7 -- found version 7.5.1\n'}
[0.233906] (F450_description) StdoutLine: {'line': b'-- Looking for gz-common5 -- found version 5.6.0\n'}
[0.234696] (F450_description) StdoutLine: {'line': b'-- Looking for gz-plugin2 -- found version 2.0.3\n'}
[0.235059] (F450_description) StdoutLine: {'line': b'-- Searching for dependencies of gz-plugin2\n'}
[0.235345] (F450_description) StdoutLine: {'line': b'-- Looking for gz-utils2 -- found version 2.2.0\n'}
[0.235723] (F450_description) StdoutLine: {'line': b'-- Searching for dependencies of gz-utils2\n'}
[0.235886] (F450_description) StdoutLine: {'line': b'-- Searching for <gz-utils2> component [cli]\n'}
[0.236082] (F450_description) StdoutLine: {'line': b'-- Looking for gz-utils2-cli -- found version 2.2.0\n'}
[0.236528] (F450_description) StdoutLine: {'line': b'-- Searching for dependencies of gz-utils2-cli\n'}
[0.237214] (F450_description) StdoutLine: {'line': b'-- Searching for <gz-plugin2> component [all]\n'}
[0.237426] (F450_description) StdoutLine: {'line': b'-- Looking for all libraries of gz-plugin2 -- found version 2.0.3\n'}
[0.237965] (F450_description) StdoutLine: {'line': b'-- Looking for gz-plugin2 -- found version 2.0.3\n'}
[0.238271] (F450_description) StdoutLine: {'line': b'-- Looking for gz-plugin2-loader -- found version 2.0.3\n'}
[0.238712] (F450_description) StdoutLine: {'line': b'-- Searching for dependencies of gz-plugin2-loader\n'}
[0.239600] (F450_description) StdoutLine: {'line': b'-- Looking for gz-plugin2-register -- found version 2.0.3\n'}
[0.240148] (F450_description) StdoutLine: {'line': b'-- Searching for dependencies of gz-plugin2-register\n'}
[0.241380] (F450_description) StdoutLine: {'line': b'-- Looking for gz-utils2 -- found version 2.2.0\n'}
[0.243624] (F450_description) StdoutLine: {'line': b'-- Looking for gz-rendering8 - found\n'}
[0.243711] (F450_description) StdoutLine: {'line': b'\n'}
[0.244348] (F450_description) StdoutLine: {'line': b'-- Looking for gz-sim8 -- found version 8.6.0\n'}
[0.244975] (F450_description) StdoutLine: {'line': b'-- Searching for dependencies of gz-sim8\n'}
[0.245435] (F450_description) StdoutLine: {'line': b'-- Looking for sdformat14 -- found version 14.5.0\n'}
[0.245979] (F450_description) StdoutLine: {'line': b'-- Searching for dependencies of sdformat14\n'}
[0.250829] (F450_description) StdoutLine: {'line': b"-- Checking for module 'tinyxml2'\n"}
[0.263627] (F450_description) StdoutLine: {'line': b'--   Found tinyxml2, version 9.0.0\n'}
[0.299861] (-) TimerEvent: {}
[0.304275] (F450_description) StdoutLine: {'line': b'-- Looking for gz-math7 -- found version 7.5.1\n'}
[0.305162] (F450_description) StdoutLine: {'line': b'-- Looking for gz-utils2 -- found version 2.2.0\n'}
[0.306983] (F450_description) StdoutLine: {'line': b'-- Looking for gz-plugin2 -- found version 2.0.3\n'}
[0.307813] (F450_description) StdoutLine: {'line': b'-- Looking for gz-transport13 -- found version 13.4.0\n'}
[0.308774] (F450_description) StdoutLine: {'line': b'-- Searching for dependencies of gz-transport13\n'}
[0.362900] (F450_description) StdoutLine: {'line': b'-- Config-file not installed for ZeroMQ -- checking for pkg-config\n'}
[0.369934] (F450_description) StdoutLine: {'line': b"-- Checking for module 'libzmq >= 4'\n"}
[0.388550] (F450_description) StdoutLine: {'line': b'--   Found libzmq , version 4.3.4\n'}
[0.399985] (-) TimerEvent: {}
[0.447468] (F450_description) StdoutLine: {'line': b'-- Looking for gz-utils2 -- found version 2.2.0\n'}
[0.448008] (F450_description) StdoutLine: {'line': b'-- Looking for gz-msgs10 -- found version 10.3.0\n'}
[0.448745] (F450_description) StdoutLine: {'line': b'-- Searching for dependencies of gz-msgs10\n'}
[0.480917] (F450_description) StdoutLine: {'line': b'-- Looking for gz-utils2 -- found version 2.2.0\n'}
[0.481464] (F450_description) StdoutLine: {'line': b'-- Looking for gz-math7 -- found version 7.5.1\n'}
[0.500090] (-) TimerEvent: {}
[0.558371] (F450_description) StdoutLine: {'line': b'-- Searching for <gz-transport13> component [log]\n'}
[0.558688] (F450_description) StdoutLine: {'line': b'-- Looking for gz-transport13-log -- found version 13.4.0\n'}
[0.559109] (F450_description) StdoutLine: {'line': b'-- Searching for dependencies of gz-transport13-log\n'}
[0.559545] (F450_description) StdoutLine: {'line': b'-- Searching for <gz-transport13> component [parameters]\n'}
[0.559824] (F450_description) StdoutLine: {'line': b'-- Looking for gz-transport13-parameters -- found version 13.4.0\n'}
[0.560213] (F450_description) StdoutLine: {'line': b'-- Searching for dependencies of gz-transport13-parameters\n'}
[0.561031] (F450_description) StdoutLine: {'line': b'-- Looking for gz-msgs10 -- found version 10.3.0\n'}
[0.561315] (F450_description) StdoutLine: {'line': b'-- Looking for gz-common5 -- found version 5.6.0\n'}
[0.561721] (F450_description) StdoutLine: {'line': b'-- Searching for dependencies of gz-common5\n'}
[0.562033] (F450_description) StdoutLine: {'line': b'-- Looking for gz-utils2 -- found version 2.2.0\n'}
[0.562155] (F450_description) StdoutLine: {'line': b'-- Looking for dlfcn.h - found\n'}
[0.562250] (F450_description) StdoutLine: {'line': b'-- Looking for libdl - found\n'}
[0.568900] (F450_description) StdoutLine: {'line': b'-- Searching for <gz-common5> component [av]\n'}
[0.569178] (F450_description) StdoutLine: {'line': b'-- Looking for gz-common5-av -- found version 5.6.0\n'}
[0.569639] (F450_description) StdoutLine: {'line': b'-- Searching for dependencies of gz-common5-av\n'}
[0.574024] (F450_description) StdoutLine: {'line': b"-- Checking for module 'libswscale'\n"}
[0.585100] (F450_description) StdoutLine: {'line': b'--   Found libswscale, version 5.9.100\n'}
[0.600223] (-) TimerEvent: {}
[0.617002] (F450_description) StdoutLine: {'line': b"-- Checking for module 'libavdevice >= 56.4.100'\n"}
[0.628421] (F450_description) StdoutLine: {'line': b'--   Found libavdevice , version 58.13.100\n'}
[0.665962] (F450_description) StdoutLine: {'line': b"-- Checking for module 'libavformat'\n"}
[0.677782] (F450_description) StdoutLine: {'line': b'--   Found libavformat, version 58.76.100\n'}
[0.700315] (-) TimerEvent: {}
[0.717802] (F450_description) StdoutLine: {'line': b"-- Checking for module 'libavcodec'\n"}
[0.735153] (F450_description) StdoutLine: {'line': b'--   Found libavcodec, version 58.134.100\n'}
[0.788731] (F450_description) StdoutLine: {'line': b"-- Checking for module 'libavutil'\n"}
[0.800409] (-) TimerEvent: {}
[0.806774] (F450_description) StdoutLine: {'line': b'--   Found libavutil, version 56.70.100\n'}
[0.851740] (F450_description) StdoutLine: {'line': b'-- Searching for <gz-common5> component [events]\n'}
[0.852206] (F450_description) StdoutLine: {'line': b'-- Searching for <gz-common5> component [graphics]\n'}
[0.852842] (F450_description) StdoutLine: {'line': b'-- Searching for <gz-common5> component [io]\n'}
[0.853339] (F450_description) StdoutLine: {'line': b'-- Looking for gz-common5-io -- found version 5.6.0\n'}
[0.854120] (F450_description) StdoutLine: {'line': b'-- Searching for dependencies of gz-common5-io\n'}
[0.854822] (F450_description) StdoutLine: {'line': b'-- Searching for <gz-common5> component [profiler]\n'}
[0.855372] (F450_description) StdoutLine: {'line': b'-- Looking for gz-common5-profiler -- found version 5.6.0\n'}
[0.856315] (F450_description) StdoutLine: {'line': b'-- Searching for dependencies of gz-common5-profiler\n'}
[0.857804] (F450_description) StdoutLine: {'line': b'-- Looking for gz-fuel_tools9 -- found version 9.1.0\n'}
[0.858385] (F450_description) StdoutLine: {'line': b'-- Searching for dependencies of gz-fuel_tools9\n'}
[0.900546] (-) TimerEvent: {}
[0.932878] (F450_description) StdoutLine: {'line': b"-- Checking for module 'jsoncpp'\n"}
[0.955954] (F450_description) StdoutLine: {'line': b'--   Found jsoncpp, version 1.9.5\n'}
[1.000684] (-) TimerEvent: {}
[1.019029] (F450_description) StdoutLine: {'line': b"-- Checking for module 'libzip'\n"}
[1.034284] (F450_description) StdoutLine: {'line': b'--   Found libzip, version 1.7.3\n'}
[1.069710] (F450_description) StdoutLine: {'line': b'-- Looking for gz-utils2 -- found version 2.2.0\n'}
[1.070195] (F450_description) StdoutLine: {'line': b'-- Looking for gz-common5 -- found version 5.6.0\n'}
[1.070816] (F450_description) StdoutLine: {'line': b'-- Searching for dependencies of gz-common5\n'}
[1.071198] (F450_description) StdoutLine: {'line': b'-- Looking for gz-utils2 -- found version 2.2.0\n'}
[1.071407] (F450_description) StdoutLine: {'line': b'-- Looking for dlfcn.h - found\n'}
[1.071488] (F450_description) StdoutLine: {'line': b'-- Looking for libdl - found\n'}
[1.079571] (F450_description) StdoutLine: {'line': b'-- Searching for <gz-common5> component [testing]\n'}
[1.079875] (F450_description) StdoutLine: {'line': b'-- Looking for gz-common5-testing -- found version 5.6.0\n'}
[1.080370] (F450_description) StdoutLine: {'line': b'-- Searching for dependencies of gz-common5-testing\n'}
[1.081114] (F450_description) StdoutLine: {'line': b'-- Looking for gz-math7 -- found version 7.5.1\n'}
[1.081457] (F450_description) StdoutLine: {'line': b'-- Looking for gz-msgs10 -- found version 10.3.0\n'}
[1.082280] (F450_description) StdoutLine: {'line': b'-- Looking for gz-gui8 -- found version 8.3.0\n'}
[1.082694] (F450_description) StdoutLine: {'line': b'-- Searching for dependencies of gz-gui8\n'}
[1.100791] (-) TimerEvent: {}
[1.110227] (F450_description) StdoutLine: {'line': b'-- Looking for gz-utils2 -- found version 2.2.0\n'}
[1.110676] (F450_description) StdoutLine: {'line': b'-- Looking for gz-math7 -- found version 7.5.1\n'}
[1.111236] (F450_description) StdoutLine: {'line': b'-- Looking for gz-common5 -- found version 5.6.0\n'}
[1.111773] (F450_description) StdoutLine: {'line': b'-- Looking for gz-plugin2 -- found version 2.0.3\n'}
[1.112270] (F450_description) StdoutLine: {'line': b'-- Looking for gz-transport13 -- found version 13.4.0\n'}
[1.112789] (F450_description) StdoutLine: {'line': b'-- Looking for gz-rendering8 -- found version 8.2.0\n'}
[1.113358] (F450_description) StdoutLine: {'line': b'-- Looking for gz-msgs10 -- found version 10.3.0\n'}
[1.133406] (F450_description) StdoutLine: {'line': b'-- Looking for gz-physics7 -- found version 7.3.0\n'}
[1.134019] (F450_description) StdoutLine: {'line': b'-- Searching for dependencies of gz-physics7\n'}
[1.134428] (F450_description) StdoutLine: {'line': b'-- Looking for gz-common5 -- found version 5.6.0\n'}
[1.134819] (F450_description) StdoutLine: {'line': b'-- Looking for gz-math7 -- found version 7.5.1\n'}
[1.135164] (F450_description) StdoutLine: {'line': b'-- Looking for gz-plugin2 -- found version 2.0.3\n'}
[1.135520] (F450_description) StdoutLine: {'line': b'-- Looking for gz-utils2 -- found version 2.2.0\n'}
[1.136836] (F450_description) StdoutLine: {'line': b'-- Searching for <gz-physics7> component [heightmap]\n'}
[1.137144] (F450_description) StdoutLine: {'line': b'-- Looking for gz-physics7-heightmap -- found version 7.3.0\n'}
[1.137765] (F450_description) StdoutLine: {'line': b'-- Searching for dependencies of gz-physics7-heightmap\n'}
[1.138251] (F450_description) StdoutLine: {'line': b'-- Looking for gz-common5 -- found version 5.6.0\n'}
[1.138848] (F450_description) StdoutLine: {'line': b'-- Searching for <gz-physics7> component [mesh]\n'}
[1.139324] (F450_description) StdoutLine: {'line': b'-- Looking for gz-physics7-mesh -- found version 7.3.0\n'}
[1.139979] (F450_description) StdoutLine: {'line': b'-- Searching for dependencies of gz-physics7-mesh\n'}
[1.140454] (F450_description) StdoutLine: {'line': b'-- Looking for gz-common5 -- found version 5.6.0\n'}
[1.141082] (F450_description) StdoutLine: {'line': b'-- Searching for <gz-physics7> component [sdf]\n'}
[1.141546] (F450_description) StdoutLine: {'line': b'-- Looking for gz-physics7-sdf -- found version 7.3.0\n'}
[1.142140] (F450_description) StdoutLine: {'line': b'-- Searching for dependencies of gz-physics7-sdf\n'}
[1.142658] (F450_description) StdoutLine: {'line': b'-- Looking for sdformat14 -- found version 14.5.0\n'}
[1.143881] (F450_description) StdoutLine: {'line': b'-- Looking for gz-sensors8 -- found version 8.2.0\n'}
[1.144496] (F450_description) StdoutLine: {'line': b'-- Searching for dependencies of gz-sensors8\n'}
[1.165681] (F450_description) StdoutLine: {'line': b'-- Looking for gz-math7 -- found version 7.5.1\n'}
[1.166676] (F450_description) StdoutLine: {'line': b'-- Looking for gz-common5 -- found version 5.6.0\n'}
[1.166917] (F450_description) StdoutLine: {'line': b'-- Looking for gz-transport13 -- found version 13.4.0\n'}
[1.167417] (F450_description) StdoutLine: {'line': b'-- Looking for gz-rendering8 -- found version 8.2.0\n'}
[1.168056] (F450_description) StdoutLine: {'line': b'-- Looking for gz-msgs10 -- found version 10.3.0\n'}
[1.168576] (F450_description) StdoutLine: {'line': b'-- Looking for sdformat14 -- found version 14.5.0\n'}
[1.170073] (F450_description) StdoutLine: {'line': b'-- Searching for <gz-sensors8> component [air_pressure]\n'}
[1.170343] (F450_description) StdoutLine: {'line': b'-- Looking for gz-sensors8-air_pressure -- found version 8.2.0\n'}
[1.170820] (F450_description) StdoutLine: {'line': b'-- Searching for dependencies of gz-sensors8-air_pressure\n'}
[1.171530] (F450_description) StdoutLine: {'line': b'-- Searching for <gz-sensors8> component [air_speed]\n'}
[1.172715] (F450_description) StdoutLine: {'line': b'-- Looking for gz-sensors8-air_speed -- found version 8.2.0\n'}
[1.172968] (F450_description) StdoutLine: {'line': b'-- Searching for dependencies of gz-sensors8-air_speed\n'}
[1.173416] (F450_description) StdoutLine: {'line': b'-- Searching for <gz-sensors8> component [altimeter]\n'}
[1.173912] (F450_description) StdoutLine: {'line': b'-- Looking for gz-sensors8-altimeter -- found version 8.2.0\n'}
[1.175321] (F450_description) StdoutLine: {'line': b'-- Searching for dependencies of gz-sensors8-altimeter\n'}
[1.175521] (F450_description) StdoutLine: {'line': b'-- Searching for <gz-sensors8> component [imu]\n'}
[1.177716] (F450_description) StdoutLine: {'line': b'-- Looking for gz-sensors8-imu -- found version 8.2.0\n'}
[1.177921] (F450_description) StdoutLine: {'line': b'-- Searching for dependencies of gz-sensors8-imu\n'}
[1.178027] (F450_description) StdoutLine: {'line': b'-- Searching for <gz-sensors8> component [force_torque]\n'}
[1.178471] (F450_description) StdoutLine: {'line': b'-- Looking for gz-sensors8-force_torque -- found version 8.2.0\n'}
[1.178621] (F450_description) StdoutLine: {'line': b'-- Searching for dependencies of gz-sensors8-force_torque\n'}
[1.179211] (F450_description) StdoutLine: {'line': b'-- Searching for <gz-sensors8> component [logical_camera]\n'}
[1.179744] (F450_description) StdoutLine: {'line': b'-- Looking for gz-sensors8-logical_camera -- found version 8.2.0\n'}
[1.180412] (F450_description) StdoutLine: {'line': b'-- Searching for dependencies of gz-sensors8-logical_camera\n'}
[1.181157] (F450_description) StdoutLine: {'line': b'-- Searching for <gz-sensors8> component [magnetometer]\n'}
[1.181706] (F450_description) StdoutLine: {'line': b'-- Looking for gz-sensors8-magnetometer -- found version 8.2.0\n'}
[1.182440] (F450_description) StdoutLine: {'line': b'-- Searching for dependencies of gz-sensors8-magnetometer\n'}
[1.186015] (F450_description) StdoutLine: {'line': b'-- Searching for <gz-sensors8> component [navsat]\n'}
[1.186226] (F450_description) StdoutLine: {'line': b'-- Looking for gz-sensors8-navsat -- found version 8.2.0\n'}
[1.186339] (F450_description) StdoutLine: {'line': b'-- Searching for dependencies of gz-sensors8-navsat\n'}
[1.186432] (F450_description) StdoutLine: {'line': b'-- Searching for <gz-sensors8> component [dvl]\n'}
[1.186525] (F450_description) StdoutLine: {'line': b'-- Looking for gz-sensors8-dvl -- found version 8.2.0\n'}
[1.186940] (F450_description) StdoutLine: {'line': b'-- Searching for dependencies of gz-sensors8-dvl\n'}
[1.187123] (F450_description) StdoutLine: {'line': b'-- Looking for gz-sensors8 -- found version 8.2.0\n'}
[1.187691] (F450_description) StdoutLine: {'line': b'-- Searching for dependencies of gz-sensors8\n'}
[1.200894] (-) TimerEvent: {}
[1.215250] (F450_description) StdoutLine: {'line': b'-- Looking for gz-math7 -- found version 7.5.1\n'}
[1.215733] (F450_description) StdoutLine: {'line': b'-- Looking for gz-common5 -- found version 5.6.0\n'}
[1.216323] (F450_description) StdoutLine: {'line': b'-- Looking for gz-transport13 -- found version 13.4.0\n'}
[1.216942] (F450_description) StdoutLine: {'line': b'-- Looking for gz-rendering8 -- found version 8.2.0\n'}
[1.217456] (F450_description) StdoutLine: {'line': b'-- Looking for gz-msgs10 -- found version 10.3.0\n'}
[1.218078] (F450_description) StdoutLine: {'line': b'-- Looking for sdformat14 -- found version 14.5.0\n'}
[1.218401] (F450_description) StdoutLine: {'line': b'-- Searching for <gz-sensors8> component [rendering]\n'}
[1.219004] (F450_description) StdoutLine: {'line': b'-- Looking for gz-sensors8-rendering -- found version 8.2.0\n'}
[1.219797] (F450_description) StdoutLine: {'line': b'-- Searching for dependencies of gz-sensors8-rendering\n'}
[1.221458] (F450_description) StdoutLine: {'line': b'-- Searching for <gz-sensors8> component [rendering]\n'}
[1.222022] (F450_description) StdoutLine: {'line': b'-- Searching for <gz-sensors8> component [lidar]\n'}
[1.222593] (F450_description) StdoutLine: {'line': b'-- Looking for gz-sensors8-lidar -- found version 8.2.0\n'}
[1.223268] (F450_description) StdoutLine: {'line': b'-- Searching for dependencies of gz-sensors8-lidar\n'}
[1.223817] (F450_description) StdoutLine: {'line': b'-- Looking for gz-sensors8 -- found version 8.2.0\n'}
[1.224580] (F450_description) StdoutLine: {'line': b'-- Searching for <gz-sensors8> component [gpu_lidar]\n'}
[1.224980] (F450_description) StdoutLine: {'line': b'-- Looking for gz-sensors8-gpu_lidar -- found version 8.2.0\n'}
[1.225603] (F450_description) StdoutLine: {'line': b'-- Searching for dependencies of gz-sensors8-gpu_lidar\n'}
[1.225994] (F450_description) StdoutLine: {'line': b'-- Looking for gz-sensors8 -- found version 8.2.0\n'}
[1.226672] (F450_description) StdoutLine: {'line': b'-- Searching for <gz-sensors8> component [camera]\n'}
[1.227164] (F450_description) StdoutLine: {'line': b'-- Looking for gz-sensors8-camera -- found version 8.2.0\n'}
[1.227853] (F450_description) StdoutLine: {'line': b'-- Searching for dependencies of gz-sensors8-camera\n'}
[1.228385] (F450_description) StdoutLine: {'line': b'-- Looking for gz-sensors8 -- found version 8.2.0\n'}
[1.229170] (F450_description) StdoutLine: {'line': b'-- Searching for <gz-sensors8> component [boundingbox_camera]\n'}
[1.229756] (F450_description) StdoutLine: {'line': b'-- Looking for gz-sensors8-boundingbox_camera -- found version 8.2.0\n'}
[1.230423] (F450_description) StdoutLine: {'line': b'-- Searching for dependencies of gz-sensors8-boundingbox_camera\n'}
[1.231109] (F450_description) StdoutLine: {'line': b'-- Searching for <gz-sensors8> component [segmentation_camera]\n'}
[1.231636] (F450_description) StdoutLine: {'line': b'-- Looking for gz-sensors8-segmentation_camera -- found version 8.2.0\n'}
[1.232263] (F450_description) StdoutLine: {'line': b'-- Searching for dependencies of gz-sensors8-segmentation_camera\n'}
[1.232888] (F450_description) StdoutLine: {'line': b'-- Searching for <gz-sensors8> component [depth_camera]\n'}
[1.233380] (F450_description) StdoutLine: {'line': b'-- Looking for gz-sensors8-depth_camera -- found version 8.2.0\n'}
[1.233774] (F450_description) StdoutLine: {'line': b'-- Searching for dependencies of gz-sensors8-depth_camera\n'}
[1.234058] (F450_description) StdoutLine: {'line': b'-- Looking for gz-sensors8 -- found version 8.2.0\n'}
[1.234607] (F450_description) StdoutLine: {'line': b'-- Searching for <gz-sensors8> component [rgbd_camera]\n'}
[1.234908] (F450_description) StdoutLine: {'line': b'-- Looking for gz-sensors8-rgbd_camera -- found version 8.2.0\n'}
[1.235306] (F450_description) StdoutLine: {'line': b'-- Searching for dependencies of gz-sensors8-rgbd_camera\n'}
[1.235646] (F450_description) StdoutLine: {'line': b'-- Looking for gz-sensors8 -- found version 8.2.0\n'}
[1.236078] (F450_description) StdoutLine: {'line': b'-- Searching for <gz-sensors8> component [thermal_camera]\n'}
[1.236369] (F450_description) StdoutLine: {'line': b'-- Looking for gz-sensors8-thermal_camera -- found version 8.2.0\n'}
[1.236760] (F450_description) StdoutLine: {'line': b'-- Searching for dependencies of gz-sensors8-thermal_camera\n'}
[1.237297] (F450_description) StdoutLine: {'line': b'-- Looking for gz-sensors8 -- found version 8.2.0\n'}
[1.237902] (F450_description) StdoutLine: {'line': b'-- Searching for <gz-sensors8> component [wide_angle_camera]\n'}
[1.238189] (F450_description) StdoutLine: {'line': b'-- Looking for gz-sensors8-wide_angle_camera -- found version 8.2.0\n'}
[1.238696] (F450_description) StdoutLine: {'line': b'-- Searching for dependencies of gz-sensors8-wide_angle_camera\n'}
[1.239542] (F450_description) StdoutLine: {'line': b'-- Looking for gz-rendering8 -- found version 8.2.0\n'}
[1.239839] (F450_description) StdoutLine: {'line': b'-- Looking for gz-math7 -- found version 7.5.1\n'}
[1.240286] (F450_description) StdoutLine: {'line': b'-- Looking for gz-utils2 -- found version 2.2.0\n'}
[1.262751] (F450_description) StdoutLine: {'line': b'-- Looking for gz-sim8 - found\n'}
[1.262904] (F450_description) StdoutLine: {'line': b'\n'}
[1.263030] (F450_description) StdoutLine: {'line': b'-- Compiling against Gazebo Harmonic\n'}
[1.263235] (F450_description) StdoutLine: {'line': b'-- RapidJSON found. Headers: /usr/include\n'}
[1.301021] (-) TimerEvent: {}
[1.353694] (F450_description) StderrLine: {'line': b'WARNING: Package name "F450_description" does not follow the naming conventions. It should start with a lower case letter and only contain lower case letters, digits, underscores, and dashes.\n'}
[1.381477] (F450_description) StdoutLine: {'line': b'-- Configuring done\n'}
[1.401117] (-) TimerEvent: {}
[1.420022] (F450_description) StdoutLine: {'line': b'-- Generating done\n'}
[1.423996] (F450_description) StdoutLine: {'line': b'-- Build files have been written to: /home/fwd/ros2_ws/src/F450_description/build/F450_description\n'}
[1.470149] (F450_description) StdoutLine: {'line': b'\x1b[35m\x1b[1mConsolidate compiler generated dependencies of target GstCameraPlugin\x1b[0m\n'}
[1.470522] (F450_description) StdoutLine: {'line': b'\x1b[35m\x1b[1mConsolidate compiler generated dependencies of target ArduPilotPlugin\x1b[0m\n'}
[1.473002] (F450_description) StdoutLine: {'line': b'\x1b[35m\x1b[1mConsolidate compiler generated dependencies of target ParachutePlugin\x1b[0m\n'}
[1.473467] (F450_description) StdoutLine: {'line': b'\x1b[35m\x1b[1mConsolidate compiler generated dependencies of target CameraZoomPlugin\x1b[0m\n'}
[1.504296] (-) TimerEvent: {}
[1.508584] (F450_description) StdoutLine: {'line': b'[ 10%] \x1b[32mBuilding CXX object CMakeFiles/GstCameraPlugin.dir/src/GstCameraPlugin.cc.o\x1b[0m\n'}
[1.515649] (F450_description) StdoutLine: {'line': b'[ 20%] \x1b[32mBuilding CXX object CMakeFiles/ParachutePlugin.dir/src/ParachutePlugin.cc.o\x1b[0m\n'}
[1.516056] (F450_description) StdoutLine: {'line': b'[ 40%] \x1b[32mBuilding CXX object CMakeFiles/CameraZoomPlugin.dir/src/CameraZoomPlugin.cc.o\x1b[0m\n'}
[1.516334] (F450_description) StdoutLine: {'line': b'[ 40%] \x1b[32mBuilding CXX object CMakeFiles/ArduPilotPlugin.dir/src/ArduPilotPlugin.cc.o\x1b[0m\n'}
[1.519906] (F450_description) StdoutLine: {'line': b'[ 50%] \x1b[32mBuilding CXX object CMakeFiles/ArduPilotPlugin.dir/src/Util.cc.o\x1b[0m\n'}
[1.526037] (F450_description) StdoutLine: {'line': b'[ 60%] \x1b[32mBuilding CXX object CMakeFiles/ArduPilotPlugin.dir/src/SocketUDP.cc.o\x1b[0m\n'}
[1.570347] (F450_description) StdoutLine: {'line': b'[ 70%] \x1b[32m\x1b[1mLinking CXX shared library libCameraZoomPlugin.so\x1b[0m\n'}
[1.571224] (F450_description) StdoutLine: {'line': b'[ 80%] \x1b[32m\x1b[1mLinking CXX shared library libParachutePlugin.so\x1b[0m\n'}
[1.576699] (F450_description) StdoutLine: {'line': b'[ 90%] \x1b[32m\x1b[1mLinking CXX shared library libGstCameraPlugin.so\x1b[0m\n'}
[1.577956] (F450_description) StdoutLine: {'line': b'[100%] \x1b[32m\x1b[1mLinking CXX shared library libArduPilotPlugin.so\x1b[0m\n'}
[1.607309] (-) TimerEvent: {}
[1.707698] (-) TimerEvent: {}
[1.808016] (-) TimerEvent: {}
[1.908301] (-) TimerEvent: {}
[2.008662] (-) TimerEvent: {}
[2.071795] (F450_description) StdoutLine: {'line': b'[100%] Built target CameraZoomPlugin\n'}
[2.094793] (F450_description) StdoutLine: {'line': b'[100%] Built target ParachutePlugin\n'}
[2.108764] (-) TimerEvent: {}
[2.148309] (F450_description) StdoutLine: {'line': b'[100%] Built target GstCameraPlugin\n'}
[2.208881] (-) TimerEvent: {}
[2.302846] (F450_description) StdoutLine: {'line': b'[100%] Built target ArduPilotPlugin\n'}
[2.308991] (-) TimerEvent: {}
[2.319841] (F450_description) CommandEnded: {'returncode': 0}
[2.383938] (F450_description) JobProgress: {'identifier': 'F450_description', 'progress': 'install'}
[2.397249] (F450_description) Command: {'cmd': ['/usr/bin/cmake', '--install', '/home/fwd/ros2_ws/src/F450_description/build/F450_description'], 'cwd': '/home/fwd/ros2_ws/src/F450_description/build/F450_description', 'env': OrderedDict([('GZ_SIM_RESOURCE_PATH', '/home/fwd/ros2_ws/install/ardupilot_gz_description/share/ardupilot_gz_description/models:/home/fwd/ros2_ws/install/ardupilot_gz_description/share'), ('LANGUAGE', 'en_IN:en'), ('USER', 'fwd'), ('XDG_SESSION_TYPE', 'x11'), ('SHLVL', '1'), ('LD_LIBRARY_PATH', '/home/fwd/ros2_ws/install/micro_ros_agent/lib:/home/fwd/ros2_ws/install/ardupilot_msgs/lib:/opt/ros/humble/opt/rviz_ogre_vendor/lib:/opt/ros/humble/lib/x86_64-linux-gnu:/opt/ros/humble/lib'), ('HOME', '/home/fwd'), ('OLDPWD', '/home/fwd/ros2_ws/src/F450_description/urdf'), ('DESKTOP_SESSION', 'ubuntu'), ('ROS_PYTHON_VERSION', '3'), ('GNOME_SHELL_SESSION_MODE', 'ubuntu'), ('GTK_MODULES', 'gail:atk-bridge'), ('DBUS_STARTER_BUS_TYPE', 'session'), ('SYSTEMD_EXEC_PID', '1985'), ('DBUS_SESSION_BUS_ADDRESS', 'unix:path=/run/user/1000/bus,guid=2ca968c8f5eed33adb47ace566ceb1f5'), ('COLORTERM', 'truecolor'), ('COLCON_PREFIX_PATH', '/home/fwd/ros2_ws/install:/home/fwd/install'), ('ROS_DISTRO', 'humble'), ('GTK_IM_MODULE', 'ibus'), ('LOGNAME', 'fwd'), ('_', '/usr/bin/colcon'), ('ROS_VERSION', '2'), ('PKG_CONFIG_PATH', '/home/fwd/ros2_ws/install/sdformat_test_files/lib/x86_64-linux-gnu/pkgconfig:/home/fwd/ros2_ws/install/sdformat_test_files/lib/pkgconfig'), ('XDG_SESSION_CLASS', 'user'), ('USERNAME', 'fwd'), ('TERM', 'xterm-256color'), ('GNOME_DESKTOP_SESSION_ID', 'this-is-deprecated'), ('ROS_LOCALHOST_ONLY', '0'), ('WINDOWPATH', '2'), ('PATH', '/home/fwd/ros2_ws/install/ardupilot_sitl/bin:/usr/lib/ccache:/usr/lib/ccache:/home/fwd/ardupilot/Tools/autotest:/opt/gcc-arm-none-eabi-10-2020-q4-major/bin:/home/fwd/.local/bin:/opt/ros/humble/bin:/usr/lib/ccache:/usr/local/sbin:/usr/local/bin:/usr/sbin:/usr/bin:/sbin:/bin:/usr/games:/usr/local/games:/snap/bin:/snap/bin:/home/fwd/ardupilot/Tools/autotest:/home/fwd/ardupilot/Tools/autotest:/home/fwd/ros2_ws/Micro-XRCE-DDS-Gen/scripts'), ('SESSION_MANAGER', 'local/fwd:@/tmp/.ICE-unix/1985,unix/fwd:/tmp/.ICE-unix/1985'), ('XDG_MENU_PREFIX', 'gnome-'), ('GNOME_TERMINAL_SCREEN', '/org/gnome/Terminal/screen/7de5ee3d_9541_4e36_b5ea_d1306179cfa7'), ('XDG_RUNTIME_DIR', '/run/user/1000'), ('DISPLAY', ':0'), ('LANG', 'en_US.UTF-8'), ('XDG_CURRENT_DESKTOP', 'ubuntu:GNOME'), ('XMODIFIERS', '@im=ibus'), ('XDG_SESSION_DESKTOP', 'ubuntu'), ('XAUTHORITY', '/run/user/1000/gdm/Xauthority'), ('GNOME_TERMINAL_SERVICE', ':1.95'), ('SSH_AGENT_LAUNCHER', 'gnome-keyring'), ('SSH_AUTH_SOCK', '/run/user/1000/keyring/ssh'), ('AMENT_PREFIX_PATH', '/home/fwd/ros2_ws/install/ardupilot_dds_tests:/home/fwd/ros2_ws/install/ardupilot_sitl:/home/fwd/ros2_ws/install/micro_ros_agent:/home/fwd/ros2_ws/install/ardupilot_msgs:/home/fwd/ros2_ws/install/ardupilot_gz_description:/home/fwd/ros2_ws/install/sampleurdf:/home/fwd/ros2_ws/install/my_first_pkg:/home/fwd/ros2_ws/install/F450_description:/home/fwd/install/sampleurdf:/opt/ros/humble'), ('SHELL', '/bin/bash'), ('QT_ACCESSIBILITY', '1'), ('GDMSESSION', 'ubuntu'), ('GPG_AGENT_INFO', '/run/user/1000/gnupg/S.gpg-agent:0:1'), ('GZ_VERSION', 'harmonic'), ('QT_IM_MODULE', 'ibus'), ('PWD', '/home/fwd/ros2_ws/src/F450_description/build/F450_description'), ('LC_ALL', 'en_US.UTF-8'), ('XDG_CONFIG_DIRS', '/etc/xdg/xdg-ubuntu:/etc/xdg'), ('DBUS_STARTER_ADDRESS', 'unix:path=/run/user/1000/bus,guid=2ca968c8f5eed33adb47ace566ceb1f5'), ('XDG_DATA_DIRS', '/usr/share/ubuntu:/usr/share/gnome:/usr/local/share/:/usr/share/:/var/lib/snapd/desktop'), ('PYTHONPATH', '/home/fwd/ros2_ws/install/ardupilot_dds_tests/lib/python3.10/site-packages:/home/fwd/ros2_ws/install/ardupilot_sitl/local/lib/python3.10/dist-packages:/home/fwd/ros2_ws/install/ardupilot_msgs/local/lib/python3.10/dist-packages:/home/fwd/ros2_ws/install/F450_description/lib/python3.10/site-packages:/opt/ros/humble/lib/python3.10/site-packages:/opt/ros/humble/local/lib/python3.10/dist-packages'), ('COLCON', '1'), ('VTE_VERSION', '6800'), ('CMAKE_PREFIX_PATH', '/home/fwd/ros2_ws/install/sdformat_test_files:/home/fwd/ros2_ws/install/ardupilot_sitl:/home/fwd/ros2_ws/install/micro_ros_agent:/home/fwd/ros2_ws/install/ardupilot_msgs:/home/fwd/ros2_ws/install/ardupilot_gz_description:/home/fwd/ros2_ws/install/sampleurdf:/home/fwd/ros2_ws/install/my_first_pkg:/home/fwd/install/sampleurdf')]), 'shell': False}
[2.409104] (-) TimerEvent: {}
[2.409480] (F450_description) StdoutLine: {'line': b'-- Install configuration: ""\n'}
[2.412453] (F450_description) StdoutLine: {'line': b'-- Installing: /home/fwd/ros2_ws/src/F450_description/install/F450_description/lib/F450_description/libArduPilotPlugin.so\n'}
[2.418948] (F450_description) StdoutLine: {'line': b'-- Installing: /home/fwd/ros2_ws/src/F450_description/install/F450_description/lib/F450_description/libParachutePlugin.so\n'}
[2.423358] (F450_description) StdoutLine: {'line': b'-- Installing: /home/fwd/ros2_ws/src/F450_description/install/F450_description/lib/F450_description/libCameraZoomPlugin.so\n'}
[2.428734] (F450_description) StdoutLine: {'line': b'-- Installing: /home/fwd/ros2_ws/src/F450_description/install/F450_description/lib/F450_description/libGstCameraPlugin.so\n'}
[2.431771] (F450_description) StdoutLine: {'line': b'-- Up-to-date: /home/fwd/ros2_ws/src/F450_description/install/F450_description/share/F450_description/config\n'}
[2.432153] (F450_description) StdoutLine: {'line': b'-- Up-to-date: /home/fwd/ros2_ws/src/F450_description/install/F450_description/share/F450_description/config/display.rviz\n'}
[2.432503] (F450_description) StdoutLine: {'line': b'-- Up-to-date: /home/fwd/ros2_ws/src/F450_description/install/F450_description/share/F450_description/models\n'}
[2.432780] (F450_description) StdoutLine: {'line': b'-- Up-to-date: /home/fwd/ros2_ws/src/F450_description/install/F450_description/share/F450_description/worlds\n'}
[2.433003] (F450_description) StdoutLine: {'line': b'-- Up-to-date: /home/fwd/ros2_ws/src/F450_description/install/F450_description/share/F450_description/worlds/custom_world.sdf\n'}
[2.433258] (F450_description) StdoutLine: {'line': b'-- Up-to-date: /home/fwd/ros2_ws/src/F450_description/install/F450_description/share/F450_description/environment/F450_description.dsv\n'}
[2.433470] (F450_description) StdoutLine: {'line': b'-- Up-to-date: /home/fwd/ros2_ws/src/F450_description/install/F450_description/share/F450_description/environment/F450_description.sh\n'}
[2.433697] (F450_description) StdoutLine: {'line': b'-- Up-to-date: /home/fwd/ros2_ws/src/F450_description/install/F450_description/share/ament_index/resource_index/package_run_dependencies/F450_description\n'}
[2.433967] (F450_description) StdoutLine: {'line': b'-- Installing: /home/fwd/ros2_ws/src/F450_description/install/F450_description/share/ament_index/resource_index/parent_prefix_path/F450_description\n'}
[2.434240] (F450_description) StdoutLine: {'line': b'-- Up-to-date: /home/fwd/ros2_ws/src/F450_description/install/F450_description/share/F450_description/environment/ament_prefix_path.sh\n'}
[2.434486] (F450_description) StdoutLine: {'line': b'-- Installing: /home/fwd/ros2_ws/src/F450_description/install/F450_description/share/F450_description/environment/ament_prefix_path.dsv\n'}
[2.434728] (F450_description) StdoutLine: {'line': b'-- Up-to-date: /home/fwd/ros2_ws/src/F450_description/install/F450_description/share/F450_description/environment/path.sh\n'}
[2.434918] (F450_description) StdoutLine: {'line': b'-- Installing: /home/fwd/ros2_ws/src/F450_description/install/F450_description/share/F450_description/environment/path.dsv\n'}
[2.435114] (F450_description) StdoutLine: {'line': b'-- Up-to-date: /home/fwd/ros2_ws/src/F450_description/install/F450_description/share/F450_description/local_setup.bash\n'}
[2.435322] (F450_description) StdoutLine: {'line': b'-- Up-to-date: /home/fwd/ros2_ws/src/F450_description/install/F450_description/share/F450_description/local_setup.sh\n'}
[2.435491] (F450_description) StdoutLine: {'line': b'-- Up-to-date: /home/fwd/ros2_ws/src/F450_description/install/F450_description/share/F450_description/local_setup.zsh\n'}
[2.435653] (F450_description) StdoutLine: {'line': b'-- Installing: /home/fwd/ros2_ws/src/F450_description/install/F450_description/share/F450_description/local_setup.dsv\n'}
[2.435815] (F450_description) StdoutLine: {'line': b'-- Installing: /home/fwd/ros2_ws/src/F450_description/install/F450_description/share/F450_description/package.dsv\n'}
[2.436187] (F450_description) StdoutLine: {'line': b'-- Up-to-date: /home/fwd/ros2_ws/src/F450_description/install/F450_description/share/ament_index/resource_index/packages/F450_description\n'}
[2.436421] (F450_description) StdoutLine: {'line': b'-- Up-to-date: /home/fwd/ros2_ws/src/F450_description/install/F450_description/share/F450_description/cmake/F450_descriptionConfig.cmake\n'}
[2.436618] (F450_description) StdoutLine: {'line': b'-- Up-to-date: /home/fwd/ros2_ws/src/F450_description/install/F450_description/share/F450_description/cmake/F450_descriptionConfig-version.cmake\n'}
[2.436825] (F450_description) StdoutLine: {'line': b'-- Up-to-date: /home/fwd/ros2_ws/src/F450_description/install/F450_description/share/F450_description/package.xml\n'}
[2.438132] (F450_description) CommandEnded: {'returncode': 0}
[2.454176] (F450_description) JobEnded: {'identifier': 'F450_description', 'rc': 0}
[2.455383] (-) EventReactorShutdown: {}
