[0.171s] DEBUG:colcon:Command line arguments: ['/usr/bin/colcon', 'build']
[0.172s] DEBUG:colcon:Parsed command line arguments: Namespace(log_base=None, log_level=None, verb_name='build', build_base='build', install_base='install', merge_install=False, symlink_install=False, test_result_base=None, continue_on_error=False, executor='parallel', parallel_workers=8, event_handlers=None, ignore_user_meta=False, metas=['./colcon.meta'], base_paths=['.'], packages_ignore=None, packages_ignore_regex=None, paths=None, packages_up_to=None, packages_up_to_regex=None, packages_above=None, packages_above_and_dependencies=None, packages_above_depth=None, packages_select_by_dep=None, packages_skip_by_dep=None, packages_skip_up_to=None, packages_select_build_failed=False, packages_skip_build_finished=False, packages_select_test_failures=False, packages_skip_test_passed=False, packages_select=None, packages_skip=None, packages_select_regex=None, packages_skip_regex=None, packages_start=None, packages_end=None, allow_overriding=[], cmake_args=None, cmake_target=None, cmake_target_skip_unavailable=False, cmake_clean_cache=False, cmake_clean_first=False, cmake_force_configure=False, ament_cmake_args=None, catkin_cmake_args=None, catkin_skip_building_tests=False, mixin_files=None, mixin=None, verb_parser=<colcon_mixin.mixin.mixin_argument.MixinArgumentDecorator object at 0x799c97e3b370>, verb_extension=<colcon_core.verb.build.BuildVerb object at 0x799c97f70040>, main=<bound method BuildVerb.main of <colcon_core.verb.build.BuildVerb object at 0x799c97f70040>>, mixin_verb=('build',))
[0.233s] Level 1:colcon.colcon_core.package_discovery:discover_packages(colcon_meta) check parameters
[0.234s] Level 1:colcon.colcon_core.package_discovery:discover_packages(recursive) check parameters
[0.234s] Level 1:colcon.colcon_core.package_discovery:discover_packages(ignore) check parameters
[0.234s] Level 1:colcon.colcon_core.package_discovery:discover_packages(path) check parameters
[0.234s] Level 1:colcon.colcon_core.package_discovery:discover_packages(colcon_meta) discover
[0.234s] Level 1:colcon.colcon_core.package_discovery:discover_packages(recursive) discover
[0.234s] INFO:colcon.colcon_core.package_discovery:Crawling recursively for packages in '/home/fwd/ros2_ws/src/F450_description'
[0.234s] Level 1:colcon.colcon_core.package_identification:_identify(.) by extensions ['ignore', 'ignore_ament_install']
[0.235s] Level 1:colcon.colcon_core.package_identification:_identify(.) by extension 'ignore'
[0.235s] Level 1:colcon.colcon_core.package_identification:_identify(.) by extension 'ignore_ament_install'
[0.235s] Level 1:colcon.colcon_core.package_identification:_identify(.) by extensions ['colcon_pkg']
[0.235s] Level 1:colcon.colcon_core.package_identification:_identify(.) by extension 'colcon_pkg'
[0.235s] Level 1:colcon.colcon_core.package_identification:_identify(.) by extensions ['colcon_meta']
[0.235s] Level 1:colcon.colcon_core.package_identification:_identify(.) by extension 'colcon_meta'
[0.235s] Level 1:colcon.colcon_core.package_identification:_identify(.) by extensions ['ros']
[0.235s] Level 1:colcon.colcon_core.package_identification:_identify(.) by extension 'ros'
[0.268s] WARNING:colcon.colcon_core.package_identification:ROS package 'F450_description' in '.' has more than one build type
[0.268s] Level 1:colcon.colcon_core.package_identification:_identify(.) by extensions ['cmake', 'python']
[0.268s] Level 1:colcon.colcon_core.package_identification:_identify(.) by extension 'cmake'
[0.291s] Level 1:colcon.colcon_core.package_identification:_identify(.) by extension 'python'
[0.291s] DEBUG:colcon.colcon_core.package_identification:Python package in '.' passes arguments to the setup() function which requires a different identification extension than 'python'
[0.291s] DEBUG:colcon.colcon_core.package_identification:Package '.' with type 'cmake' and name 'F450_description'
[0.291s] Level 1:colcon.colcon_core.package_discovery:discover_packages(recursive) using defaults
[0.291s] Level 1:colcon.colcon_core.package_discovery:discover_packages(ignore) discover
[0.291s] Level 1:colcon.colcon_core.package_discovery:discover_packages(ignore) using defaults
[0.291s] Level 1:colcon.colcon_core.package_discovery:discover_packages(path) discover
[0.291s] Level 1:colcon.colcon_core.package_discovery:discover_packages(path) using defaults
[0.320s] Level 1:colcon.colcon_core.package_discovery:discover_packages(prefix_path) check parameters
[0.320s] Level 1:colcon.colcon_core.package_discovery:discover_packages(prefix_path) discover
[0.322s] WARNING:colcon.colcon_ros.prefix_path.ament:The path '/home/fwd/ros2_ws/install/sampleurdf' in the environment variable AMENT_PREFIX_PATH doesn't exist
[0.322s] WARNING:colcon.colcon_ros.prefix_path.ament:The path '/home/fwd/ros2_ws/install/my_first_pkg' in the environment variable AMENT_PREFIX_PATH doesn't exist
[0.323s] WARNING:colcon.colcon_ros.prefix_path.catkin:The path '/home/fwd/ros2_ws/install/sampleurdf' in the environment variable CMAKE_PREFIX_PATH doesn't exist
[0.323s] WARNING:colcon.colcon_ros.prefix_path.catkin:The path '/home/fwd/ros2_ws/install/my_first_pkg' in the environment variable CMAKE_PREFIX_PATH doesn't exist
[0.324s] DEBUG:colcon.colcon_installed_package_information.package_discovery:Found 7 installed packages in /home/fwd/ros2_ws/install
[0.325s] DEBUG:colcon.colcon_installed_package_information.package_discovery:Found 1 installed packages in /home/fwd/install
[0.327s] DEBUG:colcon.colcon_installed_package_information.package_discovery:Found 303 installed packages in /opt/ros/humble
[0.329s] Level 1:colcon.colcon_core.package_discovery:discover_packages(prefix_path) using defaults
[0.393s] Level 5:colcon.colcon_core.verb:set package 'F450_description' build argument 'cmake_args' from command line to 'None'
[0.393s] Level 5:colcon.colcon_core.verb:set package 'F450_description' build argument 'cmake_target' from command line to 'None'
[0.393s] Level 5:colcon.colcon_core.verb:set package 'F450_description' build argument 'cmake_target_skip_unavailable' from command line to 'False'
[0.393s] Level 5:colcon.colcon_core.verb:set package 'F450_description' build argument 'cmake_clean_cache' from command line to 'False'
[0.393s] Level 5:colcon.colcon_core.verb:set package 'F450_description' build argument 'cmake_clean_first' from command line to 'False'
[0.393s] Level 5:colcon.colcon_core.verb:set package 'F450_description' build argument 'cmake_force_configure' from command line to 'False'
[0.393s] Level 5:colcon.colcon_core.verb:set package 'F450_description' build argument 'ament_cmake_args' from command line to 'None'
[0.393s] Level 5:colcon.colcon_core.verb:set package 'F450_description' build argument 'catkin_cmake_args' from command line to 'None'
[0.393s] Level 5:colcon.colcon_core.verb:set package 'F450_description' build argument 'catkin_skip_building_tests' from command line to 'False'
[0.393s] DEBUG:colcon.colcon_core.verb:Building package 'F450_description' with the following arguments: {'ament_cmake_args': None, 'build_base': '/home/fwd/ros2_ws/src/F450_description/build/F450_description', 'catkin_cmake_args': None, 'catkin_skip_building_tests': False, 'cmake_args': None, 'cmake_clean_cache': False, 'cmake_clean_first': False, 'cmake_force_configure': False, 'cmake_target': None, 'cmake_target_skip_unavailable': False, 'install_base': '/home/fwd/ros2_ws/src/F450_description/install/F450_description', 'merge_install': False, 'path': '/home/fwd/ros2_ws/src/F450_description', 'symlink_install': False, 'test_result_base': None}
[0.394s] INFO:colcon.colcon_core.executor:Executing jobs using 'parallel' executor
[0.395s] DEBUG:colcon.colcon_parallel_executor.executor.parallel:run_until_complete
[0.396s] INFO:colcon.colcon_cmake.task.cmake.build:Building CMake package in '/home/fwd/ros2_ws/src/F450_description'
[0.398s] INFO:colcon.colcon_core.plugin_system:Skipping extension 'colcon_core.shell.bat': Not used on non-Windows systems
[0.399s] INFO:colcon.colcon_core.shell:Skip shell extension 'powershell' for command environment: Not usable outside of PowerShell
[0.399s] DEBUG:colcon.colcon_core.shell:Skip shell extension 'dsv' for command environment
[0.415s] DEBUG:colcon.colcon_core.event_handler.log_command:Invoking command in '/home/fwd/ros2_ws/src/F450_description/build/F450_description': /usr/bin/cmake --build /home/fwd/ros2_ws/src/F450_description/build/F450_description -- -j8 -l8
[2.716s] DEBUG:colcon.colcon_core.event_handler.log_command:Invoked command in '/home/fwd/ros2_ws/src/F450_description/build/F450_description' returned '0': /usr/bin/cmake --build /home/fwd/ros2_ws/src/F450_description/build/F450_description -- -j8 -l8
[2.793s] DEBUG:colcon.colcon_core.event_handler.log_command:Invoking command in '/home/fwd/ros2_ws/src/F450_description/build/F450_description': /usr/bin/cmake --install /home/fwd/ros2_ws/src/F450_description/build/F450_description
[2.833s] Level 1:colcon.colcon_core.environment:create_environment_scripts_only(F450_description)
[2.834s] DEBUG:colcon.colcon_core.event_handler.log_command:Invoked command in '/home/fwd/ros2_ws/src/F450_description/build/F450_description' returned '0': /usr/bin/cmake --install /home/fwd/ros2_ws/src/F450_description/build/F450_description
[2.837s] Level 1:colcon.colcon_core.environment:checking '/home/fwd/ros2_ws/src/F450_description/install/F450_description' for CMake module files
[2.838s] Level 1:colcon.colcon_core.environment:checking '/home/fwd/ros2_ws/src/F450_description/install/F450_description' for CMake config files
[2.838s] Level 1:colcon.colcon_core.shell:create_environment_hook('F450_description', 'cmake_prefix_path')
[2.839s] INFO:colcon.colcon_core.shell:Creating environment hook '/home/fwd/ros2_ws/src/F450_description/install/F450_description/share/F450_description/hook/cmake_prefix_path.ps1'
[2.839s] INFO:colcon.colcon_core.shell:Creating environment descriptor '/home/fwd/ros2_ws/src/F450_description/install/F450_description/share/F450_description/hook/cmake_prefix_path.dsv'
[2.840s] INFO:colcon.colcon_core.shell:Creating environment hook '/home/fwd/ros2_ws/src/F450_description/install/F450_description/share/F450_description/hook/cmake_prefix_path.sh'
[2.842s] Level 1:colcon.colcon_core.environment:checking '/home/fwd/ros2_ws/src/F450_description/install/F450_description/lib'
[2.842s] Level 1:colcon.colcon_core.environment:checking '/home/fwd/ros2_ws/src/F450_description/install/F450_description/bin'
[2.842s] Level 1:colcon.colcon_core.environment:checking '/home/fwd/ros2_ws/src/F450_description/install/F450_description/lib/pkgconfig/F450_description.pc'
[2.842s] Level 1:colcon.colcon_core.environment:checking '/home/fwd/ros2_ws/src/F450_description/install/F450_description/lib/python3.10/site-packages'
[2.843s] Level 1:colcon.colcon_core.environment:checking '/home/fwd/ros2_ws/src/F450_description/install/F450_description/bin'
[2.843s] INFO:colcon.colcon_core.shell:Creating package script '/home/fwd/ros2_ws/src/F450_description/install/F450_description/share/F450_description/package.ps1'
[2.845s] INFO:colcon.colcon_core.shell:Creating package descriptor '/home/fwd/ros2_ws/src/F450_description/install/F450_description/share/F450_description/package.dsv'
[2.845s] INFO:colcon.colcon_core.shell:Creating package script '/home/fwd/ros2_ws/src/F450_description/install/F450_description/share/F450_description/package.sh'
[2.846s] INFO:colcon.colcon_core.shell:Creating package script '/home/fwd/ros2_ws/src/F450_description/install/F450_description/share/F450_description/package.bash'
[2.847s] INFO:colcon.colcon_core.shell:Creating package script '/home/fwd/ros2_ws/src/F450_description/install/F450_description/share/F450_description/package.zsh'
[2.849s] Level 1:colcon.colcon_core.environment:create_file_with_runtime_dependencies(/home/fwd/ros2_ws/src/F450_description/install/F450_description/share/colcon-core/packages/F450_description)
[2.849s] DEBUG:colcon.colcon_parallel_executor.executor.parallel:closing loop
[2.850s] DEBUG:colcon.colcon_parallel_executor.executor.parallel:loop closed
[2.850s] DEBUG:colcon.colcon_parallel_executor.executor.parallel:run_until_complete finished with '0'
[2.850s] DEBUG:colcon.colcon_core.event_reactor:joining thread
[2.860s] INFO:colcon.colcon_core.plugin_system:Skipping extension 'colcon_notification.desktop_notification.terminal_notifier': Not used on non-Darwin systems
[2.860s] INFO:colcon.colcon_core.plugin_system:Skipping extension 'colcon_notification.desktop_notification.win32': Not used on non-Windows systems
[2.860s] INFO:colcon.colcon_notification.desktop_notification:Sending desktop notification using 'notify2'
[2.897s] DEBUG:colcon.colcon_core.event_reactor:joined thread
[2.897s] INFO:colcon.colcon_core.shell:Creating prefix script '/home/fwd/ros2_ws/src/F450_description/install/local_setup.ps1'
[2.899s] INFO:colcon.colcon_core.shell:Creating prefix util module '/home/fwd/ros2_ws/src/F450_description/install/_local_setup_util_ps1.py'
[2.901s] INFO:colcon.colcon_core.shell:Creating prefix chain script '/home/fwd/ros2_ws/src/F450_description/install/setup.ps1'
[2.903s] INFO:colcon.colcon_core.shell:Creating prefix script '/home/fwd/ros2_ws/src/F450_description/install/local_setup.sh'
[2.903s] INFO:colcon.colcon_core.shell:Creating prefix util module '/home/fwd/ros2_ws/src/F450_description/install/_local_setup_util_sh.py'
[2.904s] INFO:colcon.colcon_core.shell:Creating prefix chain script '/home/fwd/ros2_ws/src/F450_description/install/setup.sh'
[2.906s] INFO:colcon.colcon_core.shell:Creating prefix script '/home/fwd/ros2_ws/src/F450_description/install/local_setup.bash'
[2.907s] INFO:colcon.colcon_core.shell:Creating prefix chain script '/home/fwd/ros2_ws/src/F450_description/install/setup.bash'
[2.908s] INFO:colcon.colcon_core.shell:Creating prefix script '/home/fwd/ros2_ws/src/F450_description/install/local_setup.zsh'
[2.909s] INFO:colcon.colcon_core.shell:Creating prefix chain script '/home/fwd/ros2_ws/src/F450_description/install/setup.zsh'
